Nov 19, 2014 3:39:04 PM org.apache.catalina.core.AprLifecycleListener init
INFO: The APR based Apache Tomcat Native library which allows optimal performance in production environments was not found on the java.library.path: /usr/lib/jvm/java-6-openjdk-amd64/jre/lib/amd64/server:/usr/lib/jvm/java-6-openjdk-amd64/jre/lib/amd64:/usr/lib/jvm/java-6-openjdk-amd64/jre/../lib/amd64:/oracle/lib:/usr/java/packages/lib/amd64:/usr/lib/x86_64-linux-gnu/jni:/lib/x86_64-linux-gnu:/usr/lib/x86_64-linux-gnu:/usr/lib/jni:/lib:/usr/lib
Nov 19, 2014 3:39:04 PM org.apache.coyote.http11.Http11Protocol init
INFO: Initializing Coyote HTTP/1.1 on http-16460
Nov 19, 2014 3:39:04 PM org.apache.catalina.startup.Catalina load
INFO: Initialization processed in 440 ms
Nov 19, 2014 3:39:04 PM org.apache.catalina.core.StandardService start
INFO: Starting service Catalina
Nov 19, 2014 3:39:04 PM org.apache.catalina.core.StandardEngine start
INFO: Starting Servlet Engine: Apache Tomcat/6.0.35
Nov 19, 2014 3:39:04 PM org.apache.catalina.startup.HostConfig deployDirectory
INFO: Deploying web application directory proj1
Nov 19, 2014 3:39:04 PM org.apache.catalina.startup.HostConfig deployDirectory
INFO: Deploying web application directory ROOT
Nov 19, 2014 3:39:05 PM org.apache.coyote.http11.Http11Protocol start
INFO: Starting Coyote HTTP/1.1 on http-16460
Nov 19, 2014 3:39:05 PM org.apache.jk.common.ChannelSocket init
INFO: JK: ajp13 listening on /0.0.0.0:8009
Nov 19, 2014 3:39:05 PM org.apache.jk.server.JkMain start
INFO: Jk running ID=0 time=0/19  config=null
Nov 19, 2014 3:39:05 PM org.apache.catalina.startup.Catalina start
INFO: Server startup in 475 ms
Nov 19, 2014 4:29:05 PM org.apache.catalina.startup.HostConfig checkResources
INFO: Reloading context [/proj1]
Nov 19, 2014 4:30:25 PM org.apache.catalina.startup.HostConfig checkResources
INFO: Reloading context [/proj1]
Nov 19, 2014 4:43:35 PM org.apache.catalina.startup.HostConfig checkResources
INFO: Reloading context [/proj1]
Nov 19, 2014 4:43:55 PM org.apache.catalina.startup.HostConfig checkResources
INFO: Reloading context [/proj1]
Nov 19, 2014 4:48:31 PM org.apache.coyote.http11.Http11Protocol pause
INFO: Pausing Coyote HTTP/1.1 on http-16460
Nov 19, 2014 4:48:32 PM org.apache.catalina.core.StandardService stop
INFO: Stopping service Catalina
Nov 19, 2014 4:48:32 PM org.apache.coyote.http11.Http11Protocol destroy
INFO: Stopping Coyote HTTP/1.1 on http-16460
Nov 19, 2014 4:48:34 PM org.apache.catalina.core.AprLifecycleListener init
INFO: The APR based Apache Tomcat Native library which allows optimal performance in production environments was not found on the java.library.path: /usr/lib/jvm/java-6-openjdk-amd64/jre/lib/amd64/server:/usr/lib/jvm/java-6-openjdk-amd64/jre/lib/amd64:/usr/lib/jvm/java-6-openjdk-amd64/jre/../lib/amd64:/oracle/lib:/usr/java/packages/lib/amd64:/usr/lib/x86_64-linux-gnu/jni:/lib/x86_64-linux-gnu:/usr/lib/x86_64-linux-gnu:/usr/lib/jni:/lib:/usr/lib
Nov 19, 2014 4:48:34 PM org.apache.coyote.http11.Http11Protocol init
INFO: Initializing Coyote HTTP/1.1 on http-16460
Nov 19, 2014 4:48:34 PM org.apache.catalina.startup.Catalina load
INFO: Initialization processed in 330 ms
Nov 19, 2014 4:48:34 PM org.apache.catalina.core.StandardService start
INFO: Starting service Catalina
Nov 19, 2014 4:48:34 PM org.apache.catalina.core.StandardEngine start
INFO: Starting Servlet Engine: Apache Tomcat/6.0.35
Nov 19, 2014 4:48:34 PM org.apache.catalina.startup.HostConfig deployDirectory
INFO: Deploying web application directory proj1
Nov 19, 2014 4:48:34 PM org.apache.catalina.startup.HostConfig deployDirectory
INFO: Deploying web application directory ROOT
Nov 19, 2014 4:48:34 PM org.apache.coyote.http11.Http11Protocol start
INFO: Starting Coyote HTTP/1.1 on http-16460
Nov 19, 2014 4:48:35 PM org.apache.jk.common.ChannelSocket init
INFO: JK: ajp13 listening on /0.0.0.0:8009
Nov 19, 2014 4:48:35 PM org.apache.jk.server.JkMain start
INFO: Jk running ID=0 time=0/11  config=null
Nov 19, 2014 4:48:35 PM org.apache.catalina.startup.Catalina start
INFO: Server startup in 216 ms
Nov 19, 2014 4:53:38 PM org.apache.coyote.http11.Http11Protocol pause
INFO: Pausing Coyote HTTP/1.1 on http-16460
Nov 19, 2014 4:53:39 PM org.apache.catalina.core.StandardService stop
INFO: Stopping service Catalina
Nov 19, 2014 4:53:39 PM org.apache.coyote.http11.Http11Protocol destroy
INFO: Stopping Coyote HTTP/1.1 on http-16460
Nov 19, 2014 4:53:40 PM org.apache.catalina.core.AprLifecycleListener init
INFO: The APR based Apache Tomcat Native library which allows optimal performance in production environments was not found on the java.library.path: /usr/lib/jvm/java-6-openjdk-amd64/jre/lib/amd64/server:/usr/lib/jvm/java-6-openjdk-amd64/jre/lib/amd64:/usr/lib/jvm/java-6-openjdk-amd64/jre/../lib/amd64:/oracle/lib:/usr/java/packages/lib/amd64:/usr/lib/x86_64-linux-gnu/jni:/lib/x86_64-linux-gnu:/usr/lib/x86_64-linux-gnu:/usr/lib/jni:/lib:/usr/lib
Nov 19, 2014 4:53:41 PM org.apache.coyote.http11.Http11Protocol init
INFO: Initializing Coyote HTTP/1.1 on http-16460
Nov 19, 2014 4:53:41 PM org.apache.catalina.startup.Catalina load
INFO: Initialization processed in 330 ms
Nov 19, 2014 4:53:41 PM org.apache.catalina.core.StandardService start
INFO: Starting service Catalina
Nov 19, 2014 4:53:41 PM org.apache.catalina.core.StandardEngine start
INFO: Starting Servlet Engine: Apache Tomcat/6.0.35
Nov 19, 2014 4:53:41 PM org.apache.catalina.startup.HostConfig deployDirectory
INFO: Deploying web application directory proj1
Nov 19, 2014 4:53:41 PM org.apache.catalina.startup.HostConfig deployDirectory
INFO: Deploying web application directory ROOT
Nov 19, 2014 4:53:41 PM org.apache.coyote.http11.Http11Protocol start
INFO: Starting Coyote HTTP/1.1 on http-16460
Nov 19, 2014 4:53:41 PM org.apache.jk.common.ChannelSocket init
INFO: JK: ajp13 listening on /0.0.0.0:8009
Nov 19, 2014 4:53:41 PM org.apache.jk.server.JkMain start
INFO: Jk running ID=0 time=0/11  config=null
Nov 19, 2014 4:53:41 PM org.apache.catalina.startup.Catalina start
INFO: Server startup in 228 ms
Nov 19, 2014 4:57:52 PM org.apache.coyote.http11.Http11Protocol pause
INFO: Pausing Coyote HTTP/1.1 on http-16460
Nov 19, 2014 4:57:53 PM org.apache.catalina.core.StandardService stop
INFO: Stopping service Catalina
Nov 19, 2014 4:57:53 PM org.apache.coyote.http11.Http11Protocol destroy
INFO: Stopping Coyote HTTP/1.1 on http-16460
Nov 19, 2014 4:57:55 PM org.apache.catalina.core.AprLifecycleListener init
INFO: The APR based Apache Tomcat Native library which allows optimal performance in production environments was not found on the java.library.path: /usr/lib/jvm/java-6-openjdk-amd64/jre/lib/amd64/server:/usr/lib/jvm/java-6-openjdk-amd64/jre/lib/amd64:/usr/lib/jvm/java-6-openjdk-amd64/jre/../lib/amd64:/oracle/lib:/usr/java/packages/lib/amd64:/usr/lib/x86_64-linux-gnu/jni:/lib/x86_64-linux-gnu:/usr/lib/x86_64-linux-gnu:/usr/lib/jni:/lib:/usr/lib
Nov 19, 2014 4:57:55 PM org.apache.coyote.http11.Http11Protocol init
INFO: Initializing Coyote HTTP/1.1 on http-16460
Nov 19, 2014 4:57:55 PM org.apache.catalina.startup.Catalina load
INFO: Initialization processed in 327 ms
Nov 19, 2014 4:57:55 PM org.apache.catalina.core.StandardService start
INFO: Starting service Catalina
Nov 19, 2014 4:57:55 PM org.apache.catalina.core.StandardEngine start
INFO: Starting Servlet Engine: Apache Tomcat/6.0.35
Nov 19, 2014 4:57:55 PM org.apache.catalina.startup.HostConfig deployDirectory
INFO: Deploying web application directory proj1
Nov 19, 2014 4:57:55 PM org.apache.catalina.startup.HostConfig deployDirectory
INFO: Deploying web application directory ROOT
Nov 19, 2014 4:57:55 PM org.apache.coyote.http11.Http11Protocol start
INFO: Starting Coyote HTTP/1.1 on http-16460
Nov 19, 2014 4:57:55 PM org.apache.jk.common.ChannelSocket init
INFO: JK: ajp13 listening on /0.0.0.0:8009
Nov 19, 2014 4:57:55 PM org.apache.jk.server.JkMain start
INFO: Jk running ID=0 time=0/11  config=null
Nov 19, 2014 4:57:55 PM org.apache.catalina.startup.Catalina start
INFO: Server startup in 212 ms
Nov 19, 2014 5:01:58 PM org.apache.coyote.http11.Http11Protocol pause
INFO: Pausing Coyote HTTP/1.1 on http-16460
Nov 19, 2014 5:01:59 PM org.apache.catalina.core.StandardService stop
INFO: Stopping service Catalina
Nov 19, 2014 5:01:59 PM org.apache.catalina.loader.WebappClassLoader clearReferencesJdbc
SEVERE: The web application [/proj1] registered the JDBC driver [oracle.jdbc.OracleDriver] but failed to unregister it when the web application was stopped. To prevent a memory leak, the JDBC Driver has been forcibly unregistered.
Nov 19, 2014 5:01:59 PM org.apache.coyote.http11.Http11Protocol destroy
INFO: Stopping Coyote HTTP/1.1 on http-16460
Nov 19, 2014 5:02:01 PM org.apache.catalina.core.AprLifecycleListener init
INFO: The APR based Apache Tomcat Native library which allows optimal performance in production environments was not found on the java.library.path: /usr/lib/jvm/java-6-openjdk-amd64/jre/lib/amd64/server:/usr/lib/jvm/java-6-openjdk-amd64/jre/lib/amd64:/usr/lib/jvm/java-6-openjdk-amd64/jre/../lib/amd64:/oracle/lib:/usr/java/packages/lib/amd64:/usr/lib/x86_64-linux-gnu/jni:/lib/x86_64-linux-gnu:/usr/lib/x86_64-linux-gnu:/usr/lib/jni:/lib:/usr/lib
Nov 19, 2014 5:02:01 PM org.apache.coyote.http11.Http11Protocol init
INFO: Initializing Coyote HTTP/1.1 on http-16460
Nov 19, 2014 5:02:01 PM org.apache.catalina.startup.Catalina load
INFO: Initialization processed in 332 ms
Nov 19, 2014 5:02:01 PM org.apache.catalina.core.StandardService start
INFO: Starting service Catalina
Nov 19, 2014 5:02:01 PM org.apache.catalina.core.StandardEngine start
INFO: Starting Servlet Engine: Apache Tomcat/6.0.35
Nov 19, 2014 5:02:01 PM org.apache.catalina.startup.HostConfig deployDirectory
INFO: Deploying web application directory proj1
Nov 19, 2014 5:02:01 PM org.apache.catalina.startup.HostConfig deployDirectory
INFO: Deploying web application directory ROOT
Nov 19, 2014 5:02:01 PM org.apache.coyote.http11.Http11Protocol start
INFO: Starting Coyote HTTP/1.1 on http-16460
Nov 19, 2014 5:02:01 PM org.apache.jk.common.ChannelSocket init
INFO: JK: ajp13 listening on /0.0.0.0:8009
Nov 19, 2014 5:02:01 PM org.apache.jk.server.JkMain start
INFO: Jk running ID=0 time=0/11  config=null
Nov 19, 2014 5:02:01 PM org.apache.catalina.startup.Catalina start
INFO: Server startup in 208 ms
Nov 19, 2014 6:32:55 PM org.apache.coyote.http11.Http11Protocol pause
INFO: Pausing Coyote HTTP/1.1 on http-16460
Nov 19, 2014 6:32:56 PM org.apache.catalina.core.StandardService stop
INFO: Stopping service Catalina
Nov 19, 2014 6:32:56 PM org.apache.catalina.loader.WebappClassLoader clearReferencesJdbc
SEVERE: The web application [/proj1] registered the JDBC driver [oracle.jdbc.OracleDriver] but failed to unregister it when the web application was stopped. To prevent a memory leak, the JDBC Driver has been forcibly unregistered.
Nov 19, 2014 6:32:56 PM org.apache.coyote.http11.Http11Protocol destroy
INFO: Stopping Coyote HTTP/1.1 on http-16460
Nov 19, 2014 6:32:59 PM org.apache.catalina.core.AprLifecycleListener init
INFO: The APR based Apache Tomcat Native library which allows optimal performance in production environments was not found on the java.library.path: /usr/lib/jvm/java-6-openjdk-amd64/jre/lib/amd64/server:/usr/lib/jvm/java-6-openjdk-amd64/jre/lib/amd64:/usr/lib/jvm/java-6-openjdk-amd64/jre/../lib/amd64:/oracle/lib:/usr/java/packages/lib/amd64:/usr/lib/x86_64-linux-gnu/jni:/lib/x86_64-linux-gnu:/usr/lib/x86_64-linux-gnu:/usr/lib/jni:/lib:/usr/lib
Nov 19, 2014 6:32:59 PM org.apache.coyote.http11.Http11Protocol init
INFO: Initializing Coyote HTTP/1.1 on http-16460
Nov 19, 2014 6:32:59 PM org.apache.catalina.startup.Catalina load
INFO: Initialization processed in 325 ms
Nov 19, 2014 6:32:59 PM org.apache.catalina.core.StandardService start
INFO: Starting service Catalina
Nov 19, 2014 6:32:59 PM org.apache.catalina.core.StandardEngine start
INFO: Starting Servlet Engine: Apache Tomcat/6.0.35
Nov 19, 2014 6:32:59 PM org.apache.catalina.startup.HostConfig deployDirectory
INFO: Deploying web application directory proj1
Nov 19, 2014 6:32:59 PM org.apache.catalina.startup.HostConfig deployDirectory
INFO: Deploying web application directory ROOT
Nov 19, 2014 6:32:59 PM org.apache.coyote.http11.Http11Protocol start
INFO: Starting Coyote HTTP/1.1 on http-16460
Nov 19, 2014 6:32:59 PM org.apache.jk.common.ChannelSocket init
INFO: JK: ajp13 listening on /0.0.0.0:8009
Nov 19, 2014 6:32:59 PM org.apache.jk.server.JkMain start
INFO: Jk running ID=0 time=0/11  config=null
Nov 19, 2014 6:32:59 PM org.apache.catalina.startup.Catalina start
INFO: Server startup in 216 ms
Nov 19, 2014 6:34:46 PM org.apache.coyote.http11.Http11Protocol pause
INFO: Pausing Coyote HTTP/1.1 on http-16460
Nov 19, 2014 6:34:47 PM org.apache.catalina.core.StandardService stop
INFO: Stopping service Catalina
Nov 19, 2014 6:34:47 PM org.apache.catalina.loader.WebappClassLoader clearReferencesJdbc
SEVERE: The web application [/proj1] registered the JDBC driver [oracle.jdbc.OracleDriver] but failed to unregister it when the web application was stopped. To prevent a memory leak, the JDBC Driver has been forcibly unregistered.
Nov 19, 2014 6:34:47 PM org.apache.coyote.http11.Http11Protocol destroy
INFO: Stopping Coyote HTTP/1.1 on http-16460
Nov 19, 2014 6:34:48 PM org.apache.catalina.core.AprLifecycleListener init
INFO: The APR based Apache Tomcat Native library which allows optimal performance in production environments was not found on the java.library.path: /usr/lib/jvm/java-6-openjdk-amd64/jre/lib/amd64/server:/usr/lib/jvm/java-6-openjdk-amd64/jre/lib/amd64:/usr/lib/jvm/java-6-openjdk-amd64/jre/../lib/amd64:/oracle/lib:/usr/java/packages/lib/amd64:/usr/lib/x86_64-linux-gnu/jni:/lib/x86_64-linux-gnu:/usr/lib/x86_64-linux-gnu:/usr/lib/jni:/lib:/usr/lib
Nov 19, 2014 6:34:48 PM org.apache.coyote.http11.Http11Protocol init
INFO: Initializing Coyote HTTP/1.1 on http-16460
Nov 19, 2014 6:34:48 PM org.apache.catalina.startup.Catalina load
INFO: Initialization processed in 332 ms
Nov 19, 2014 6:34:48 PM org.apache.catalina.core.StandardService start
INFO: Starting service Catalina
Nov 19, 2014 6:34:48 PM org.apache.catalina.core.StandardEngine start
INFO: Starting Servlet Engine: Apache Tomcat/6.0.35
Nov 19, 2014 6:34:48 PM org.apache.catalina.startup.HostConfig deployDirectory
INFO: Deploying web application directory proj1
Nov 19, 2014 6:34:48 PM org.apache.catalina.startup.HostConfig deployDirectory
INFO: Deploying web application directory ROOT
Nov 19, 2014 6:34:48 PM org.apache.coyote.http11.Http11Protocol start
INFO: Starting Coyote HTTP/1.1 on http-16460
Nov 19, 2014 6:34:48 PM org.apache.jk.common.ChannelSocket init
INFO: JK: ajp13 listening on /0.0.0.0:8009
Nov 19, 2014 6:34:48 PM org.apache.jk.server.JkMain start
INFO: Jk running ID=0 time=0/11  config=null
Nov 19, 2014 6:34:48 PM org.apache.catalina.startup.Catalina start
INFO: Server startup in 210 ms
Nov 19, 2014 6:56:27 PM org.apache.coyote.http11.Http11Protocol pause
INFO: Pausing Coyote HTTP/1.1 on http-16460
Nov 19, 2014 6:56:28 PM org.apache.catalina.core.StandardService stop
INFO: Stopping service Catalina
Nov 19, 2014 6:56:28 PM org.apache.catalina.loader.WebappClassLoader clearReferencesJdbc
SEVERE: The web application [/proj1] registered the JDBC driver [oracle.jdbc.OracleDriver] but failed to unregister it when the web application was stopped. To prevent a memory leak, the JDBC Driver has been forcibly unregistered.
Nov 19, 2014 6:56:28 PM org.apache.coyote.http11.Http11Protocol destroy
INFO: Stopping Coyote HTTP/1.1 on http-16460
Nov 19, 2014 6:56:29 PM org.apache.catalina.core.AprLifecycleListener init
INFO: The APR based Apache Tomcat Native library which allows optimal performance in production environments was not found on the java.library.path: /usr/lib/jvm/java-6-openjdk-amd64/jre/lib/amd64/server:/usr/lib/jvm/java-6-openjdk-amd64/jre/lib/amd64:/usr/lib/jvm/java-6-openjdk-amd64/jre/../lib/amd64:/oracle/lib:/usr/java/packages/lib/amd64:/usr/lib/x86_64-linux-gnu/jni:/lib/x86_64-linux-gnu:/usr/lib/x86_64-linux-gnu:/usr/lib/jni:/lib:/usr/lib
Nov 19, 2014 6:56:29 PM org.apache.coyote.http11.Http11Protocol init
INFO: Initializing Coyote HTTP/1.1 on http-16460
Nov 19, 2014 6:56:29 PM org.apache.catalina.startup.Catalina load
INFO: Initialization processed in 322 ms
Nov 19, 2014 6:56:29 PM org.apache.catalina.core.StandardService start
INFO: Starting service Catalina
Nov 19, 2014 6:56:29 PM org.apache.catalina.core.StandardEngine start
INFO: Starting Servlet Engine: Apache Tomcat/6.0.35
Nov 19, 2014 6:56:29 PM org.apache.catalina.startup.HostConfig deployDirectory
INFO: Deploying web application directory proj1
Nov 19, 2014 6:56:29 PM org.apache.catalina.startup.HostConfig deployDirectory
INFO: Deploying web application directory ROOT
Nov 19, 2014 6:56:29 PM org.apache.coyote.http11.Http11Protocol start
INFO: Starting Coyote HTTP/1.1 on http-16460
Nov 19, 2014 6:56:29 PM org.apache.jk.common.ChannelSocket init
INFO: JK: ajp13 listening on /0.0.0.0:8009
Nov 19, 2014 6:56:29 PM org.apache.jk.server.JkMain start
INFO: Jk running ID=0 time=0/12  config=null
Nov 19, 2014 6:56:29 PM org.apache.catalina.startup.Catalina start
INFO: Server startup in 208 ms
Nov 19, 2014 6:58:03 PM org.apache.coyote.http11.Http11Protocol pause
INFO: Pausing Coyote HTTP/1.1 on http-16460
Nov 19, 2014 6:58:04 PM org.apache.catalina.core.StandardService stop
INFO: Stopping service Catalina
Nov 19, 2014 6:58:04 PM org.apache.coyote.http11.Http11Protocol destroy
INFO: Stopping Coyote HTTP/1.1 on http-16460
Nov 19, 2014 6:58:14 PM org.apache.catalina.core.AprLifecycleListener init
INFO: The APR based Apache Tomcat Native library which allows optimal performance in production environments was not found on the java.library.path: /usr/lib/jvm/java-6-openjdk-amd64/jre/lib/amd64/server:/usr/lib/jvm/java-6-openjdk-amd64/jre/lib/amd64:/usr/lib/jvm/java-6-openjdk-amd64/jre/../lib/amd64:/oracle/lib:/usr/java/packages/lib/amd64:/usr/lib/x86_64-linux-gnu/jni:/lib/x86_64-linux-gnu:/usr/lib/x86_64-linux-gnu:/usr/lib/jni:/lib:/usr/lib
Nov 19, 2014 6:58:14 PM org.apache.coyote.http11.Http11Protocol init
INFO: Initializing Coyote HTTP/1.1 on http-16460
Nov 19, 2014 6:58:14 PM org.apache.catalina.startup.Catalina load
INFO: Initialization processed in 340 ms
Nov 19, 2014 6:58:14 PM org.apache.catalina.core.StandardService start
INFO: Starting service Catalina
Nov 19, 2014 6:58:14 PM org.apache.catalina.core.StandardEngine start
INFO: Starting Servlet Engine: Apache Tomcat/6.0.35
Nov 19, 2014 6:58:14 PM org.apache.catalina.startup.HostConfig deployDirectory
INFO: Deploying web application directory proj1
Nov 19, 2014 6:58:14 PM org.apache.catalina.startup.HostConfig deployDirectory
INFO: Deploying web application directory ROOT
Nov 19, 2014 6:58:14 PM org.apache.coyote.http11.Http11Protocol start
INFO: Starting Coyote HTTP/1.1 on http-16460
Nov 19, 2014 6:58:14 PM org.apache.jk.common.ChannelSocket init
INFO: JK: ajp13 listening on /0.0.0.0:8009
Nov 19, 2014 6:58:14 PM org.apache.jk.server.JkMain start
INFO: Jk running ID=0 time=0/10  config=null
Nov 19, 2014 6:58:14 PM org.apache.catalina.startup.Catalina start
INFO: Server startup in 208 ms
Nov 19, 2014 6:59:36 PM org.apache.coyote.http11.Http11Protocol pause
INFO: Pausing Coyote HTTP/1.1 on http-16460
Nov 19, 2014 6:59:37 PM org.apache.catalina.core.StandardService stop
INFO: Stopping service Catalina
Nov 19, 2014 6:59:37 PM org.apache.coyote.http11.Http11Protocol destroy
INFO: Stopping Coyote HTTP/1.1 on http-16460
Nov 19, 2014 6:59:39 PM org.apache.catalina.core.AprLifecycleListener init
INFO: The APR based Apache Tomcat Native library which allows optimal performance in production environments was not found on the java.library.path: /usr/lib/jvm/java-6-openjdk-amd64/jre/lib/amd64/server:/usr/lib/jvm/java-6-openjdk-amd64/jre/lib/amd64:/usr/lib/jvm/java-6-openjdk-amd64/jre/../lib/amd64:/oracle/lib:/usr/java/packages/lib/amd64:/usr/lib/x86_64-linux-gnu/jni:/lib/x86_64-linux-gnu:/usr/lib/x86_64-linux-gnu:/usr/lib/jni:/lib:/usr/lib
Nov 19, 2014 6:59:39 PM org.apache.coyote.http11.Http11Protocol init
INFO: Initializing Coyote HTTP/1.1 on http-16460
Nov 19, 2014 6:59:39 PM org.apache.catalina.startup.Catalina load
INFO: Initialization processed in 356 ms
Nov 19, 2014 6:59:39 PM org.apache.catalina.core.StandardService start
INFO: Starting service Catalina
Nov 19, 2014 6:59:39 PM org.apache.catalina.core.StandardEngine start
INFO: Starting Servlet Engine: Apache Tomcat/6.0.35
Nov 19, 2014 6:59:39 PM org.apache.catalina.startup.HostConfig deployDirectory
INFO: Deploying web application directory proj1
Nov 19, 2014 6:59:39 PM org.apache.catalina.startup.HostConfig deployDirectory
INFO: Deploying web application directory ROOT
Nov 19, 2014 6:59:39 PM org.apache.coyote.http11.Http11Protocol start
INFO: Starting Coyote HTTP/1.1 on http-16460
Nov 19, 2014 6:59:39 PM org.apache.jk.common.ChannelSocket init
INFO: JK: ajp13 listening on /0.0.0.0:8009
Nov 19, 2014 6:59:39 PM org.apache.jk.server.JkMain start
INFO: Jk running ID=0 time=0/12  config=null
Nov 19, 2014 6:59:39 PM org.apache.catalina.startup.Catalina start
INFO: Server startup in 232 ms
Nov 19, 2014 7:00:12 PM org.apache.coyote.http11.Http11Protocol pause
INFO: Pausing Coyote HTTP/1.1 on http-16460
Nov 19, 2014 7:00:13 PM org.apache.catalina.core.StandardService stop
INFO: Stopping service Catalina
Nov 19, 2014 7:00:13 PM org.apache.coyote.http11.Http11Protocol destroy
INFO: Stopping Coyote HTTP/1.1 on http-16460
Nov 19, 2014 7:01:53 PM org.apache.catalina.core.AprLifecycleListener init
INFO: The APR based Apache Tomcat Native library which allows optimal performance in production environments was not found on the java.library.path: /usr/lib/jvm/java-6-openjdk-amd64/jre/lib/amd64/server:/usr/lib/jvm/java-6-openjdk-amd64/jre/lib/amd64:/usr/lib/jvm/java-6-openjdk-amd64/jre/../lib/amd64:/oracle/lib:/usr/java/packages/lib/amd64:/usr/lib/x86_64-linux-gnu/jni:/lib/x86_64-linux-gnu:/usr/lib/x86_64-linux-gnu:/usr/lib/jni:/lib:/usr/lib
Nov 19, 2014 7:01:53 PM org.apache.coyote.http11.Http11Protocol init
INFO: Initializing Coyote HTTP/1.1 on http-16460
Nov 19, 2014 7:01:53 PM org.apache.catalina.startup.Catalina load
INFO: Initialization processed in 337 ms
Nov 19, 2014 7:01:53 PM org.apache.catalina.core.StandardService start
INFO: Starting service Catalina
Nov 19, 2014 7:01:53 PM org.apache.catalina.core.StandardEngine start
INFO: Starting Servlet Engine: Apache Tomcat/6.0.35
Nov 19, 2014 7:01:53 PM org.apache.catalina.startup.HostConfig deployDirectory
INFO: Deploying web application directory proj1
Nov 19, 2014 7:01:53 PM org.apache.catalina.startup.HostConfig deployDirectory
INFO: Deploying web application directory ROOT
Nov 19, 2014 7:01:53 PM org.apache.coyote.http11.Http11Protocol start
INFO: Starting Coyote HTTP/1.1 on http-16460
Nov 19, 2014 7:01:53 PM org.apache.jk.common.ChannelSocket init
INFO: JK: ajp13 listening on /0.0.0.0:8009
Nov 19, 2014 7:01:53 PM org.apache.jk.server.JkMain start
INFO: Jk running ID=0 time=0/11  config=null
Nov 19, 2014 7:01:53 PM org.apache.catalina.startup.Catalina start
INFO: Server startup in 234 ms
Nov 19, 2014 7:02:40 PM org.apache.coyote.http11.Http11Protocol pause
INFO: Pausing Coyote HTTP/1.1 on http-16460
Nov 19, 2014 7:02:41 PM org.apache.catalina.core.StandardService stop
INFO: Stopping service Catalina
Nov 19, 2014 7:02:41 PM org.apache.coyote.http11.Http11Protocol destroy
INFO: Stopping Coyote HTTP/1.1 on http-16460
Nov 19, 2014 7:02:42 PM org.apache.catalina.core.AprLifecycleListener init
INFO: The APR based Apache Tomcat Native library which allows optimal performance in production environments was not found on the java.library.path: /usr/lib/jvm/java-6-openjdk-amd64/jre/lib/amd64/server:/usr/lib/jvm/java-6-openjdk-amd64/jre/lib/amd64:/usr/lib/jvm/java-6-openjdk-amd64/jre/../lib/amd64:/oracle/lib:/usr/java/packages/lib/amd64:/usr/lib/x86_64-linux-gnu/jni:/lib/x86_64-linux-gnu:/usr/lib/x86_64-linux-gnu:/usr/lib/jni:/lib:/usr/lib
Nov 19, 2014 7:02:43 PM org.apache.coyote.http11.Http11Protocol init
INFO: Initializing Coyote HTTP/1.1 on http-16460
Nov 19, 2014 7:02:43 PM org.apache.catalina.startup.Catalina load
INFO: Initialization processed in 331 ms
Nov 19, 2014 7:02:43 PM org.apache.catalina.core.StandardService start
INFO: Starting service Catalina
Nov 19, 2014 7:02:43 PM org.apache.catalina.core.StandardEngine start
INFO: Starting Servlet Engine: Apache Tomcat/6.0.35
Nov 19, 2014 7:02:43 PM org.apache.catalina.startup.HostConfig deployDirectory
INFO: Deploying web application directory proj1
Nov 19, 2014 7:02:43 PM org.apache.catalina.startup.HostConfig deployDirectory
INFO: Deploying web application directory ROOT
Nov 19, 2014 7:02:43 PM org.apache.coyote.http11.Http11Protocol start
INFO: Starting Coyote HTTP/1.1 on http-16460
Nov 19, 2014 7:02:43 PM org.apache.jk.common.ChannelSocket init
INFO: JK: ajp13 listening on /0.0.0.0:8009
Nov 19, 2014 7:02:43 PM org.apache.jk.server.JkMain start
INFO: Jk running ID=0 time=0/11  config=null
Nov 19, 2014 7:02:43 PM org.apache.catalina.startup.Catalina start
INFO: Server startup in 208 ms
Nov 19, 2014 7:05:53 PM org.apache.coyote.http11.Http11Protocol pause
INFO: Pausing Coyote HTTP/1.1 on http-16460
Nov 19, 2014 7:05:54 PM org.apache.catalina.core.StandardService stop
INFO: Stopping service Catalina
Nov 19, 2014 7:05:54 PM org.apache.catalina.loader.WebappClassLoader clearReferencesJdbc
SEVERE: The web application [/proj1] registered the JDBC driver [oracle.jdbc.OracleDriver] but failed to unregister it when the web application was stopped. To prevent a memory leak, the JDBC Driver has been forcibly unregistered.
Nov 19, 2014 7:05:54 PM org.apache.coyote.http11.Http11Protocol destroy
INFO: Stopping Coyote HTTP/1.1 on http-16460
Nov 19, 2014 7:05:55 PM org.apache.catalina.core.AprLifecycleListener init
INFO: The APR based Apache Tomcat Native library which allows optimal performance in production environments was not found on the java.library.path: /usr/lib/jvm/java-6-openjdk-amd64/jre/lib/amd64/server:/usr/lib/jvm/java-6-openjdk-amd64/jre/lib/amd64:/usr/lib/jvm/java-6-openjdk-amd64/jre/../lib/amd64:/oracle/lib:/usr/java/packages/lib/amd64:/usr/lib/x86_64-linux-gnu/jni:/lib/x86_64-linux-gnu:/usr/lib/x86_64-linux-gnu:/usr/lib/jni:/lib:/usr/lib
Nov 19, 2014 7:05:55 PM org.apache.coyote.http11.Http11Protocol init
INFO: Initializing Coyote HTTP/1.1 on http-16460
Nov 19, 2014 7:05:55 PM org.apache.catalina.startup.Catalina load
INFO: Initialization processed in 330 ms
Nov 19, 2014 7:05:55 PM org.apache.catalina.core.StandardService start
INFO: Starting service Catalina
Nov 19, 2014 7:05:55 PM org.apache.catalina.core.StandardEngine start
INFO: Starting Servlet Engine: Apache Tomcat/6.0.35
Nov 19, 2014 7:05:55 PM org.apache.catalina.startup.HostConfig deployDirectory
INFO: Deploying web application directory proj1
Nov 19, 2014 7:05:55 PM org.apache.catalina.startup.HostConfig deployDirectory
INFO: Deploying web application directory ROOT
Nov 19, 2014 7:05:55 PM org.apache.coyote.http11.Http11Protocol start
INFO: Starting Coyote HTTP/1.1 on http-16460
Nov 19, 2014 7:05:55 PM org.apache.jk.common.ChannelSocket init
INFO: JK: ajp13 listening on /0.0.0.0:8009
Nov 19, 2014 7:05:55 PM org.apache.jk.server.JkMain start
INFO: Jk running ID=0 time=0/11  config=null
Nov 19, 2014 7:05:55 PM org.apache.catalina.startup.Catalina start
INFO: Server startup in 211 ms
Nov 19, 2014 7:07:11 PM org.apache.coyote.http11.Http11Protocol pause
INFO: Pausing Coyote HTTP/1.1 on http-16460
Nov 19, 2014 7:07:12 PM org.apache.catalina.core.StandardService stop
INFO: Stopping service Catalina
Nov 19, 2014 7:07:12 PM org.apache.catalina.loader.WebappClassLoader clearReferencesJdbc
SEVERE: The web application [/proj1] registered the JDBC driver [oracle.jdbc.OracleDriver] but failed to unregister it when the web application was stopped. To prevent a memory leak, the JDBC Driver has been forcibly unregistered.
Nov 19, 2014 7:07:12 PM org.apache.coyote.http11.Http11Protocol destroy
INFO: Stopping Coyote HTTP/1.1 on http-16460
