Nov 23, 2014 12:43:59 PM org.apache.catalina.core.AprLifecycleListener init
INFO: The APR based Apache Tomcat Native library which allows optimal performance in production environments was not found on the java.library.path: /usr/lib/jvm/java-6-openjdk-amd64/jre/lib/amd64/server:/usr/lib/jvm/java-6-openjdk-amd64/jre/lib/amd64:/usr/lib/jvm/java-6-openjdk-amd64/jre/../lib/amd64:/oracle/lib:/usr/java/packages/lib/amd64:/usr/lib/x86_64-linux-gnu/jni:/lib/x86_64-linux-gnu:/usr/lib/x86_64-linux-gnu:/usr/lib/jni:/lib:/usr/lib
Nov 23, 2014 12:43:59 PM org.apache.coyote.http11.Http11Protocol init
INFO: Initializing Coyote HTTP/1.1 on http-16460
Nov 23, 2014 12:43:59 PM org.apache.catalina.startup.Catalina load
INFO: Initialization processed in 925 ms
Nov 23, 2014 12:43:59 PM org.apache.catalina.core.StandardService start
INFO: Starting service Catalina
Nov 23, 2014 12:43:59 PM org.apache.catalina.core.StandardEngine start
INFO: Starting Servlet Engine: Apache Tomcat/6.0.35
Nov 23, 2014 12:43:59 PM org.apache.catalina.startup.HostConfig deployDirectory
INFO: Deploying web application directory proj1
Nov 23, 2014 12:43:59 PM org.apache.catalina.loader.WebappClassLoader validateJarFile
INFO: validateJarFile(/cshome/satodd/catalina/webapps/proj1/WEB-INF/lib/servlet-api.jar) - jar not loaded. See Servlet Spec 2.3, section 9.7.2. Offending class: javax/servlet/Servlet.class
Nov 23, 2014 12:44:00 PM org.apache.catalina.startup.HostConfig deployDirectory
INFO: Deploying web application directory ROOT
Nov 23, 2014 12:44:00 PM org.apache.coyote.http11.Http11Protocol start
INFO: Starting Coyote HTTP/1.1 on http-16460
Nov 23, 2014 12:44:00 PM org.apache.jk.common.ChannelSocket init
INFO: JK: ajp13 listening on /0.0.0.0:8009
Nov 23, 2014 12:44:00 PM org.apache.jk.server.JkMain start
INFO: Jk running ID=0 time=0/11  config=null
Nov 23, 2014 12:44:00 PM org.apache.catalina.startup.Catalina start
INFO: Server startup in 649 ms
Nov 23, 2014 12:51:40 PM org.apache.catalina.startup.HostConfig checkResources
INFO: Reloading context [/proj1]
Nov 23, 2014 12:51:40 PM org.apache.catalina.loader.WebappClassLoader validateJarFile
INFO: validateJarFile(/cshome/satodd/catalina/webapps/proj1/WEB-INF/lib/servlet-api.jar) - jar not loaded. See Servlet Spec 2.3, section 9.7.2. Offending class: javax/servlet/Servlet.class
Nov 23, 2014 12:51:40 PM org.apache.tomcat.util.digester.Digester endElement
SEVERE: End event threw exception
java.lang.reflect.InvocationTargetException
	at sun.reflect.NativeMethodAccessorImpl.invoke0(Native Method)
	at sun.reflect.NativeMethodAccessorImpl.invoke(NativeMethodAccessorImpl.java:57)
	at sun.reflect.DelegatingMethodAccessorImpl.invoke(DelegatingMethodAccessorImpl.java:43)
	at java.lang.reflect.Method.invoke(Method.java:622)
	at org.apache.tomcat.util.IntrospectionUtils.callMethod1(IntrospectionUtils.java:928)
	at org.apache.tomcat.util.digester.SetNextRule.end(SetNextRule.java:193)
	at org.apache.tomcat.util.digester.Rule.end(Rule.java:229)
	at org.apache.tomcat.util.digester.Digester.endElement(Digester.java:1138)
	at com.sun.org.apache.xerces.internal.parsers.AbstractSAXParser.endElement(AbstractSAXParser.java:607)
	at com.sun.org.apache.xerces.internal.impl.XMLDocumentFragmentScannerImpl.scanEndElement(XMLDocumentFragmentScannerImpl.java:1762)
	at com.sun.org.apache.xerces.internal.impl.XMLDocumentFragmentScannerImpl$FragmentContentDriver.next(XMLDocumentFragmentScannerImpl.java:2937)
	at com.sun.org.apache.xerces.internal.impl.XMLDocumentScannerImpl.next(XMLDocumentScannerImpl.java:625)
	at com.sun.org.apache.xerces.internal.impl.XMLDocumentFragmentScannerImpl.scanDocument(XMLDocumentFragmentScannerImpl.java:489)
	at com.sun.org.apache.xerces.internal.parsers.XML11Configuration.parse(XML11Configuration.java:828)
	at com.sun.org.apache.xerces.internal.parsers.XML11Configuration.parse(XML11Configuration.java:757)
	at com.sun.org.apache.xerces.internal.parsers.XMLParser.parse(XMLParser.java:133)
	at com.sun.org.apache.xerces.internal.parsers.AbstractSAXParser.parse(AbstractSAXParser.java:1211)
	at com.sun.org.apache.xerces.internal.jaxp.SAXParserImpl$JAXPSAXParser.parse(SAXParserImpl.java:551)
	at org.apache.tomcat.util.digester.Digester.parse(Digester.java:1642)
	at org.apache.catalina.startup.ContextConfig.applicationWebConfig(ContextConfig.java:365)
	at org.apache.catalina.startup.ContextConfig.start(ContextConfig.java:1076)
	at org.apache.catalina.startup.ContextConfig.lifecycleEvent(ContextConfig.java:261)
	at org.apache.catalina.util.LifecycleSupport.fireLifecycleEvent(LifecycleSupport.java:142)
	at org.apache.catalina.core.StandardContext.start(StandardContext.java:4612)
	at org.apache.catalina.startup.HostConfig.checkResources(HostConfig.java:1284)
	at org.apache.catalina.startup.HostConfig.check(HostConfig.java:1382)
	at org.apache.catalina.startup.HostConfig.lifecycleEvent(HostConfig.java:306)
	at org.apache.catalina.util.LifecycleSupport.fireLifecycleEvent(LifecycleSupport.java:142)
	at org.apache.catalina.core.ContainerBase.backgroundProcess(ContainerBase.java:1389)
	at org.apache.catalina.core.ContainerBase$ContainerBackgroundProcessor.processChildren(ContainerBase.java:1653)
	at org.apache.catalina.core.ContainerBase$ContainerBackgroundProcessor.processChildren(ContainerBase.java:1662)
	at org.apache.catalina.core.ContainerBase$ContainerBackgroundProcessor.run(ContainerBase.java:1642)
	at java.lang.Thread.run(Thread.java:701)
Caused by: java.lang.IllegalArgumentException: addChild:  Child name 'UploadImage' is not unique
	at org.apache.catalina.core.ContainerBase.addChildInternal(ContainerBase.java:789)
	at org.apache.catalina.core.ContainerBase.addChild(ContainerBase.java:779)
	at org.apache.catalina.core.StandardContext.addChild(StandardContext.java:2383)
	... 33 more
Nov 23, 2014 12:51:40 PM org.apache.catalina.startup.ContextConfig applicationWebConfig
SEVERE: Parse error in application web.xml file at jndi:/localhost/proj1/WEB-INF/web.xml
org.xml.sax.SAXParseException; systemId: jndi:/localhost/proj1/WEB-INF/web.xml; lineNumber: 20; columnNumber: 15; Error at (20, 15: addChild:  Child name 'UploadImage' is not unique
	at org.apache.tomcat.util.digester.Digester.createSAXException(Digester.java:2806)
	at org.apache.tomcat.util.digester.Digester.createSAXException(Digester.java:2832)
	at org.apache.tomcat.util.digester.Digester.endElement(Digester.java:1141)
	at com.sun.org.apache.xerces.internal.parsers.AbstractSAXParser.endElement(AbstractSAXParser.java:607)
	at com.sun.org.apache.xerces.internal.impl.XMLDocumentFragmentScannerImpl.scanEndElement(XMLDocumentFragmentScannerImpl.java:1762)
	at com.sun.org.apache.xerces.internal.impl.XMLDocumentFragmentScannerImpl$FragmentContentDriver.next(XMLDocumentFragmentScannerImpl.java:2937)
	at com.sun.org.apache.xerces.internal.impl.XMLDocumentScannerImpl.next(XMLDocumentScannerImpl.java:625)
	at com.sun.org.apache.xerces.internal.impl.XMLDocumentFragmentScannerImpl.scanDocument(XMLDocumentFragmentScannerImpl.java:489)
	at com.sun.org.apache.xerces.internal.parsers.XML11Configuration.parse(XML11Configuration.java:828)
	at com.sun.org.apache.xerces.internal.parsers.XML11Configuration.parse(XML11Configuration.java:757)
	at com.sun.org.apache.xerces.internal.parsers.XMLParser.parse(XMLParser.java:133)
	at com.sun.org.apache.xerces.internal.parsers.AbstractSAXParser.parse(AbstractSAXParser.java:1211)
	at com.sun.org.apache.xerces.internal.jaxp.SAXParserImpl$JAXPSAXParser.parse(SAXParserImpl.java:551)
	at org.apache.tomcat.util.digester.Digester.parse(Digester.java:1642)
	at org.apache.catalina.startup.ContextConfig.applicationWebConfig(ContextConfig.java:365)
	at org.apache.catalina.startup.ContextConfig.start(ContextConfig.java:1076)
	at org.apache.catalina.startup.ContextConfig.lifecycleEvent(ContextConfig.java:261)
	at org.apache.catalina.util.LifecycleSupport.fireLifecycleEvent(LifecycleSupport.java:142)
	at org.apache.catalina.core.StandardContext.start(StandardContext.java:4612)
	at org.apache.catalina.startup.HostConfig.checkResources(HostConfig.java:1284)
	at org.apache.catalina.startup.HostConfig.check(HostConfig.java:1382)
	at org.apache.catalina.startup.HostConfig.lifecycleEvent(HostConfig.java:306)
	at org.apache.catalina.util.LifecycleSupport.fireLifecycleEvent(LifecycleSupport.java:142)
	at org.apache.catalina.core.ContainerBase.backgroundProcess(ContainerBase.java:1389)
	at org.apache.catalina.core.ContainerBase$ContainerBackgroundProcessor.processChildren(ContainerBase.java:1653)
	at org.apache.catalina.core.ContainerBase$ContainerBackgroundProcessor.processChildren(ContainerBase.java:1662)
	at org.apache.catalina.core.ContainerBase$ContainerBackgroundProcessor.run(ContainerBase.java:1642)
	at java.lang.Thread.run(Thread.java:701)
Caused by: java.lang.IllegalArgumentException: addChild:  Child name 'UploadImage' is not unique
	at org.apache.catalina.core.ContainerBase.addChildInternal(ContainerBase.java:789)
	at org.apache.catalina.core.ContainerBase.addChild(ContainerBase.java:779)
	at org.apache.catalina.core.StandardContext.addChild(StandardContext.java:2383)
	at sun.reflect.NativeMethodAccessorImpl.invoke0(Native Method)
	at sun.reflect.NativeMethodAccessorImpl.invoke(NativeMethodAccessorImpl.java:57)
	at sun.reflect.DelegatingMethodAccessorImpl.invoke(DelegatingMethodAccessorImpl.java:43)
	at java.lang.reflect.Method.invoke(Method.java:622)
	at org.apache.tomcat.util.IntrospectionUtils.callMethod1(IntrospectionUtils.java:928)
	at org.apache.tomcat.util.digester.SetNextRule.end(SetNextRule.java:193)
	at org.apache.tomcat.util.digester.Rule.end(Rule.java:229)
	at org.apache.tomcat.util.digester.Digester.endElement(Digester.java:1138)
	... 25 more
Nov 23, 2014 12:51:40 PM org.apache.catalina.startup.ContextConfig applicationWebConfig
SEVERE: Occurred at line 20 column 15
Nov 23, 2014 12:51:40 PM org.apache.catalina.startup.ContextConfig start
SEVERE: Marking this application unavailable due to previous error(s)
Nov 23, 2014 12:51:40 PM org.apache.catalina.core.StandardContext start
SEVERE: Error getConfigured
Nov 23, 2014 12:51:40 PM org.apache.catalina.core.StandardContext start
SEVERE: Context [/proj1] startup failed due to previous errors
Nov 23, 2014 12:52:00 PM org.apache.catalina.startup.HostConfig checkResources
INFO: Reloading context [/proj1]
Nov 23, 2014 12:52:00 PM org.apache.catalina.core.StandardContext stop
INFO: Container org.apache.catalina.core.ContainerBase.[Catalina].[localhost].[/proj1] has not been started
Nov 23, 2014 12:52:00 PM org.apache.catalina.loader.WebappClassLoader validateJarFile
INFO: validateJarFile(/cshome/satodd/catalina/webapps/proj1/WEB-INF/lib/servlet-api.jar) - jar not loaded. See Servlet Spec 2.3, section 9.7.2. Offending class: javax/servlet/Servlet.class
Nov 23, 2014 12:56:10 PM org.apache.catalina.startup.HostConfig checkResources
INFO: Reloading context [/proj1]
Nov 23, 2014 12:56:10 PM org.apache.catalina.loader.WebappClassLoader validateJarFile
INFO: validateJarFile(/cshome/satodd/catalina/webapps/proj1/WEB-INF/lib/servlet-api.jar) - jar not loaded. See Servlet Spec 2.3, section 9.7.2. Offending class: javax/servlet/Servlet.class
Nov 23, 2014 12:57:50 PM org.apache.catalina.startup.HostConfig checkResources
INFO: Reloading context [/proj1]
Nov 23, 2014 12:57:50 PM org.apache.catalina.loader.WebappClassLoader validateJarFile
INFO: validateJarFile(/cshome/satodd/catalina/webapps/proj1/WEB-INF/lib/servlet-api.jar) - jar not loaded. See Servlet Spec 2.3, section 9.7.2. Offending class: javax/servlet/Servlet.class
Nov 23, 2014 1:06:50 PM org.apache.catalina.startup.HostConfig checkResources
INFO: Reloading context [/proj1]
Nov 23, 2014 1:06:50 PM org.apache.catalina.loader.WebappClassLoader validateJarFile
INFO: validateJarFile(/cshome/satodd/catalina/webapps/proj1/WEB-INF/lib/servlet-api.jar) - jar not loaded. See Servlet Spec 2.3, section 9.7.2. Offending class: javax/servlet/Servlet.class
Nov 23, 2014 1:07:15 PM org.apache.coyote.http11.Http11Protocol pause
INFO: Pausing Coyote HTTP/1.1 on http-16460
Nov 23, 2014 1:07:16 PM org.apache.catalina.core.StandardService stop
INFO: Stopping service Catalina
Nov 23, 2014 1:07:16 PM org.apache.coyote.http11.Http11Protocol destroy
INFO: Stopping Coyote HTTP/1.1 on http-16460
Nov 23, 2014 1:07:18 PM org.apache.catalina.core.AprLifecycleListener init
INFO: The APR based Apache Tomcat Native library which allows optimal performance in production environments was not found on the java.library.path: /usr/lib/jvm/java-6-openjdk-amd64/jre/lib/amd64/server:/usr/lib/jvm/java-6-openjdk-amd64/jre/lib/amd64:/usr/lib/jvm/java-6-openjdk-amd64/jre/../lib/amd64:/oracle/lib:/usr/java/packages/lib/amd64:/usr/lib/x86_64-linux-gnu/jni:/lib/x86_64-linux-gnu:/usr/lib/x86_64-linux-gnu:/usr/lib/jni:/lib:/usr/lib
Nov 23, 2014 1:07:18 PM org.apache.coyote.http11.Http11Protocol init
INFO: Initializing Coyote HTTP/1.1 on http-16460
Nov 23, 2014 1:07:18 PM org.apache.catalina.startup.Catalina load
INFO: Initialization processed in 335 ms
Nov 23, 2014 1:07:18 PM org.apache.catalina.core.StandardService start
INFO: Starting service Catalina
Nov 23, 2014 1:07:18 PM org.apache.catalina.core.StandardEngine start
INFO: Starting Servlet Engine: Apache Tomcat/6.0.35
Nov 23, 2014 1:07:18 PM org.apache.catalina.startup.HostConfig deployDirectory
INFO: Deploying web application directory proj1
Nov 23, 2014 1:07:18 PM org.apache.catalina.loader.WebappClassLoader validateJarFile
INFO: validateJarFile(/cshome/satodd/catalina/webapps/proj1/WEB-INF/lib/servlet-api.jar) - jar not loaded. See Servlet Spec 2.3, section 9.7.2. Offending class: javax/servlet/Servlet.class
Nov 23, 2014 1:07:18 PM org.apache.catalina.startup.HostConfig deployDirectory
INFO: Deploying web application directory ROOT
Nov 23, 2014 1:07:18 PM org.apache.coyote.http11.Http11Protocol start
INFO: Starting Coyote HTTP/1.1 on http-16460
Nov 23, 2014 1:07:18 PM org.apache.jk.common.ChannelSocket init
INFO: JK: ajp13 listening on /0.0.0.0:8009
Nov 23, 2014 1:07:18 PM org.apache.jk.server.JkMain start
INFO: Jk running ID=0 time=0/10  config=null
Nov 23, 2014 1:07:18 PM org.apache.catalina.startup.Catalina start
INFO: Server startup in 244 ms
Nov 23, 2014 1:07:46 PM org.apache.coyote.http11.Http11Protocol pause
INFO: Pausing Coyote HTTP/1.1 on http-16460
Nov 23, 2014 1:07:47 PM org.apache.catalina.core.StandardService stop
INFO: Stopping service Catalina
Nov 23, 2014 1:07:47 PM org.apache.coyote.http11.Http11Protocol destroy
INFO: Stopping Coyote HTTP/1.1 on http-16460
Nov 23, 2014 1:07:49 PM org.apache.catalina.core.AprLifecycleListener init
INFO: The APR based Apache Tomcat Native library which allows optimal performance in production environments was not found on the java.library.path: /usr/lib/jvm/java-6-openjdk-amd64/jre/lib/amd64/server:/usr/lib/jvm/java-6-openjdk-amd64/jre/lib/amd64:/usr/lib/jvm/java-6-openjdk-amd64/jre/../lib/amd64:/oracle/lib:/usr/java/packages/lib/amd64:/usr/lib/x86_64-linux-gnu/jni:/lib/x86_64-linux-gnu:/usr/lib/x86_64-linux-gnu:/usr/lib/jni:/lib:/usr/lib
Nov 23, 2014 1:07:49 PM org.apache.coyote.http11.Http11Protocol init
INFO: Initializing Coyote HTTP/1.1 on http-16460
Nov 23, 2014 1:07:49 PM org.apache.catalina.startup.Catalina load
INFO: Initialization processed in 327 ms
Nov 23, 2014 1:07:49 PM org.apache.catalina.core.StandardService start
INFO: Starting service Catalina
Nov 23, 2014 1:07:49 PM org.apache.catalina.core.StandardEngine start
INFO: Starting Servlet Engine: Apache Tomcat/6.0.35
Nov 23, 2014 1:07:49 PM org.apache.catalina.startup.HostConfig deployDirectory
INFO: Deploying web application directory proj1
Nov 23, 2014 1:07:49 PM org.apache.catalina.loader.WebappClassLoader validateJarFile
INFO: validateJarFile(/cshome/satodd/catalina/webapps/proj1/WEB-INF/lib/servlet-api.jar) - jar not loaded. See Servlet Spec 2.3, section 9.7.2. Offending class: javax/servlet/Servlet.class
Nov 23, 2014 1:07:49 PM org.apache.catalina.startup.HostConfig deployDirectory
INFO: Deploying web application directory ROOT
Nov 23, 2014 1:07:49 PM org.apache.coyote.http11.Http11Protocol start
INFO: Starting Coyote HTTP/1.1 on http-16460
Nov 23, 2014 1:07:49 PM org.apache.jk.common.ChannelSocket init
INFO: JK: ajp13 listening on /0.0.0.0:8009
Nov 23, 2014 1:07:49 PM org.apache.jk.server.JkMain start
INFO: Jk running ID=0 time=0/10  config=null
Nov 23, 2014 1:07:49 PM org.apache.catalina.startup.Catalina start
INFO: Server startup in 211 ms
Nov 23, 2014 1:13:38 PM org.apache.coyote.http11.Http11Protocol pause
INFO: Pausing Coyote HTTP/1.1 on http-16460
Nov 23, 2014 1:13:39 PM org.apache.catalina.core.StandardService stop
INFO: Stopping service Catalina
Nov 23, 2014 1:13:39 PM org.apache.catalina.loader.WebappClassLoader clearReferencesJdbc
SEVERE: The web application [/proj1] registered the JDBC driver [oracle.jdbc.OracleDriver] but failed to unregister it when the web application was stopped. To prevent a memory leak, the JDBC Driver has been forcibly unregistered.
Nov 23, 2014 1:13:39 PM org.apache.coyote.http11.Http11Protocol destroy
INFO: Stopping Coyote HTTP/1.1 on http-16460
Nov 23, 2014 1:13:41 PM org.apache.catalina.core.AprLifecycleListener init
INFO: The APR based Apache Tomcat Native library which allows optimal performance in production environments was not found on the java.library.path: /usr/lib/jvm/java-6-openjdk-amd64/jre/lib/amd64/server:/usr/lib/jvm/java-6-openjdk-amd64/jre/lib/amd64:/usr/lib/jvm/java-6-openjdk-amd64/jre/../lib/amd64:/oracle/lib:/usr/java/packages/lib/amd64:/usr/lib/x86_64-linux-gnu/jni:/lib/x86_64-linux-gnu:/usr/lib/x86_64-linux-gnu:/usr/lib/jni:/lib:/usr/lib
Nov 23, 2014 1:13:41 PM org.apache.coyote.http11.Http11Protocol init
INFO: Initializing Coyote HTTP/1.1 on http-16460
Nov 23, 2014 1:13:41 PM org.apache.catalina.startup.Catalina load
INFO: Initialization processed in 335 ms
Nov 23, 2014 1:13:41 PM org.apache.catalina.core.StandardService start
INFO: Starting service Catalina
Nov 23, 2014 1:13:41 PM org.apache.catalina.core.StandardEngine start
INFO: Starting Servlet Engine: Apache Tomcat/6.0.35
Nov 23, 2014 1:13:41 PM org.apache.catalina.startup.HostConfig deployDirectory
INFO: Deploying web application directory proj1
Nov 23, 2014 1:13:41 PM org.apache.catalina.loader.WebappClassLoader validateJarFile
INFO: validateJarFile(/cshome/satodd/catalina/webapps/proj1/WEB-INF/lib/servlet-api.jar) - jar not loaded. See Servlet Spec 2.3, section 9.7.2. Offending class: javax/servlet/Servlet.class
Nov 23, 2014 1:13:41 PM org.apache.catalina.startup.HostConfig deployDirectory
INFO: Deploying web application directory ROOT
Nov 23, 2014 1:13:42 PM org.apache.coyote.http11.Http11Protocol start
INFO: Starting Coyote HTTP/1.1 on http-16460
Nov 23, 2014 1:13:42 PM org.apache.jk.common.ChannelSocket init
INFO: JK: ajp13 listening on /0.0.0.0:8009
Nov 23, 2014 1:13:42 PM org.apache.jk.server.JkMain start
INFO: Jk running ID=0 time=0/11  config=null
Nov 23, 2014 1:13:42 PM org.apache.catalina.startup.Catalina start
INFO: Server startup in 213 ms
Nov 23, 2014 1:14:50 PM org.apache.coyote.http11.Http11Protocol pause
INFO: Pausing Coyote HTTP/1.1 on http-16460
Nov 23, 2014 1:14:51 PM org.apache.catalina.core.StandardService stop
INFO: Stopping service Catalina
Nov 23, 2014 1:14:51 PM org.apache.catalina.loader.WebappClassLoader clearReferencesJdbc
SEVERE: The web application [/proj1] registered the JDBC driver [oracle.jdbc.OracleDriver] but failed to unregister it when the web application was stopped. To prevent a memory leak, the JDBC Driver has been forcibly unregistered.
Nov 23, 2014 1:14:51 PM org.apache.coyote.http11.Http11Protocol destroy
INFO: Stopping Coyote HTTP/1.1 on http-16460
Nov 23, 2014 1:14:52 PM org.apache.catalina.core.AprLifecycleListener init
INFO: The APR based Apache Tomcat Native library which allows optimal performance in production environments was not found on the java.library.path: /usr/lib/jvm/java-6-openjdk-amd64/jre/lib/amd64/server:/usr/lib/jvm/java-6-openjdk-amd64/jre/lib/amd64:/usr/lib/jvm/java-6-openjdk-amd64/jre/../lib/amd64:/oracle/lib:/usr/java/packages/lib/amd64:/usr/lib/x86_64-linux-gnu/jni:/lib/x86_64-linux-gnu:/usr/lib/x86_64-linux-gnu:/usr/lib/jni:/lib:/usr/lib
Nov 23, 2014 1:14:52 PM org.apache.coyote.http11.Http11Protocol init
INFO: Initializing Coyote HTTP/1.1 on http-16460
Nov 23, 2014 1:14:52 PM org.apache.catalina.startup.Catalina load
INFO: Initialization processed in 329 ms
Nov 23, 2014 1:14:52 PM org.apache.catalina.core.StandardService start
INFO: Starting service Catalina
Nov 23, 2014 1:14:52 PM org.apache.catalina.core.StandardEngine start
INFO: Starting Servlet Engine: Apache Tomcat/6.0.35
Nov 23, 2014 1:14:52 PM org.apache.catalina.startup.HostConfig deployDirectory
INFO: Deploying web application directory proj1
Nov 23, 2014 1:14:52 PM org.apache.catalina.loader.WebappClassLoader validateJarFile
INFO: validateJarFile(/cshome/satodd/catalina/webapps/proj1/WEB-INF/lib/servlet-api.jar) - jar not loaded. See Servlet Spec 2.3, section 9.7.2. Offending class: javax/servlet/Servlet.class
Nov 23, 2014 1:14:52 PM org.apache.catalina.startup.HostConfig deployDirectory
INFO: Deploying web application directory ROOT
Nov 23, 2014 1:14:52 PM org.apache.coyote.http11.Http11Protocol start
INFO: Starting Coyote HTTP/1.1 on http-16460
Nov 23, 2014 1:14:52 PM org.apache.jk.common.ChannelSocket init
INFO: JK: ajp13 listening on /0.0.0.0:8009
Nov 23, 2014 1:14:52 PM org.apache.jk.server.JkMain start
INFO: Jk running ID=0 time=0/11  config=null
Nov 23, 2014 1:14:52 PM org.apache.catalina.startup.Catalina start
INFO: Server startup in 214 ms
Nov 23, 2014 1:21:42 PM org.apache.coyote.http11.Http11Protocol pause
INFO: Pausing Coyote HTTP/1.1 on http-16460
Nov 23, 2014 1:21:43 PM org.apache.catalina.core.StandardService stop
INFO: Stopping service Catalina
Nov 23, 2014 1:21:43 PM org.apache.catalina.loader.WebappClassLoader clearReferencesJdbc
SEVERE: The web application [/proj1] registered the JDBC driver [oracle.jdbc.OracleDriver] but failed to unregister it when the web application was stopped. To prevent a memory leak, the JDBC Driver has been forcibly unregistered.
Nov 23, 2014 1:21:43 PM org.apache.coyote.http11.Http11Protocol destroy
INFO: Stopping Coyote HTTP/1.1 on http-16460
Nov 23, 2014 1:21:43 PM org.apache.catalina.core.AprLifecycleListener init
INFO: The APR based Apache Tomcat Native library which allows optimal performance in production environments was not found on the java.library.path: /usr/lib/jvm/java-6-openjdk-amd64/jre/lib/amd64/server:/usr/lib/jvm/java-6-openjdk-amd64/jre/lib/amd64:/usr/lib/jvm/java-6-openjdk-amd64/jre/../lib/amd64:/oracle/lib:/usr/java/packages/lib/amd64:/usr/lib/x86_64-linux-gnu/jni:/lib/x86_64-linux-gnu:/usr/lib/x86_64-linux-gnu:/usr/lib/jni:/lib:/usr/lib
Nov 23, 2014 1:21:44 PM org.apache.coyote.http11.Http11Protocol init
INFO: Initializing Coyote HTTP/1.1 on http-16460
Nov 23, 2014 1:21:44 PM org.apache.catalina.startup.Catalina load
INFO: Initialization processed in 338 ms
Nov 23, 2014 1:21:44 PM org.apache.catalina.core.StandardService start
INFO: Starting service Catalina
Nov 23, 2014 1:21:44 PM org.apache.catalina.core.StandardEngine start
INFO: Starting Servlet Engine: Apache Tomcat/6.0.35
Nov 23, 2014 1:21:44 PM org.apache.catalina.startup.HostConfig deployDirectory
INFO: Deploying web application directory proj1
Nov 23, 2014 1:21:44 PM org.apache.catalina.loader.WebappClassLoader validateJarFile
INFO: validateJarFile(/cshome/satodd/catalina/webapps/proj1/WEB-INF/lib/servlet-api.jar) - jar not loaded. See Servlet Spec 2.3, section 9.7.2. Offending class: javax/servlet/Servlet.class
Nov 23, 2014 1:21:44 PM org.apache.catalina.startup.HostConfig deployDirectory
INFO: Deploying web application directory ROOT
Nov 23, 2014 1:21:44 PM org.apache.coyote.http11.Http11Protocol start
INFO: Starting Coyote HTTP/1.1 on http-16460
Nov 23, 2014 1:21:44 PM org.apache.jk.common.ChannelSocket init
INFO: JK: ajp13 listening on /0.0.0.0:8009
Nov 23, 2014 1:21:44 PM org.apache.jk.server.JkMain start
INFO: Jk running ID=0 time=0/12  config=null
Nov 23, 2014 1:21:44 PM org.apache.catalina.startup.Catalina start
INFO: Server startup in 220 ms
Nov 23, 2014 1:34:55 PM org.apache.coyote.http11.Http11Protocol pause
INFO: Pausing Coyote HTTP/1.1 on http-16460
Nov 23, 2014 1:34:56 PM org.apache.catalina.core.StandardService stop
INFO: Stopping service Catalina
Nov 23, 2014 1:34:56 PM org.apache.catalina.loader.WebappClassLoader clearReferencesJdbc
SEVERE: The web application [/proj1] registered the JDBC driver [oracle.jdbc.OracleDriver] but failed to unregister it when the web application was stopped. To prevent a memory leak, the JDBC Driver has been forcibly unregistered.
Nov 23, 2014 1:34:57 PM org.apache.coyote.http11.Http11Protocol destroy
INFO: Stopping Coyote HTTP/1.1 on http-16460
Nov 23, 2014 1:34:58 PM org.apache.catalina.core.AprLifecycleListener init
INFO: The APR based Apache Tomcat Native library which allows optimal performance in production environments was not found on the java.library.path: /usr/lib/jvm/java-6-openjdk-amd64/jre/lib/amd64/server:/usr/lib/jvm/java-6-openjdk-amd64/jre/lib/amd64:/usr/lib/jvm/java-6-openjdk-amd64/jre/../lib/amd64:/oracle/lib:/usr/java/packages/lib/amd64:/usr/lib/x86_64-linux-gnu/jni:/lib/x86_64-linux-gnu:/usr/lib/x86_64-linux-gnu:/usr/lib/jni:/lib:/usr/lib
Nov 23, 2014 1:34:58 PM org.apache.coyote.http11.Http11Protocol init
INFO: Initializing Coyote HTTP/1.1 on http-16460
Nov 23, 2014 1:34:58 PM org.apache.catalina.startup.Catalina load
INFO: Initialization processed in 340 ms
Nov 23, 2014 1:34:58 PM org.apache.catalina.core.StandardService start
INFO: Starting service Catalina
Nov 23, 2014 1:34:58 PM org.apache.catalina.core.StandardEngine start
INFO: Starting Servlet Engine: Apache Tomcat/6.0.35
Nov 23, 2014 1:34:58 PM org.apache.catalina.startup.HostConfig deployDirectory
INFO: Deploying web application directory proj1
Nov 23, 2014 1:34:58 PM org.apache.catalina.loader.WebappClassLoader validateJarFile
INFO: validateJarFile(/cshome/satodd/catalina/webapps/proj1/WEB-INF/lib/servlet-api.jar) - jar not loaded. See Servlet Spec 2.3, section 9.7.2. Offending class: javax/servlet/Servlet.class
Nov 23, 2014 1:34:58 PM org.apache.catalina.startup.HostConfig deployDirectory
INFO: Deploying web application directory ROOT
Nov 23, 2014 1:34:58 PM org.apache.coyote.http11.Http11Protocol start
INFO: Starting Coyote HTTP/1.1 on http-16460
Nov 23, 2014 1:34:58 PM org.apache.jk.common.ChannelSocket init
INFO: JK: ajp13 listening on /0.0.0.0:8009
Nov 23, 2014 1:34:58 PM org.apache.jk.server.JkMain start
INFO: Jk running ID=0 time=0/11  config=null
Nov 23, 2014 1:34:58 PM org.apache.catalina.startup.Catalina start
INFO: Server startup in 215 ms
Nov 23, 2014 1:38:07 PM org.apache.coyote.http11.Http11Protocol pause
INFO: Pausing Coyote HTTP/1.1 on http-16460
Nov 23, 2014 1:38:08 PM org.apache.catalina.core.StandardService stop
INFO: Stopping service Catalina
Nov 23, 2014 1:38:08 PM org.apache.catalina.loader.WebappClassLoader clearReferencesJdbc
SEVERE: The web application [/proj1] registered the JDBC driver [oracle.jdbc.OracleDriver] but failed to unregister it when the web application was stopped. To prevent a memory leak, the JDBC Driver has been forcibly unregistered.
Nov 23, 2014 1:38:08 PM org.apache.coyote.http11.Http11Protocol destroy
INFO: Stopping Coyote HTTP/1.1 on http-16460
Nov 23, 2014 1:38:09 PM org.apache.catalina.core.AprLifecycleListener init
INFO: The APR based Apache Tomcat Native library which allows optimal performance in production environments was not found on the java.library.path: /usr/lib/jvm/java-6-openjdk-amd64/jre/lib/amd64/server:/usr/lib/jvm/java-6-openjdk-amd64/jre/lib/amd64:/usr/lib/jvm/java-6-openjdk-amd64/jre/../lib/amd64:/oracle/lib:/usr/java/packages/lib/amd64:/usr/lib/x86_64-linux-gnu/jni:/lib/x86_64-linux-gnu:/usr/lib/x86_64-linux-gnu:/usr/lib/jni:/lib:/usr/lib
Nov 23, 2014 1:38:09 PM org.apache.coyote.http11.Http11Protocol init
INFO: Initializing Coyote HTTP/1.1 on http-16460
Nov 23, 2014 1:38:09 PM org.apache.catalina.startup.Catalina load
INFO: Initialization processed in 328 ms
Nov 23, 2014 1:38:09 PM org.apache.catalina.core.StandardService start
INFO: Starting service Catalina
Nov 23, 2014 1:38:09 PM org.apache.catalina.core.StandardEngine start
INFO: Starting Servlet Engine: Apache Tomcat/6.0.35
Nov 23, 2014 1:38:09 PM org.apache.catalina.startup.HostConfig deployDirectory
INFO: Deploying web application directory proj1
Nov 23, 2014 1:38:09 PM org.apache.catalina.loader.WebappClassLoader validateJarFile
INFO: validateJarFile(/cshome/satodd/catalina/webapps/proj1/WEB-INF/lib/servlet-api.jar) - jar not loaded. See Servlet Spec 2.3, section 9.7.2. Offending class: javax/servlet/Servlet.class
Nov 23, 2014 1:38:09 PM org.apache.catalina.startup.HostConfig deployDirectory
INFO: Deploying web application directory ROOT
Nov 23, 2014 1:38:09 PM org.apache.coyote.http11.Http11Protocol start
INFO: Starting Coyote HTTP/1.1 on http-16460
Nov 23, 2014 1:38:09 PM org.apache.jk.common.ChannelSocket init
INFO: JK: ajp13 listening on /0.0.0.0:8009
Nov 23, 2014 1:38:09 PM org.apache.jk.server.JkMain start
INFO: Jk running ID=0 time=0/10  config=null
Nov 23, 2014 1:38:09 PM org.apache.catalina.startup.Catalina start
INFO: Server startup in 216 ms
Nov 23, 2014 1:39:00 PM org.apache.coyote.http11.Http11Protocol pause
INFO: Pausing Coyote HTTP/1.1 on http-16460
Nov 23, 2014 1:39:01 PM org.apache.catalina.core.StandardService stop
INFO: Stopping service Catalina
Nov 23, 2014 1:39:01 PM org.apache.catalina.loader.WebappClassLoader clearReferencesJdbc
SEVERE: The web application [/proj1] registered the JDBC driver [oracle.jdbc.OracleDriver] but failed to unregister it when the web application was stopped. To prevent a memory leak, the JDBC Driver has been forcibly unregistered.
Nov 23, 2014 1:39:01 PM org.apache.coyote.http11.Http11Protocol destroy
INFO: Stopping Coyote HTTP/1.1 on http-16460
Nov 23, 2014 1:39:02 PM org.apache.catalina.core.AprLifecycleListener init
INFO: The APR based Apache Tomcat Native library which allows optimal performance in production environments was not found on the java.library.path: /usr/lib/jvm/java-6-openjdk-amd64/jre/lib/amd64/server:/usr/lib/jvm/java-6-openjdk-amd64/jre/lib/amd64:/usr/lib/jvm/java-6-openjdk-amd64/jre/../lib/amd64:/oracle/lib:/usr/java/packages/lib/amd64:/usr/lib/x86_64-linux-gnu/jni:/lib/x86_64-linux-gnu:/usr/lib/x86_64-linux-gnu:/usr/lib/jni:/lib:/usr/lib
Nov 23, 2014 1:39:02 PM org.apache.coyote.http11.Http11Protocol init
INFO: Initializing Coyote HTTP/1.1 on http-16460
Nov 23, 2014 1:39:02 PM org.apache.catalina.startup.Catalina load
INFO: Initialization processed in 331 ms
Nov 23, 2014 1:39:02 PM org.apache.catalina.core.StandardService start
INFO: Starting service Catalina
Nov 23, 2014 1:39:02 PM org.apache.catalina.core.StandardEngine start
INFO: Starting Servlet Engine: Apache Tomcat/6.0.35
Nov 23, 2014 1:39:02 PM org.apache.catalina.startup.HostConfig deployDirectory
INFO: Deploying web application directory proj1
Nov 23, 2014 1:39:02 PM org.apache.catalina.loader.WebappClassLoader validateJarFile
INFO: validateJarFile(/cshome/satodd/catalina/webapps/proj1/WEB-INF/lib/servlet-api.jar) - jar not loaded. See Servlet Spec 2.3, section 9.7.2. Offending class: javax/servlet/Servlet.class
Nov 23, 2014 1:39:02 PM org.apache.catalina.startup.HostConfig deployDirectory
INFO: Deploying web application directory ROOT
Nov 23, 2014 1:39:02 PM org.apache.coyote.http11.Http11Protocol start
INFO: Starting Coyote HTTP/1.1 on http-16460
Nov 23, 2014 1:39:02 PM org.apache.jk.common.ChannelSocket init
INFO: JK: ajp13 listening on /0.0.0.0:8009
Nov 23, 2014 1:39:02 PM org.apache.jk.server.JkMain start
INFO: Jk running ID=0 time=0/12  config=null
Nov 23, 2014 1:39:02 PM org.apache.catalina.startup.Catalina start
INFO: Server startup in 226 ms
Nov 23, 2014 1:41:10 PM org.apache.coyote.http11.Http11Protocol pause
INFO: Pausing Coyote HTTP/1.1 on http-16460
Nov 23, 2014 1:41:11 PM org.apache.catalina.core.StandardService stop
INFO: Stopping service Catalina
Nov 23, 2014 1:41:11 PM org.apache.catalina.loader.WebappClassLoader clearReferencesJdbc
SEVERE: The web application [/proj1] registered the JDBC driver [oracle.jdbc.OracleDriver] but failed to unregister it when the web application was stopped. To prevent a memory leak, the JDBC Driver has been forcibly unregistered.
Nov 23, 2014 1:41:11 PM org.apache.coyote.http11.Http11Protocol destroy
INFO: Stopping Coyote HTTP/1.1 on http-16460
Nov 23, 2014 1:41:12 PM org.apache.catalina.core.AprLifecycleListener init
INFO: The APR based Apache Tomcat Native library which allows optimal performance in production environments was not found on the java.library.path: /usr/lib/jvm/java-6-openjdk-amd64/jre/lib/amd64/server:/usr/lib/jvm/java-6-openjdk-amd64/jre/lib/amd64:/usr/lib/jvm/java-6-openjdk-amd64/jre/../lib/amd64:/oracle/lib:/usr/java/packages/lib/amd64:/usr/lib/x86_64-linux-gnu/jni:/lib/x86_64-linux-gnu:/usr/lib/x86_64-linux-gnu:/usr/lib/jni:/lib:/usr/lib
Nov 23, 2014 1:41:13 PM org.apache.coyote.http11.Http11Protocol init
INFO: Initializing Coyote HTTP/1.1 on http-16460
Nov 23, 2014 1:41:13 PM org.apache.catalina.startup.Catalina load
INFO: Initialization processed in 338 ms
Nov 23, 2014 1:41:13 PM org.apache.catalina.core.StandardService start
INFO: Starting service Catalina
Nov 23, 2014 1:41:13 PM org.apache.catalina.core.StandardEngine start
INFO: Starting Servlet Engine: Apache Tomcat/6.0.35
Nov 23, 2014 1:41:13 PM org.apache.catalina.startup.HostConfig deployDirectory
INFO: Deploying web application directory proj1
Nov 23, 2014 1:41:13 PM org.apache.catalina.loader.WebappClassLoader validateJarFile
INFO: validateJarFile(/cshome/satodd/catalina/webapps/proj1/WEB-INF/lib/servlet-api.jar) - jar not loaded. See Servlet Spec 2.3, section 9.7.2. Offending class: javax/servlet/Servlet.class
Nov 23, 2014 1:41:13 PM org.apache.catalina.startup.HostConfig deployDirectory
INFO: Deploying web application directory ROOT
Nov 23, 2014 1:41:13 PM org.apache.coyote.http11.Http11Protocol start
INFO: Starting Coyote HTTP/1.1 on http-16460
Nov 23, 2014 1:41:13 PM org.apache.jk.common.ChannelSocket init
INFO: JK: ajp13 listening on /0.0.0.0:8009
Nov 23, 2014 1:41:13 PM org.apache.jk.server.JkMain start
INFO: Jk running ID=0 time=0/11  config=null
Nov 23, 2014 1:41:13 PM org.apache.catalina.startup.Catalina start
INFO: Server startup in 215 ms
Nov 23, 2014 1:44:02 PM org.apache.coyote.http11.Http11Protocol pause
INFO: Pausing Coyote HTTP/1.1 on http-16460
Nov 23, 2014 1:44:03 PM org.apache.catalina.core.StandardService stop
INFO: Stopping service Catalina
Nov 23, 2014 1:44:03 PM org.apache.catalina.loader.WebappClassLoader clearReferencesJdbc
SEVERE: The web application [/proj1] registered the JDBC driver [oracle.jdbc.OracleDriver] but failed to unregister it when the web application was stopped. To prevent a memory leak, the JDBC Driver has been forcibly unregistered.
Nov 23, 2014 1:44:03 PM org.apache.coyote.http11.Http11Protocol destroy
INFO: Stopping Coyote HTTP/1.1 on http-16460
Nov 23, 2014 1:44:04 PM org.apache.catalina.core.AprLifecycleListener init
INFO: The APR based Apache Tomcat Native library which allows optimal performance in production environments was not found on the java.library.path: /usr/lib/jvm/java-6-openjdk-amd64/jre/lib/amd64/server:/usr/lib/jvm/java-6-openjdk-amd64/jre/lib/amd64:/usr/lib/jvm/java-6-openjdk-amd64/jre/../lib/amd64:/oracle/lib:/usr/java/packages/lib/amd64:/usr/lib/x86_64-linux-gnu/jni:/lib/x86_64-linux-gnu:/usr/lib/x86_64-linux-gnu:/usr/lib/jni:/lib:/usr/lib
Nov 23, 2014 1:44:04 PM org.apache.coyote.http11.Http11Protocol init
INFO: Initializing Coyote HTTP/1.1 on http-16460
Nov 23, 2014 1:44:04 PM org.apache.catalina.startup.Catalina load
INFO: Initialization processed in 330 ms
Nov 23, 2014 1:44:04 PM org.apache.catalina.core.StandardService start
INFO: Starting service Catalina
Nov 23, 2014 1:44:04 PM org.apache.catalina.core.StandardEngine start
INFO: Starting Servlet Engine: Apache Tomcat/6.0.35
Nov 23, 2014 1:44:04 PM org.apache.catalina.startup.HostConfig deployDirectory
INFO: Deploying web application directory proj1
Nov 23, 2014 1:44:04 PM org.apache.catalina.loader.WebappClassLoader validateJarFile
INFO: validateJarFile(/cshome/satodd/catalina/webapps/proj1/WEB-INF/lib/servlet-api.jar) - jar not loaded. See Servlet Spec 2.3, section 9.7.2. Offending class: javax/servlet/Servlet.class
Nov 23, 2014 1:44:04 PM org.apache.catalina.startup.HostConfig deployDirectory
INFO: Deploying web application directory ROOT
Nov 23, 2014 1:44:04 PM org.apache.coyote.http11.Http11Protocol start
INFO: Starting Coyote HTTP/1.1 on http-16460
Nov 23, 2014 1:44:04 PM org.apache.jk.common.ChannelSocket init
INFO: JK: ajp13 listening on /0.0.0.0:8009
Nov 23, 2014 1:44:04 PM org.apache.jk.server.JkMain start
INFO: Jk running ID=0 time=0/11  config=null
Nov 23, 2014 1:44:04 PM org.apache.catalina.startup.Catalina start
INFO: Server startup in 215 ms
Nov 23, 2014 1:53:14 PM org.apache.coyote.http11.Http11Protocol pause
INFO: Pausing Coyote HTTP/1.1 on http-16460
Nov 23, 2014 1:53:15 PM org.apache.catalina.core.StandardService stop
INFO: Stopping service Catalina
Nov 23, 2014 1:53:15 PM org.apache.catalina.loader.WebappClassLoader clearReferencesJdbc
SEVERE: The web application [/proj1] registered the JDBC driver [oracle.jdbc.OracleDriver] but failed to unregister it when the web application was stopped. To prevent a memory leak, the JDBC Driver has been forcibly unregistered.
Nov 23, 2014 1:53:16 PM org.apache.coyote.http11.Http11Protocol destroy
INFO: Stopping Coyote HTTP/1.1 on http-16460
Nov 23, 2014 1:53:17 PM org.apache.catalina.core.AprLifecycleListener init
INFO: The APR based Apache Tomcat Native library which allows optimal performance in production environments was not found on the java.library.path: /usr/lib/jvm/java-6-openjdk-amd64/jre/lib/amd64/server:/usr/lib/jvm/java-6-openjdk-amd64/jre/lib/amd64:/usr/lib/jvm/java-6-openjdk-amd64/jre/../lib/amd64:/oracle/lib:/usr/java/packages/lib/amd64:/usr/lib/x86_64-linux-gnu/jni:/lib/x86_64-linux-gnu:/usr/lib/x86_64-linux-gnu:/usr/lib/jni:/lib:/usr/lib
Nov 23, 2014 1:53:17 PM org.apache.coyote.http11.Http11Protocol init
INFO: Initializing Coyote HTTP/1.1 on http-16460
Nov 23, 2014 1:53:17 PM org.apache.catalina.startup.Catalina load
INFO: Initialization processed in 330 ms
Nov 23, 2014 1:53:17 PM org.apache.catalina.core.StandardService start
INFO: Starting service Catalina
Nov 23, 2014 1:53:17 PM org.apache.catalina.core.StandardEngine start
INFO: Starting Servlet Engine: Apache Tomcat/6.0.35
Nov 23, 2014 1:53:17 PM org.apache.catalina.startup.HostConfig deployDirectory
INFO: Deploying web application directory proj1
Nov 23, 2014 1:53:17 PM org.apache.catalina.loader.WebappClassLoader validateJarFile
INFO: validateJarFile(/cshome/satodd/catalina/webapps/proj1/WEB-INF/lib/servlet-api.jar) - jar not loaded. See Servlet Spec 2.3, section 9.7.2. Offending class: javax/servlet/Servlet.class
Nov 23, 2014 1:53:17 PM org.apache.catalina.startup.HostConfig deployDirectory
INFO: Deploying web application directory ROOT
Nov 23, 2014 1:53:17 PM org.apache.coyote.http11.Http11Protocol start
INFO: Starting Coyote HTTP/1.1 on http-16460
Nov 23, 2014 1:53:17 PM org.apache.jk.common.ChannelSocket init
INFO: JK: ajp13 listening on /0.0.0.0:8009
Nov 23, 2014 1:53:17 PM org.apache.jk.server.JkMain start
INFO: Jk running ID=0 time=0/10  config=null
Nov 23, 2014 1:53:17 PM org.apache.catalina.startup.Catalina start
INFO: Server startup in 213 ms
Nov 23, 2014 1:57:50 PM org.apache.coyote.http11.Http11Protocol pause
INFO: Pausing Coyote HTTP/1.1 on http-16460
Nov 23, 2014 1:57:51 PM org.apache.catalina.core.StandardService stop
INFO: Stopping service Catalina
Nov 23, 2014 1:57:51 PM org.apache.catalina.loader.WebappClassLoader clearReferencesJdbc
SEVERE: The web application [/proj1] registered the JDBC driver [oracle.jdbc.OracleDriver] but failed to unregister it when the web application was stopped. To prevent a memory leak, the JDBC Driver has been forcibly unregistered.
Nov 23, 2014 1:57:51 PM org.apache.coyote.http11.Http11Protocol destroy
INFO: Stopping Coyote HTTP/1.1 on http-16460
Nov 23, 2014 1:57:52 PM org.apache.catalina.core.AprLifecycleListener init
INFO: The APR based Apache Tomcat Native library which allows optimal performance in production environments was not found on the java.library.path: /usr/lib/jvm/java-6-openjdk-amd64/jre/lib/amd64/server:/usr/lib/jvm/java-6-openjdk-amd64/jre/lib/amd64:/usr/lib/jvm/java-6-openjdk-amd64/jre/../lib/amd64:/oracle/lib:/usr/java/packages/lib/amd64:/usr/lib/x86_64-linux-gnu/jni:/lib/x86_64-linux-gnu:/usr/lib/x86_64-linux-gnu:/usr/lib/jni:/lib:/usr/lib
Nov 23, 2014 1:57:52 PM org.apache.coyote.http11.Http11Protocol init
INFO: Initializing Coyote HTTP/1.1 on http-16460
Nov 23, 2014 1:57:52 PM org.apache.catalina.startup.Catalina load
INFO: Initialization processed in 348 ms
Nov 23, 2014 1:57:52 PM org.apache.catalina.core.StandardService start
INFO: Starting service Catalina
Nov 23, 2014 1:57:52 PM org.apache.catalina.core.StandardEngine start
INFO: Starting Servlet Engine: Apache Tomcat/6.0.35
Nov 23, 2014 1:57:52 PM org.apache.catalina.startup.HostConfig deployDirectory
INFO: Deploying web application directory proj1
Nov 23, 2014 1:57:52 PM org.apache.catalina.loader.WebappClassLoader validateJarFile
INFO: validateJarFile(/cshome/satodd/catalina/webapps/proj1/WEB-INF/lib/servlet-api.jar) - jar not loaded. See Servlet Spec 2.3, section 9.7.2. Offending class: javax/servlet/Servlet.class
Nov 23, 2014 1:57:52 PM org.apache.catalina.startup.HostConfig deployDirectory
INFO: Deploying web application directory ROOT
Nov 23, 2014 1:57:52 PM org.apache.coyote.http11.Http11Protocol start
INFO: Starting Coyote HTTP/1.1 on http-16460
Nov 23, 2014 1:57:52 PM org.apache.jk.common.ChannelSocket init
INFO: JK: ajp13 listening on /0.0.0.0:8009
Nov 23, 2014 1:57:52 PM org.apache.jk.server.JkMain start
INFO: Jk running ID=0 time=0/11  config=null
Nov 23, 2014 1:57:53 PM org.apache.catalina.startup.Catalina start
INFO: Server startup in 226 ms
Nov 23, 2014 1:59:15 PM org.apache.coyote.http11.Http11Protocol pause
INFO: Pausing Coyote HTTP/1.1 on http-16460
Nov 23, 2014 1:59:16 PM org.apache.catalina.core.StandardService stop
INFO: Stopping service Catalina
Nov 23, 2014 1:59:16 PM org.apache.catalina.loader.WebappClassLoader clearReferencesJdbc
SEVERE: The web application [/proj1] registered the JDBC driver [oracle.jdbc.OracleDriver] but failed to unregister it when the web application was stopped. To prevent a memory leak, the JDBC Driver has been forcibly unregistered.
Nov 23, 2014 1:59:16 PM org.apache.coyote.http11.Http11Protocol destroy
INFO: Stopping Coyote HTTP/1.1 on http-16460
Nov 23, 2014 1:59:17 PM org.apache.catalina.core.AprLifecycleListener init
INFO: The APR based Apache Tomcat Native library which allows optimal performance in production environments was not found on the java.library.path: /usr/lib/jvm/java-6-openjdk-amd64/jre/lib/amd64/server:/usr/lib/jvm/java-6-openjdk-amd64/jre/lib/amd64:/usr/lib/jvm/java-6-openjdk-amd64/jre/../lib/amd64:/oracle/lib:/usr/java/packages/lib/amd64:/usr/lib/x86_64-linux-gnu/jni:/lib/x86_64-linux-gnu:/usr/lib/x86_64-linux-gnu:/usr/lib/jni:/lib:/usr/lib
Nov 23, 2014 1:59:17 PM org.apache.coyote.http11.Http11Protocol init
INFO: Initializing Coyote HTTP/1.1 on http-16460
Nov 23, 2014 1:59:17 PM org.apache.catalina.startup.Catalina load
INFO: Initialization processed in 335 ms
Nov 23, 2014 1:59:17 PM org.apache.catalina.core.StandardService start
INFO: Starting service Catalina
Nov 23, 2014 1:59:17 PM org.apache.catalina.core.StandardEngine start
INFO: Starting Servlet Engine: Apache Tomcat/6.0.35
Nov 23, 2014 1:59:17 PM org.apache.catalina.startup.HostConfig deployDirectory
INFO: Deploying web application directory proj1
Nov 23, 2014 1:59:17 PM org.apache.catalina.loader.WebappClassLoader validateJarFile
INFO: validateJarFile(/cshome/satodd/catalina/webapps/proj1/WEB-INF/lib/servlet-api.jar) - jar not loaded. See Servlet Spec 2.3, section 9.7.2. Offending class: javax/servlet/Servlet.class
Nov 23, 2014 1:59:18 PM org.apache.catalina.startup.HostConfig deployDirectory
INFO: Deploying web application directory ROOT
Nov 23, 2014 1:59:18 PM org.apache.coyote.http11.Http11Protocol start
INFO: Starting Coyote HTTP/1.1 on http-16460
Nov 23, 2014 1:59:18 PM org.apache.jk.common.ChannelSocket init
INFO: JK: ajp13 listening on /0.0.0.0:8009
Nov 23, 2014 1:59:18 PM org.apache.jk.server.JkMain start
INFO: Jk running ID=0 time=0/11  config=null
Nov 23, 2014 1:59:18 PM org.apache.catalina.startup.Catalina start
INFO: Server startup in 216 ms
Nov 23, 2014 1:59:26 PM org.apache.coyote.http11.Http11Protocol pause
INFO: Pausing Coyote HTTP/1.1 on http-16460
Nov 23, 2014 1:59:27 PM org.apache.catalina.core.StandardService stop
INFO: Stopping service Catalina
Nov 23, 2014 1:59:27 PM org.apache.coyote.http11.Http11Protocol destroy
INFO: Stopping Coyote HTTP/1.1 on http-16460
Nov 23, 2014 1:59:28 PM org.apache.catalina.core.AprLifecycleListener init
INFO: The APR based Apache Tomcat Native library which allows optimal performance in production environments was not found on the java.library.path: /usr/lib/jvm/java-6-openjdk-amd64/jre/lib/amd64/server:/usr/lib/jvm/java-6-openjdk-amd64/jre/lib/amd64:/usr/lib/jvm/java-6-openjdk-amd64/jre/../lib/amd64:/oracle/lib:/usr/java/packages/lib/amd64:/usr/lib/x86_64-linux-gnu/jni:/lib/x86_64-linux-gnu:/usr/lib/x86_64-linux-gnu:/usr/lib/jni:/lib:/usr/lib
Nov 23, 2014 1:59:28 PM org.apache.coyote.http11.Http11Protocol init
INFO: Initializing Coyote HTTP/1.1 on http-16460
Nov 23, 2014 1:59:28 PM org.apache.catalina.startup.Catalina load
INFO: Initialization processed in 338 ms
Nov 23, 2014 1:59:28 PM org.apache.catalina.core.StandardService start
INFO: Starting service Catalina
Nov 23, 2014 1:59:28 PM org.apache.catalina.core.StandardEngine start
INFO: Starting Servlet Engine: Apache Tomcat/6.0.35
Nov 23, 2014 1:59:28 PM org.apache.catalina.startup.HostConfig deployDirectory
INFO: Deploying web application directory proj1
Nov 23, 2014 1:59:29 PM org.apache.catalina.loader.WebappClassLoader validateJarFile
INFO: validateJarFile(/cshome/satodd/catalina/webapps/proj1/WEB-INF/lib/servlet-api.jar) - jar not loaded. See Servlet Spec 2.3, section 9.7.2. Offending class: javax/servlet/Servlet.class
Nov 23, 2014 1:59:29 PM org.apache.catalina.startup.HostConfig deployDirectory
INFO: Deploying web application directory ROOT
Nov 23, 2014 1:59:29 PM org.apache.coyote.http11.Http11Protocol start
INFO: Starting Coyote HTTP/1.1 on http-16460
Nov 23, 2014 1:59:29 PM org.apache.jk.common.ChannelSocket init
INFO: JK: ajp13 listening on /0.0.0.0:8009
Nov 23, 2014 1:59:29 PM org.apache.jk.server.JkMain start
INFO: Jk running ID=0 time=0/11  config=null
Nov 23, 2014 1:59:29 PM org.apache.catalina.startup.Catalina start
INFO: Server startup in 216 ms
Nov 23, 2014 2:01:18 PM org.apache.coyote.http11.Http11Protocol pause
INFO: Pausing Coyote HTTP/1.1 on http-16460
Nov 23, 2014 2:01:19 PM org.apache.catalina.core.StandardService stop
INFO: Stopping service Catalina
Nov 23, 2014 2:01:19 PM org.apache.catalina.loader.WebappClassLoader clearReferencesJdbc
SEVERE: The web application [/proj1] registered the JDBC driver [oracle.jdbc.OracleDriver] but failed to unregister it when the web application was stopped. To prevent a memory leak, the JDBC Driver has been forcibly unregistered.
Nov 23, 2014 2:01:19 PM org.apache.coyote.http11.Http11Protocol destroy
INFO: Stopping Coyote HTTP/1.1 on http-16460
Nov 23, 2014 2:01:20 PM org.apache.catalina.core.AprLifecycleListener init
INFO: The APR based Apache Tomcat Native library which allows optimal performance in production environments was not found on the java.library.path: /usr/lib/jvm/java-6-openjdk-amd64/jre/lib/amd64/server:/usr/lib/jvm/java-6-openjdk-amd64/jre/lib/amd64:/usr/lib/jvm/java-6-openjdk-amd64/jre/../lib/amd64:/oracle/lib:/usr/java/packages/lib/amd64:/usr/lib/x86_64-linux-gnu/jni:/lib/x86_64-linux-gnu:/usr/lib/x86_64-linux-gnu:/usr/lib/jni:/lib:/usr/lib
Nov 23, 2014 2:01:21 PM org.apache.coyote.http11.Http11Protocol init
INFO: Initializing Coyote HTTP/1.1 on http-16460
Nov 23, 2014 2:01:21 PM org.apache.catalina.startup.Catalina load
INFO: Initialization processed in 333 ms
Nov 23, 2014 2:01:21 PM org.apache.catalina.core.StandardService start
INFO: Starting service Catalina
Nov 23, 2014 2:01:21 PM org.apache.catalina.core.StandardEngine start
INFO: Starting Servlet Engine: Apache Tomcat/6.0.35
Nov 23, 2014 2:01:21 PM org.apache.catalina.startup.HostConfig deployDirectory
INFO: Deploying web application directory proj1
Nov 23, 2014 2:01:21 PM org.apache.catalina.loader.WebappClassLoader validateJarFile
INFO: validateJarFile(/cshome/satodd/catalina/webapps/proj1/WEB-INF/lib/servlet-api.jar) - jar not loaded. See Servlet Spec 2.3, section 9.7.2. Offending class: javax/servlet/Servlet.class
Nov 23, 2014 2:01:21 PM org.apache.catalina.startup.HostConfig deployDirectory
INFO: Deploying web application directory ROOT
Nov 23, 2014 2:01:21 PM org.apache.coyote.http11.Http11Protocol start
INFO: Starting Coyote HTTP/1.1 on http-16460
Nov 23, 2014 2:01:21 PM org.apache.jk.common.ChannelSocket init
INFO: JK: ajp13 listening on /0.0.0.0:8009
Nov 23, 2014 2:01:21 PM org.apache.jk.server.JkMain start
INFO: Jk running ID=0 time=0/10  config=null
Nov 23, 2014 2:01:21 PM org.apache.catalina.startup.Catalina start
INFO: Server startup in 211 ms
Nov 23, 2014 2:07:51 PM org.apache.coyote.http11.Http11Protocol pause
INFO: Pausing Coyote HTTP/1.1 on http-16460
Nov 23, 2014 2:07:52 PM org.apache.catalina.core.StandardService stop
INFO: Stopping service Catalina
Nov 23, 2014 2:07:52 PM org.apache.catalina.loader.WebappClassLoader clearReferencesJdbc
SEVERE: The web application [/proj1] registered the JDBC driver [oracle.jdbc.OracleDriver] but failed to unregister it when the web application was stopped. To prevent a memory leak, the JDBC Driver has been forcibly unregistered.
Nov 23, 2014 2:07:52 PM org.apache.coyote.http11.Http11Protocol destroy
INFO: Stopping Coyote HTTP/1.1 on http-16460
Nov 23, 2014 2:07:53 PM org.apache.catalina.core.AprLifecycleListener init
INFO: The APR based Apache Tomcat Native library which allows optimal performance in production environments was not found on the java.library.path: /usr/lib/jvm/java-6-openjdk-amd64/jre/lib/amd64/server:/usr/lib/jvm/java-6-openjdk-amd64/jre/lib/amd64:/usr/lib/jvm/java-6-openjdk-amd64/jre/../lib/amd64:/oracle/lib:/usr/java/packages/lib/amd64:/usr/lib/x86_64-linux-gnu/jni:/lib/x86_64-linux-gnu:/usr/lib/x86_64-linux-gnu:/usr/lib/jni:/lib:/usr/lib
Nov 23, 2014 2:07:53 PM org.apache.coyote.http11.Http11Protocol init
INFO: Initializing Coyote HTTP/1.1 on http-16460
Nov 23, 2014 2:07:53 PM org.apache.catalina.startup.Catalina load
INFO: Initialization processed in 337 ms
Nov 23, 2014 2:07:53 PM org.apache.catalina.core.StandardService start
INFO: Starting service Catalina
Nov 23, 2014 2:07:53 PM org.apache.catalina.core.StandardEngine start
INFO: Starting Servlet Engine: Apache Tomcat/6.0.35
Nov 23, 2014 2:07:53 PM org.apache.catalina.startup.HostConfig deployDirectory
INFO: Deploying web application directory proj1
Nov 23, 2014 2:07:53 PM org.apache.catalina.loader.WebappClassLoader validateJarFile
INFO: validateJarFile(/cshome/satodd/catalina/webapps/proj1/WEB-INF/lib/servlet-api.jar) - jar not loaded. See Servlet Spec 2.3, section 9.7.2. Offending class: javax/servlet/Servlet.class
Nov 23, 2014 2:07:53 PM org.apache.catalina.startup.HostConfig deployDirectory
INFO: Deploying web application directory ROOT
Nov 23, 2014 2:07:53 PM org.apache.coyote.http11.Http11Protocol start
INFO: Starting Coyote HTTP/1.1 on http-16460
Nov 23, 2014 2:07:53 PM org.apache.jk.common.ChannelSocket init
INFO: JK: ajp13 listening on /0.0.0.0:8009
Nov 23, 2014 2:07:53 PM org.apache.jk.server.JkMain start
INFO: Jk running ID=0 time=0/12  config=null
Nov 23, 2014 2:07:53 PM org.apache.catalina.startup.Catalina start
INFO: Server startup in 218 ms
Nov 23, 2014 2:11:52 PM org.apache.coyote.http11.Http11Protocol pause
INFO: Pausing Coyote HTTP/1.1 on http-16460
Nov 23, 2014 2:11:53 PM org.apache.catalina.core.StandardService stop
INFO: Stopping service Catalina
Nov 23, 2014 2:11:53 PM org.apache.coyote.http11.Http11Protocol destroy
INFO: Stopping Coyote HTTP/1.1 on http-16460
Nov 23, 2014 2:11:54 PM org.apache.catalina.core.AprLifecycleListener init
INFO: The APR based Apache Tomcat Native library which allows optimal performance in production environments was not found on the java.library.path: /usr/lib/jvm/java-6-openjdk-amd64/jre/lib/amd64/server:/usr/lib/jvm/java-6-openjdk-amd64/jre/lib/amd64:/usr/lib/jvm/java-6-openjdk-amd64/jre/../lib/amd64:/oracle/lib:/usr/java/packages/lib/amd64:/usr/lib/x86_64-linux-gnu/jni:/lib/x86_64-linux-gnu:/usr/lib/x86_64-linux-gnu:/usr/lib/jni:/lib:/usr/lib
Nov 23, 2014 2:11:54 PM org.apache.coyote.http11.Http11Protocol init
INFO: Initializing Coyote HTTP/1.1 on http-16460
Nov 23, 2014 2:11:54 PM org.apache.catalina.startup.Catalina load
INFO: Initialization processed in 337 ms
Nov 23, 2014 2:11:54 PM org.apache.catalina.core.StandardService start
INFO: Starting service Catalina
Nov 23, 2014 2:11:54 PM org.apache.catalina.core.StandardEngine start
INFO: Starting Servlet Engine: Apache Tomcat/6.0.35
Nov 23, 2014 2:11:54 PM org.apache.catalina.startup.HostConfig deployDirectory
INFO: Deploying web application directory proj1
Nov 23, 2014 2:11:54 PM org.apache.catalina.loader.WebappClassLoader validateJarFile
INFO: validateJarFile(/cshome/satodd/catalina/webapps/proj1/WEB-INF/lib/servlet-api.jar) - jar not loaded. See Servlet Spec 2.3, section 9.7.2. Offending class: javax/servlet/Servlet.class
Nov 23, 2014 2:11:54 PM org.apache.catalina.startup.HostConfig deployDirectory
INFO: Deploying web application directory ROOT
Nov 23, 2014 2:11:54 PM org.apache.coyote.http11.Http11Protocol start
INFO: Starting Coyote HTTP/1.1 on http-16460
Nov 23, 2014 2:11:54 PM org.apache.jk.common.ChannelSocket init
INFO: JK: ajp13 listening on /0.0.0.0:8009
Nov 23, 2014 2:11:54 PM org.apache.jk.server.JkMain start
INFO: Jk running ID=0 time=0/11  config=null
Nov 23, 2014 2:11:54 PM org.apache.catalina.startup.Catalina start
INFO: Server startup in 216 ms
Nov 23, 2014 2:13:21 PM org.apache.coyote.http11.Http11Protocol pause
INFO: Pausing Coyote HTTP/1.1 on http-16460
Nov 23, 2014 2:13:22 PM org.apache.catalina.core.StandardService stop
INFO: Stopping service Catalina
Nov 23, 2014 2:13:22 PM org.apache.coyote.http11.Http11Protocol destroy
INFO: Stopping Coyote HTTP/1.1 on http-16460
Nov 23, 2014 2:13:23 PM org.apache.catalina.core.AprLifecycleListener init
INFO: The APR based Apache Tomcat Native library which allows optimal performance in production environments was not found on the java.library.path: /usr/lib/jvm/java-6-openjdk-amd64/jre/lib/amd64/server:/usr/lib/jvm/java-6-openjdk-amd64/jre/lib/amd64:/usr/lib/jvm/java-6-openjdk-amd64/jre/../lib/amd64:/oracle/lib:/usr/java/packages/lib/amd64:/usr/lib/x86_64-linux-gnu/jni:/lib/x86_64-linux-gnu:/usr/lib/x86_64-linux-gnu:/usr/lib/jni:/lib:/usr/lib
Nov 23, 2014 2:13:24 PM org.apache.coyote.http11.Http11Protocol init
INFO: Initializing Coyote HTTP/1.1 on http-16460
Nov 23, 2014 2:13:24 PM org.apache.catalina.startup.Catalina load
INFO: Initialization processed in 340 ms
Nov 23, 2014 2:13:24 PM org.apache.catalina.core.StandardService start
INFO: Starting service Catalina
Nov 23, 2014 2:13:24 PM org.apache.catalina.core.StandardEngine start
INFO: Starting Servlet Engine: Apache Tomcat/6.0.35
Nov 23, 2014 2:13:24 PM org.apache.catalina.startup.HostConfig deployDirectory
INFO: Deploying web application directory proj1
Nov 23, 2014 2:13:24 PM org.apache.catalina.loader.WebappClassLoader validateJarFile
INFO: validateJarFile(/cshome/satodd/catalina/webapps/proj1/WEB-INF/lib/servlet-api.jar) - jar not loaded. See Servlet Spec 2.3, section 9.7.2. Offending class: javax/servlet/Servlet.class
Nov 23, 2014 2:13:24 PM org.apache.catalina.startup.HostConfig deployDirectory
INFO: Deploying web application directory ROOT
Nov 23, 2014 2:13:24 PM org.apache.coyote.http11.Http11Protocol start
INFO: Starting Coyote HTTP/1.1 on http-16460
Nov 23, 2014 2:13:24 PM org.apache.jk.common.ChannelSocket init
INFO: JK: ajp13 listening on /0.0.0.0:8009
Nov 23, 2014 2:13:24 PM org.apache.jk.server.JkMain start
INFO: Jk running ID=0 time=0/11  config=null
Nov 23, 2014 2:13:24 PM org.apache.catalina.startup.Catalina start
INFO: Server startup in 220 ms
Nov 23, 2014 2:14:51 PM org.apache.coyote.http11.Http11Protocol pause
INFO: Pausing Coyote HTTP/1.1 on http-16460
Nov 23, 2014 2:14:52 PM org.apache.catalina.core.StandardService stop
INFO: Stopping service Catalina
Nov 23, 2014 2:14:52 PM org.apache.coyote.http11.Http11Protocol destroy
INFO: Stopping Coyote HTTP/1.1 on http-16460
Nov 23, 2014 2:14:53 PM org.apache.catalina.core.AprLifecycleListener init
INFO: The APR based Apache Tomcat Native library which allows optimal performance in production environments was not found on the java.library.path: /usr/lib/jvm/java-6-openjdk-amd64/jre/lib/amd64/server:/usr/lib/jvm/java-6-openjdk-amd64/jre/lib/amd64:/usr/lib/jvm/java-6-openjdk-amd64/jre/../lib/amd64:/oracle/lib:/usr/java/packages/lib/amd64:/usr/lib/x86_64-linux-gnu/jni:/lib/x86_64-linux-gnu:/usr/lib/x86_64-linux-gnu:/usr/lib/jni:/lib:/usr/lib
Nov 23, 2014 2:14:53 PM org.apache.coyote.http11.Http11Protocol init
INFO: Initializing Coyote HTTP/1.1 on http-16460
Nov 23, 2014 2:14:53 PM org.apache.catalina.startup.Catalina load
INFO: Initialization processed in 338 ms
Nov 23, 2014 2:14:53 PM org.apache.catalina.core.StandardService start
INFO: Starting service Catalina
Nov 23, 2014 2:14:53 PM org.apache.catalina.core.StandardEngine start
INFO: Starting Servlet Engine: Apache Tomcat/6.0.35
Nov 23, 2014 2:14:53 PM org.apache.catalina.startup.HostConfig deployDirectory
INFO: Deploying web application directory proj1
Nov 23, 2014 2:14:53 PM org.apache.catalina.loader.WebappClassLoader validateJarFile
INFO: validateJarFile(/cshome/satodd/catalina/webapps/proj1/WEB-INF/lib/servlet-api.jar) - jar not loaded. See Servlet Spec 2.3, section 9.7.2. Offending class: javax/servlet/Servlet.class
Nov 23, 2014 2:14:53 PM org.apache.catalina.startup.HostConfig deployDirectory
INFO: Deploying web application directory ROOT
Nov 23, 2014 2:14:53 PM org.apache.coyote.http11.Http11Protocol start
INFO: Starting Coyote HTTP/1.1 on http-16460
Nov 23, 2014 2:14:53 PM org.apache.jk.common.ChannelSocket init
INFO: JK: ajp13 listening on /0.0.0.0:8009
Nov 23, 2014 2:14:53 PM org.apache.jk.server.JkMain start
INFO: Jk running ID=0 time=0/11  config=null
Nov 23, 2014 2:14:53 PM org.apache.catalina.startup.Catalina start
INFO: Server startup in 234 ms
Nov 23, 2014 2:18:06 PM org.apache.coyote.http11.Http11Protocol pause
INFO: Pausing Coyote HTTP/1.1 on http-16460
Nov 23, 2014 2:18:07 PM org.apache.catalina.core.StandardService stop
INFO: Stopping service Catalina
Nov 23, 2014 2:18:07 PM org.apache.coyote.http11.Http11Protocol destroy
INFO: Stopping Coyote HTTP/1.1 on http-16460
Nov 23, 2014 2:18:09 PM org.apache.catalina.core.AprLifecycleListener init
INFO: The APR based Apache Tomcat Native library which allows optimal performance in production environments was not found on the java.library.path: /usr/lib/jvm/java-6-openjdk-amd64/jre/lib/amd64/server:/usr/lib/jvm/java-6-openjdk-amd64/jre/lib/amd64:/usr/lib/jvm/java-6-openjdk-amd64/jre/../lib/amd64:/oracle/lib:/usr/java/packages/lib/amd64:/usr/lib/x86_64-linux-gnu/jni:/lib/x86_64-linux-gnu:/usr/lib/x86_64-linux-gnu:/usr/lib/jni:/lib:/usr/lib
Nov 23, 2014 2:18:09 PM org.apache.coyote.http11.Http11Protocol init
INFO: Initializing Coyote HTTP/1.1 on http-16460
Nov 23, 2014 2:18:09 PM org.apache.catalina.startup.Catalina load
INFO: Initialization processed in 329 ms
Nov 23, 2014 2:18:09 PM org.apache.catalina.core.StandardService start
INFO: Starting service Catalina
Nov 23, 2014 2:18:09 PM org.apache.catalina.core.StandardEngine start
INFO: Starting Servlet Engine: Apache Tomcat/6.0.35
Nov 23, 2014 2:18:09 PM org.apache.catalina.startup.HostConfig deployDirectory
INFO: Deploying web application directory proj1
Nov 23, 2014 2:18:09 PM org.apache.catalina.loader.WebappClassLoader validateJarFile
INFO: validateJarFile(/cshome/satodd/catalina/webapps/proj1/WEB-INF/lib/servlet-api.jar) - jar not loaded. See Servlet Spec 2.3, section 9.7.2. Offending class: javax/servlet/Servlet.class
Nov 23, 2014 2:18:09 PM org.apache.catalina.startup.HostConfig deployDirectory
INFO: Deploying web application directory ROOT
Nov 23, 2014 2:18:09 PM org.apache.coyote.http11.Http11Protocol start
INFO: Starting Coyote HTTP/1.1 on http-16460
Nov 23, 2014 2:18:09 PM org.apache.jk.common.ChannelSocket init
INFO: JK: ajp13 listening on /0.0.0.0:8009
Nov 23, 2014 2:18:09 PM org.apache.jk.server.JkMain start
INFO: Jk running ID=0 time=0/11  config=null
Nov 23, 2014 2:18:09 PM org.apache.catalina.startup.Catalina start
INFO: Server startup in 242 ms
Nov 23, 2014 2:20:23 PM org.apache.coyote.http11.Http11Protocol pause
INFO: Pausing Coyote HTTP/1.1 on http-16460
Nov 23, 2014 2:20:24 PM org.apache.catalina.core.StandardService stop
INFO: Stopping service Catalina
Nov 23, 2014 2:20:24 PM org.apache.catalina.loader.WebappClassLoader clearReferencesJdbc
SEVERE: The web application [/proj1] registered the JDBC driver [oracle.jdbc.OracleDriver] but failed to unregister it when the web application was stopped. To prevent a memory leak, the JDBC Driver has been forcibly unregistered.
Nov 23, 2014 2:20:24 PM org.apache.coyote.http11.Http11Protocol destroy
INFO: Stopping Coyote HTTP/1.1 on http-16460
Nov 23, 2014 2:20:26 PM org.apache.catalina.core.AprLifecycleListener init
INFO: The APR based Apache Tomcat Native library which allows optimal performance in production environments was not found on the java.library.path: /usr/lib/jvm/java-6-openjdk-amd64/jre/lib/amd64/server:/usr/lib/jvm/java-6-openjdk-amd64/jre/lib/amd64:/usr/lib/jvm/java-6-openjdk-amd64/jre/../lib/amd64:/oracle/lib:/usr/java/packages/lib/amd64:/usr/lib/x86_64-linux-gnu/jni:/lib/x86_64-linux-gnu:/usr/lib/x86_64-linux-gnu:/usr/lib/jni:/lib:/usr/lib
Nov 23, 2014 2:20:26 PM org.apache.coyote.http11.Http11Protocol init
INFO: Initializing Coyote HTTP/1.1 on http-16460
Nov 23, 2014 2:20:26 PM org.apache.catalina.startup.Catalina load
INFO: Initialization processed in 327 ms
Nov 23, 2014 2:20:26 PM org.apache.catalina.core.StandardService start
INFO: Starting service Catalina
Nov 23, 2014 2:20:26 PM org.apache.catalina.core.StandardEngine start
INFO: Starting Servlet Engine: Apache Tomcat/6.0.35
Nov 23, 2014 2:20:26 PM org.apache.catalina.startup.HostConfig deployDirectory
INFO: Deploying web application directory proj1
Nov 23, 2014 2:20:26 PM org.apache.catalina.loader.WebappClassLoader validateJarFile
INFO: validateJarFile(/cshome/satodd/catalina/webapps/proj1/WEB-INF/lib/servlet-api.jar) - jar not loaded. See Servlet Spec 2.3, section 9.7.2. Offending class: javax/servlet/Servlet.class
Nov 23, 2014 2:20:26 PM org.apache.catalina.startup.HostConfig deployDirectory
INFO: Deploying web application directory ROOT
Nov 23, 2014 2:20:26 PM org.apache.coyote.http11.Http11Protocol start
INFO: Starting Coyote HTTP/1.1 on http-16460
Nov 23, 2014 2:20:26 PM org.apache.jk.common.ChannelSocket init
INFO: JK: ajp13 listening on /0.0.0.0:8009
Nov 23, 2014 2:20:26 PM org.apache.jk.server.JkMain start
INFO: Jk running ID=0 time=0/12  config=null
Nov 23, 2014 2:20:26 PM org.apache.catalina.startup.Catalina start
INFO: Server startup in 244 ms
Nov 23, 2014 2:20:51 PM org.apache.coyote.http11.Http11Protocol pause
INFO: Pausing Coyote HTTP/1.1 on http-16460
Nov 23, 2014 2:20:52 PM org.apache.catalina.core.StandardService stop
INFO: Stopping service Catalina
Nov 23, 2014 2:20:52 PM org.apache.catalina.loader.WebappClassLoader clearReferencesJdbc
SEVERE: The web application [/proj1] registered the JDBC driver [oracle.jdbc.OracleDriver] but failed to unregister it when the web application was stopped. To prevent a memory leak, the JDBC Driver has been forcibly unregistered.
Nov 23, 2014 2:20:52 PM org.apache.coyote.http11.Http11Protocol destroy
INFO: Stopping Coyote HTTP/1.1 on http-16460
Nov 23, 2014 2:20:54 PM org.apache.catalina.core.AprLifecycleListener init
INFO: The APR based Apache Tomcat Native library which allows optimal performance in production environments was not found on the java.library.path: /usr/lib/jvm/java-6-openjdk-amd64/jre/lib/amd64/server:/usr/lib/jvm/java-6-openjdk-amd64/jre/lib/amd64:/usr/lib/jvm/java-6-openjdk-amd64/jre/../lib/amd64:/oracle/lib:/usr/java/packages/lib/amd64:/usr/lib/x86_64-linux-gnu/jni:/lib/x86_64-linux-gnu:/usr/lib/x86_64-linux-gnu:/usr/lib/jni:/lib:/usr/lib
Nov 23, 2014 2:20:54 PM org.apache.coyote.http11.Http11Protocol init
INFO: Initializing Coyote HTTP/1.1 on http-16460
Nov 23, 2014 2:20:54 PM org.apache.catalina.startup.Catalina load
INFO: Initialization processed in 320 ms
Nov 23, 2014 2:20:54 PM org.apache.catalina.core.StandardService start
INFO: Starting service Catalina
Nov 23, 2014 2:20:54 PM org.apache.catalina.core.StandardEngine start
INFO: Starting Servlet Engine: Apache Tomcat/6.0.35
Nov 23, 2014 2:20:54 PM org.apache.catalina.startup.HostConfig deployDirectory
INFO: Deploying web application directory proj1
Nov 23, 2014 2:20:54 PM org.apache.catalina.loader.WebappClassLoader validateJarFile
INFO: validateJarFile(/cshome/satodd/catalina/webapps/proj1/WEB-INF/lib/servlet-api.jar) - jar not loaded. See Servlet Spec 2.3, section 9.7.2. Offending class: javax/servlet/Servlet.class
Nov 23, 2014 2:20:54 PM org.apache.catalina.startup.HostConfig deployDirectory
INFO: Deploying web application directory ROOT
Nov 23, 2014 2:20:54 PM org.apache.coyote.http11.Http11Protocol start
INFO: Starting Coyote HTTP/1.1 on http-16460
Nov 23, 2014 2:20:54 PM org.apache.jk.common.ChannelSocket init
INFO: JK: ajp13 listening on /0.0.0.0:8009
Nov 23, 2014 2:20:54 PM org.apache.jk.server.JkMain start
INFO: Jk running ID=0 time=0/11  config=null
Nov 23, 2014 2:20:54 PM org.apache.catalina.startup.Catalina start
INFO: Server startup in 213 ms
Nov 23, 2014 2:21:34 PM org.apache.coyote.http11.Http11Protocol pause
INFO: Pausing Coyote HTTP/1.1 on http-16460
Nov 23, 2014 2:21:36 PM org.apache.catalina.core.StandardService stop
INFO: Stopping service Catalina
Nov 23, 2014 2:21:36 PM org.apache.catalina.loader.WebappClassLoader clearReferencesJdbc
SEVERE: The web application [/proj1] registered the JDBC driver [oracle.jdbc.OracleDriver] but failed to unregister it when the web application was stopped. To prevent a memory leak, the JDBC Driver has been forcibly unregistered.
Nov 23, 2014 2:21:36 PM org.apache.coyote.http11.Http11Protocol destroy
INFO: Stopping Coyote HTTP/1.1 on http-16460
Nov 23, 2014 2:21:37 PM org.apache.catalina.core.AprLifecycleListener init
INFO: The APR based Apache Tomcat Native library which allows optimal performance in production environments was not found on the java.library.path: /usr/lib/jvm/java-6-openjdk-amd64/jre/lib/amd64/server:/usr/lib/jvm/java-6-openjdk-amd64/jre/lib/amd64:/usr/lib/jvm/java-6-openjdk-amd64/jre/../lib/amd64:/oracle/lib:/usr/java/packages/lib/amd64:/usr/lib/x86_64-linux-gnu/jni:/lib/x86_64-linux-gnu:/usr/lib/x86_64-linux-gnu:/usr/lib/jni:/lib:/usr/lib
Nov 23, 2014 2:21:37 PM org.apache.coyote.http11.Http11Protocol init
INFO: Initializing Coyote HTTP/1.1 on http-16460
Nov 23, 2014 2:21:37 PM org.apache.catalina.startup.Catalina load
INFO: Initialization processed in 342 ms
Nov 23, 2014 2:21:37 PM org.apache.catalina.core.StandardService start
INFO: Starting service Catalina
Nov 23, 2014 2:21:37 PM org.apache.catalina.core.StandardEngine start
INFO: Starting Servlet Engine: Apache Tomcat/6.0.35
Nov 23, 2014 2:21:37 PM org.apache.catalina.startup.HostConfig deployDirectory
INFO: Deploying web application directory proj1
Nov 23, 2014 2:21:37 PM org.apache.catalina.loader.WebappClassLoader validateJarFile
INFO: validateJarFile(/cshome/satodd/catalina/webapps/proj1/WEB-INF/lib/servlet-api.jar) - jar not loaded. See Servlet Spec 2.3, section 9.7.2. Offending class: javax/servlet/Servlet.class
Nov 23, 2014 2:21:37 PM org.apache.catalina.startup.HostConfig deployDirectory
INFO: Deploying web application directory ROOT
Nov 23, 2014 2:21:37 PM org.apache.coyote.http11.Http11Protocol start
INFO: Starting Coyote HTTP/1.1 on http-16460
Nov 23, 2014 2:21:37 PM org.apache.jk.common.ChannelSocket init
INFO: JK: ajp13 listening on /0.0.0.0:8009
Nov 23, 2014 2:21:37 PM org.apache.jk.server.JkMain start
INFO: Jk running ID=0 time=0/12  config=null
Nov 23, 2014 2:21:37 PM org.apache.catalina.startup.Catalina start
INFO: Server startup in 239 ms
Nov 23, 2014 2:23:19 PM org.apache.coyote.http11.Http11Protocol pause
INFO: Pausing Coyote HTTP/1.1 on http-16460
Nov 23, 2014 2:23:20 PM org.apache.catalina.core.StandardService stop
INFO: Stopping service Catalina
Nov 23, 2014 2:23:20 PM org.apache.catalina.loader.WebappClassLoader clearReferencesJdbc
SEVERE: The web application [/proj1] registered the JDBC driver [oracle.jdbc.OracleDriver] but failed to unregister it when the web application was stopped. To prevent a memory leak, the JDBC Driver has been forcibly unregistered.
Nov 23, 2014 2:23:20 PM org.apache.coyote.http11.Http11Protocol destroy
INFO: Stopping Coyote HTTP/1.1 on http-16460
Nov 23, 2014 2:23:21 PM org.apache.catalina.core.AprLifecycleListener init
INFO: The APR based Apache Tomcat Native library which allows optimal performance in production environments was not found on the java.library.path: /usr/lib/jvm/java-6-openjdk-amd64/jre/lib/amd64/server:/usr/lib/jvm/java-6-openjdk-amd64/jre/lib/amd64:/usr/lib/jvm/java-6-openjdk-amd64/jre/../lib/amd64:/oracle/lib:/usr/java/packages/lib/amd64:/usr/lib/x86_64-linux-gnu/jni:/lib/x86_64-linux-gnu:/usr/lib/x86_64-linux-gnu:/usr/lib/jni:/lib:/usr/lib
Nov 23, 2014 2:23:21 PM org.apache.coyote.http11.Http11Protocol init
INFO: Initializing Coyote HTTP/1.1 on http-16460
Nov 23, 2014 2:23:21 PM org.apache.catalina.startup.Catalina load
INFO: Initialization processed in 337 ms
Nov 23, 2014 2:23:21 PM org.apache.catalina.core.StandardService start
INFO: Starting service Catalina
Nov 23, 2014 2:23:21 PM org.apache.catalina.core.StandardEngine start
INFO: Starting Servlet Engine: Apache Tomcat/6.0.35
Nov 23, 2014 2:23:21 PM org.apache.catalina.startup.HostConfig deployDirectory
INFO: Deploying web application directory proj1
Nov 23, 2014 2:23:21 PM org.apache.catalina.loader.WebappClassLoader validateJarFile
INFO: validateJarFile(/cshome/satodd/catalina/webapps/proj1/WEB-INF/lib/servlet-api.jar) - jar not loaded. See Servlet Spec 2.3, section 9.7.2. Offending class: javax/servlet/Servlet.class
Nov 23, 2014 2:23:21 PM org.apache.catalina.startup.HostConfig deployDirectory
INFO: Deploying web application directory ROOT
Nov 23, 2014 2:23:22 PM org.apache.coyote.http11.Http11Protocol start
INFO: Starting Coyote HTTP/1.1 on http-16460
Nov 23, 2014 2:23:22 PM org.apache.jk.common.ChannelSocket init
INFO: JK: ajp13 listening on /0.0.0.0:8009
Nov 23, 2014 2:23:22 PM org.apache.jk.server.JkMain start
INFO: Jk running ID=0 time=0/11  config=null
Nov 23, 2014 2:23:22 PM org.apache.catalina.startup.Catalina start
INFO: Server startup in 214 ms
Nov 23, 2014 2:27:52 PM org.apache.coyote.http11.Http11Protocol pause
INFO: Pausing Coyote HTTP/1.1 on http-16460
Nov 23, 2014 2:27:53 PM org.apache.catalina.core.StandardService stop
INFO: Stopping service Catalina
Nov 23, 2014 2:27:53 PM org.apache.catalina.loader.WebappClassLoader clearReferencesJdbc
SEVERE: The web application [/proj1] registered the JDBC driver [oracle.jdbc.OracleDriver] but failed to unregister it when the web application was stopped. To prevent a memory leak, the JDBC Driver has been forcibly unregistered.
Nov 23, 2014 2:27:53 PM org.apache.coyote.http11.Http11Protocol destroy
INFO: Stopping Coyote HTTP/1.1 on http-16460
Nov 23, 2014 2:27:54 PM org.apache.catalina.core.AprLifecycleListener init
INFO: The APR based Apache Tomcat Native library which allows optimal performance in production environments was not found on the java.library.path: /usr/lib/jvm/java-6-openjdk-amd64/jre/lib/amd64/server:/usr/lib/jvm/java-6-openjdk-amd64/jre/lib/amd64:/usr/lib/jvm/java-6-openjdk-amd64/jre/../lib/amd64:/oracle/lib:/usr/java/packages/lib/amd64:/usr/lib/x86_64-linux-gnu/jni:/lib/x86_64-linux-gnu:/usr/lib/x86_64-linux-gnu:/usr/lib/jni:/lib:/usr/lib
Nov 23, 2014 2:27:54 PM org.apache.coyote.http11.Http11Protocol init
INFO: Initializing Coyote HTTP/1.1 on http-16460
Nov 23, 2014 2:27:54 PM org.apache.catalina.startup.Catalina load
INFO: Initialization processed in 329 ms
Nov 23, 2014 2:27:54 PM org.apache.catalina.core.StandardService start
INFO: Starting service Catalina
Nov 23, 2014 2:27:54 PM org.apache.catalina.core.StandardEngine start
INFO: Starting Servlet Engine: Apache Tomcat/6.0.35
Nov 23, 2014 2:27:54 PM org.apache.catalina.startup.HostConfig deployDirectory
INFO: Deploying web application directory proj1
Nov 23, 2014 2:27:54 PM org.apache.catalina.loader.WebappClassLoader validateJarFile
INFO: validateJarFile(/cshome/satodd/catalina/webapps/proj1/WEB-INF/lib/servlet-api.jar) - jar not loaded. See Servlet Spec 2.3, section 9.7.2. Offending class: javax/servlet/Servlet.class
Nov 23, 2014 2:27:54 PM org.apache.catalina.startup.HostConfig deployDirectory
INFO: Deploying web application directory ROOT
Nov 23, 2014 2:27:54 PM org.apache.coyote.http11.Http11Protocol start
INFO: Starting Coyote HTTP/1.1 on http-16460
Nov 23, 2014 2:27:54 PM org.apache.jk.common.ChannelSocket init
INFO: JK: ajp13 listening on /0.0.0.0:8009
Nov 23, 2014 2:27:54 PM org.apache.jk.server.JkMain start
INFO: Jk running ID=0 time=0/12  config=null
Nov 23, 2014 2:27:54 PM org.apache.catalina.startup.Catalina start
INFO: Server startup in 220 ms
Nov 23, 2014 2:30:14 PM org.apache.catalina.startup.HostConfig checkResources
INFO: Reloading context [/proj1]
Nov 23, 2014 2:30:14 PM org.apache.catalina.loader.WebappClassLoader clearReferencesJdbc
SEVERE: The web application [/proj1] registered the JDBC driver [oracle.jdbc.OracleDriver] but failed to unregister it when the web application was stopped. To prevent a memory leak, the JDBC Driver has been forcibly unregistered.
Nov 23, 2014 2:30:14 PM org.apache.catalina.loader.WebappClassLoader validateJarFile
INFO: validateJarFile(/cshome/satodd/catalina/webapps/proj1/WEB-INF/lib/servlet-api.jar) - jar not loaded. See Servlet Spec 2.3, section 9.7.2. Offending class: javax/servlet/Servlet.class
Nov 23, 2014 2:49:39 PM org.apache.coyote.http11.Http11Protocol pause
INFO: Pausing Coyote HTTP/1.1 on http-16460
Nov 23, 2014 2:49:40 PM org.apache.catalina.core.StandardService stop
INFO: Stopping service Catalina
Nov 23, 2014 2:49:40 PM org.apache.coyote.http11.Http11Protocol destroy
INFO: Stopping Coyote HTTP/1.1 on http-16460
Nov 23, 2014 2:49:41 PM org.apache.catalina.core.AprLifecycleListener init
INFO: The APR based Apache Tomcat Native library which allows optimal performance in production environments was not found on the java.library.path: /usr/lib/jvm/java-6-openjdk-amd64/jre/lib/amd64/server:/usr/lib/jvm/java-6-openjdk-amd64/jre/lib/amd64:/usr/lib/jvm/java-6-openjdk-amd64/jre/../lib/amd64:/oracle/lib:/usr/java/packages/lib/amd64:/usr/lib/x86_64-linux-gnu/jni:/lib/x86_64-linux-gnu:/usr/lib/x86_64-linux-gnu:/usr/lib/jni:/lib:/usr/lib
Nov 23, 2014 2:49:41 PM org.apache.coyote.http11.Http11Protocol init
INFO: Initializing Coyote HTTP/1.1 on http-16460
Nov 23, 2014 2:49:41 PM org.apache.catalina.startup.Catalina load
INFO: Initialization processed in 340 ms
Nov 23, 2014 2:49:41 PM org.apache.catalina.core.StandardService start
INFO: Starting service Catalina
Nov 23, 2014 2:49:41 PM org.apache.catalina.core.StandardEngine start
INFO: Starting Servlet Engine: Apache Tomcat/6.0.35
Nov 23, 2014 2:49:41 PM org.apache.catalina.startup.HostConfig deployDirectory
INFO: Deploying web application directory proj1
Nov 23, 2014 2:49:41 PM org.apache.catalina.loader.WebappClassLoader validateJarFile
INFO: validateJarFile(/cshome/satodd/catalina/webapps/proj1/WEB-INF/lib/servlet-api.jar) - jar not loaded. See Servlet Spec 2.3, section 9.7.2. Offending class: javax/servlet/Servlet.class
Nov 23, 2014 2:49:41 PM org.apache.catalina.startup.HostConfig deployDirectory
INFO: Deploying web application directory ROOT
Nov 23, 2014 2:49:41 PM org.apache.coyote.http11.Http11Protocol start
INFO: Starting Coyote HTTP/1.1 on http-16460
Nov 23, 2014 2:49:41 PM org.apache.jk.common.ChannelSocket init
INFO: JK: ajp13 listening on /0.0.0.0:8009
Nov 23, 2014 2:49:41 PM org.apache.jk.server.JkMain start
INFO: Jk running ID=0 time=1/11  config=null
Nov 23, 2014 2:49:41 PM org.apache.catalina.startup.Catalina start
INFO: Server startup in 222 ms
Nov 23, 2014 2:52:35 PM org.apache.coyote.http11.Http11Protocol pause
INFO: Pausing Coyote HTTP/1.1 on http-16460
Nov 23, 2014 2:52:36 PM org.apache.catalina.core.StandardService stop
INFO: Stopping service Catalina
Nov 23, 2014 2:52:36 PM org.apache.catalina.loader.WebappClassLoader clearReferencesJdbc
SEVERE: The web application [/proj1] registered the JDBC driver [oracle.jdbc.OracleDriver] but failed to unregister it when the web application was stopped. To prevent a memory leak, the JDBC Driver has been forcibly unregistered.
Nov 23, 2014 2:52:36 PM org.apache.coyote.http11.Http11Protocol destroy
INFO: Stopping Coyote HTTP/1.1 on http-16460
Nov 23, 2014 2:52:38 PM org.apache.catalina.core.AprLifecycleListener init
INFO: The APR based Apache Tomcat Native library which allows optimal performance in production environments was not found on the java.library.path: /usr/lib/jvm/java-6-openjdk-amd64/jre/lib/amd64/server:/usr/lib/jvm/java-6-openjdk-amd64/jre/lib/amd64:/usr/lib/jvm/java-6-openjdk-amd64/jre/../lib/amd64:/oracle/lib:/usr/java/packages/lib/amd64:/usr/lib/x86_64-linux-gnu/jni:/lib/x86_64-linux-gnu:/usr/lib/x86_64-linux-gnu:/usr/lib/jni:/lib:/usr/lib
Nov 23, 2014 2:52:38 PM org.apache.coyote.http11.Http11Protocol init
INFO: Initializing Coyote HTTP/1.1 on http-16460
Nov 23, 2014 2:52:38 PM org.apache.catalina.startup.Catalina load
INFO: Initialization processed in 333 ms
Nov 23, 2014 2:52:38 PM org.apache.catalina.core.StandardService start
INFO: Starting service Catalina
Nov 23, 2014 2:52:38 PM org.apache.catalina.core.StandardEngine start
INFO: Starting Servlet Engine: Apache Tomcat/6.0.35
Nov 23, 2014 2:52:38 PM org.apache.catalina.startup.HostConfig deployDirectory
INFO: Deploying web application directory proj1
Nov 23, 2014 2:52:38 PM org.apache.catalina.loader.WebappClassLoader validateJarFile
INFO: validateJarFile(/cshome/satodd/catalina/webapps/proj1/WEB-INF/lib/servlet-api.jar) - jar not loaded. See Servlet Spec 2.3, section 9.7.2. Offending class: javax/servlet/Servlet.class
Nov 23, 2014 2:52:38 PM org.apache.catalina.startup.HostConfig deployDirectory
INFO: Deploying web application directory ROOT
Nov 23, 2014 2:52:38 PM org.apache.coyote.http11.Http11Protocol start
INFO: Starting Coyote HTTP/1.1 on http-16460
Nov 23, 2014 2:52:38 PM org.apache.jk.common.ChannelSocket init
INFO: JK: ajp13 listening on /0.0.0.0:8009
Nov 23, 2014 2:52:38 PM org.apache.jk.server.JkMain start
INFO: Jk running ID=0 time=0/11  config=null
Nov 23, 2014 2:52:38 PM org.apache.catalina.startup.Catalina start
INFO: Server startup in 221 ms
Nov 23, 2014 3:00:30 PM org.apache.coyote.http11.Http11Protocol pause
INFO: Pausing Coyote HTTP/1.1 on http-16460
Nov 23, 2014 3:00:31 PM org.apache.catalina.core.StandardService stop
INFO: Stopping service Catalina
Nov 23, 2014 3:00:31 PM org.apache.catalina.loader.WebappClassLoader clearReferencesJdbc
SEVERE: The web application [/proj1] registered the JDBC driver [oracle.jdbc.OracleDriver] but failed to unregister it when the web application was stopped. To prevent a memory leak, the JDBC Driver has been forcibly unregistered.
Nov 23, 2014 3:00:31 PM org.apache.coyote.http11.Http11Protocol destroy
INFO: Stopping Coyote HTTP/1.1 on http-16460
Nov 23, 2014 3:00:32 PM org.apache.catalina.core.AprLifecycleListener init
INFO: The APR based Apache Tomcat Native library which allows optimal performance in production environments was not found on the java.library.path: /usr/lib/jvm/java-6-openjdk-amd64/jre/lib/amd64/server:/usr/lib/jvm/java-6-openjdk-amd64/jre/lib/amd64:/usr/lib/jvm/java-6-openjdk-amd64/jre/../lib/amd64:/oracle/lib:/usr/java/packages/lib/amd64:/usr/lib/x86_64-linux-gnu/jni:/lib/x86_64-linux-gnu:/usr/lib/x86_64-linux-gnu:/usr/lib/jni:/lib:/usr/lib
Nov 23, 2014 3:00:32 PM org.apache.coyote.http11.Http11Protocol init
INFO: Initializing Coyote HTTP/1.1 on http-16460
Nov 23, 2014 3:00:32 PM org.apache.catalina.startup.Catalina load
INFO: Initialization processed in 331 ms
Nov 23, 2014 3:00:32 PM org.apache.catalina.core.StandardService start
INFO: Starting service Catalina
Nov 23, 2014 3:00:32 PM org.apache.catalina.core.StandardEngine start
INFO: Starting Servlet Engine: Apache Tomcat/6.0.35
Nov 23, 2014 3:00:32 PM org.apache.catalina.startup.HostConfig deployDirectory
INFO: Deploying web application directory proj1
Nov 23, 2014 3:00:32 PM org.apache.catalina.loader.WebappClassLoader validateJarFile
INFO: validateJarFile(/cshome/satodd/catalina/webapps/proj1/WEB-INF/lib/servlet-api.jar) - jar not loaded. See Servlet Spec 2.3, section 9.7.2. Offending class: javax/servlet/Servlet.class
Nov 23, 2014 3:00:33 PM org.apache.catalina.startup.HostConfig deployDirectory
INFO: Deploying web application directory ROOT
Nov 23, 2014 3:00:33 PM org.apache.coyote.http11.Http11Protocol start
INFO: Starting Coyote HTTP/1.1 on http-16460
Nov 23, 2014 3:00:33 PM org.apache.jk.common.ChannelSocket init
INFO: JK: ajp13 listening on /0.0.0.0:8009
Nov 23, 2014 3:00:33 PM org.apache.jk.server.JkMain start
INFO: Jk running ID=0 time=0/11  config=null
Nov 23, 2014 3:00:33 PM org.apache.catalina.startup.Catalina start
INFO: Server startup in 218 ms
Nov 23, 2014 3:01:23 PM org.apache.catalina.startup.HostConfig checkResources
INFO: Reloading context [/proj1]
Nov 23, 2014 3:01:23 PM org.apache.catalina.loader.WebappClassLoader validateJarFile
INFO: validateJarFile(/cshome/satodd/catalina/webapps/proj1/WEB-INF/lib/servlet-api.jar) - jar not loaded. See Servlet Spec 2.3, section 9.7.2. Offending class: javax/servlet/Servlet.class
Nov 23, 2014 3:02:17 PM org.apache.coyote.http11.Http11Protocol pause
INFO: Pausing Coyote HTTP/1.1 on http-16460
Nov 23, 2014 3:02:18 PM org.apache.catalina.core.StandardService stop
INFO: Stopping service Catalina
Nov 23, 2014 3:02:18 PM org.apache.catalina.loader.WebappClassLoader clearReferencesJdbc
SEVERE: The web application [/proj1] registered the JDBC driver [oracle.jdbc.OracleDriver] but failed to unregister it when the web application was stopped. To prevent a memory leak, the JDBC Driver has been forcibly unregistered.
Nov 23, 2014 3:02:18 PM org.apache.coyote.http11.Http11Protocol destroy
INFO: Stopping Coyote HTTP/1.1 on http-16460
Nov 23, 2014 3:02:19 PM org.apache.catalina.core.AprLifecycleListener init
INFO: The APR based Apache Tomcat Native library which allows optimal performance in production environments was not found on the java.library.path: /usr/lib/jvm/java-6-openjdk-amd64/jre/lib/amd64/server:/usr/lib/jvm/java-6-openjdk-amd64/jre/lib/amd64:/usr/lib/jvm/java-6-openjdk-amd64/jre/../lib/amd64:/oracle/lib:/usr/java/packages/lib/amd64:/usr/lib/x86_64-linux-gnu/jni:/lib/x86_64-linux-gnu:/usr/lib/x86_64-linux-gnu:/usr/lib/jni:/lib:/usr/lib
Nov 23, 2014 3:02:19 PM org.apache.coyote.http11.Http11Protocol init
INFO: Initializing Coyote HTTP/1.1 on http-16460
Nov 23, 2014 3:02:19 PM org.apache.catalina.startup.Catalina load
INFO: Initialization processed in 331 ms
Nov 23, 2014 3:02:19 PM org.apache.catalina.core.StandardService start
INFO: Starting service Catalina
Nov 23, 2014 3:02:19 PM org.apache.catalina.core.StandardEngine start
INFO: Starting Servlet Engine: Apache Tomcat/6.0.35
Nov 23, 2014 3:02:19 PM org.apache.catalina.startup.HostConfig deployDirectory
INFO: Deploying web application directory proj1
Nov 23, 2014 3:02:20 PM org.apache.catalina.loader.WebappClassLoader validateJarFile
INFO: validateJarFile(/cshome/satodd/catalina/webapps/proj1/WEB-INF/lib/servlet-api.jar) - jar not loaded. See Servlet Spec 2.3, section 9.7.2. Offending class: javax/servlet/Servlet.class
Nov 23, 2014 3:02:20 PM org.apache.catalina.startup.HostConfig deployDirectory
INFO: Deploying web application directory ROOT
Nov 23, 2014 3:02:20 PM org.apache.coyote.http11.Http11Protocol start
INFO: Starting Coyote HTTP/1.1 on http-16460
Nov 23, 2014 3:02:20 PM org.apache.jk.common.ChannelSocket init
INFO: JK: ajp13 listening on /0.0.0.0:8009
Nov 23, 2014 3:02:20 PM org.apache.jk.server.JkMain start
INFO: Jk running ID=0 time=0/11  config=null
Nov 23, 2014 3:02:20 PM org.apache.catalina.startup.Catalina start
INFO: Server startup in 229 ms
