Nov 24, 2014 12:01:41 PM org.apache.catalina.core.AprLifecycleListener init
INFO: The APR based Apache Tomcat Native library which allows optimal performance in production environments was not found on the java.library.path: /usr/lib/jvm/java-6-openjdk-amd64/jre/lib/amd64/server:/usr/lib/jvm/java-6-openjdk-amd64/jre/lib/amd64:/usr/lib/jvm/java-6-openjdk-amd64/jre/../lib/amd64:/oracle/lib:/usr/java/packages/lib/amd64:/usr/lib/x86_64-linux-gnu/jni:/lib/x86_64-linux-gnu:/usr/lib/x86_64-linux-gnu:/usr/lib/jni:/lib:/usr/lib
Nov 24, 2014 12:01:43 PM org.apache.coyote.http11.Http11Protocol init
INFO: Initializing Coyote HTTP/1.1 on http-16460
Nov 24, 2014 12:01:43 PM org.apache.catalina.startup.Catalina load
INFO: Initialization processed in 1818 ms
Nov 24, 2014 12:01:43 PM org.apache.catalina.core.StandardService start
INFO: Starting service Catalina
Nov 24, 2014 12:01:43 PM org.apache.catalina.core.StandardEngine start
INFO: Starting Servlet Engine: Apache Tomcat/6.0.35
Nov 24, 2014 12:01:43 PM org.apache.catalina.startup.HostConfig deployDirectory
INFO: Deploying web application directory proj1
Nov 24, 2014 12:01:43 PM org.apache.catalina.loader.WebappClassLoader validateJarFile
INFO: validateJarFile(/cshome/satodd/catalina/webapps/proj1/WEB-INF/lib/servlet-api.jar) - jar not loaded. See Servlet Spec 2.3, section 9.7.2. Offending class: javax/servlet/Servlet.class
Nov 24, 2014 12:01:44 PM org.apache.catalina.startup.HostConfig deployDirectory
INFO: Deploying web application directory ROOT
Nov 24, 2014 12:01:44 PM org.apache.coyote.http11.Http11Protocol start
INFO: Starting Coyote HTTP/1.1 on http-16460
Nov 24, 2014 12:01:44 PM org.apache.jk.common.ChannelSocket init
INFO: JK: ajp13 listening on /0.0.0.0:8009
Nov 24, 2014 12:01:44 PM org.apache.jk.server.JkMain start
INFO: Jk running ID=0 time=0/23  config=null
Nov 24, 2014 12:01:44 PM org.apache.catalina.startup.Catalina start
INFO: Server startup in 1077 ms
Nov 24, 2014 12:03:15 PM org.apache.coyote.http11.Http11Protocol pause
INFO: Pausing Coyote HTTP/1.1 on http-16460
Nov 24, 2014 12:03:16 PM org.apache.catalina.core.StandardService stop
INFO: Stopping service Catalina
Nov 24, 2014 12:03:16 PM org.apache.coyote.http11.Http11Protocol destroy
INFO: Stopping Coyote HTTP/1.1 on http-16460
Nov 24, 2014 12:03:18 PM org.apache.catalina.core.AprLifecycleListener init
INFO: The APR based Apache Tomcat Native library which allows optimal performance in production environments was not found on the java.library.path: /usr/lib/jvm/java-6-openjdk-amd64/jre/lib/amd64/server:/usr/lib/jvm/java-6-openjdk-amd64/jre/lib/amd64:/usr/lib/jvm/java-6-openjdk-amd64/jre/../lib/amd64:/oracle/lib:/usr/java/packages/lib/amd64:/usr/lib/x86_64-linux-gnu/jni:/lib/x86_64-linux-gnu:/usr/lib/x86_64-linux-gnu:/usr/lib/jni:/lib:/usr/lib
Nov 24, 2014 12:03:18 PM org.apache.coyote.http11.Http11Protocol init
INFO: Initializing Coyote HTTP/1.1 on http-16460
Nov 24, 2014 12:03:18 PM org.apache.catalina.startup.Catalina load
INFO: Initialization processed in 778 ms
Nov 24, 2014 12:03:18 PM org.apache.catalina.core.StandardService start
INFO: Starting service Catalina
Nov 24, 2014 12:03:18 PM org.apache.catalina.core.StandardEngine start
INFO: Starting Servlet Engine: Apache Tomcat/6.0.35
Nov 24, 2014 12:03:18 PM org.apache.catalina.startup.HostConfig deployDirectory
INFO: Deploying web application directory proj1
Nov 24, 2014 12:03:18 PM org.apache.catalina.loader.WebappClassLoader validateJarFile
INFO: validateJarFile(/cshome/satodd/catalina/webapps/proj1/WEB-INF/lib/servlet-api.jar) - jar not loaded. See Servlet Spec 2.3, section 9.7.2. Offending class: javax/servlet/Servlet.class
Nov 24, 2014 12:03:18 PM org.apache.catalina.startup.HostConfig deployDirectory
INFO: Deploying web application directory ROOT
Nov 24, 2014 12:03:18 PM org.apache.coyote.http11.Http11Protocol start
INFO: Starting Coyote HTTP/1.1 on http-16460
Nov 24, 2014 12:03:18 PM org.apache.jk.common.ChannelSocket init
INFO: JK: ajp13 listening on /0.0.0.0:8009
Nov 24, 2014 12:03:18 PM org.apache.jk.server.JkMain start
INFO: Jk running ID=0 time=0/14  config=null
Nov 24, 2014 12:03:18 PM org.apache.catalina.startup.Catalina start
INFO: Server startup in 414 ms
Nov 24, 2014 12:14:08 PM org.apache.catalina.startup.HostConfig checkResources
INFO: Reloading context [/proj1]
Nov 24, 2014 12:14:09 PM org.apache.catalina.loader.WebappClassLoader clearReferencesJdbc
SEVERE: The web application [/proj1] registered the JDBC driver [oracle.jdbc.OracleDriver] but failed to unregister it when the web application was stopped. To prevent a memory leak, the JDBC Driver has been forcibly unregistered.
Nov 24, 2014 12:14:09 PM org.apache.catalina.loader.WebappClassLoader validateJarFile
INFO: validateJarFile(/cshome/satodd/catalina/webapps/proj1/WEB-INF/lib/servlet-api.jar) - jar not loaded. See Servlet Spec 2.3, section 9.7.2. Offending class: javax/servlet/Servlet.class
Nov 24, 2014 12:14:09 PM org.apache.tomcat.util.digester.Digester fatalError
SEVERE: Parse Fatal Error at line 10 column 37: The end-tag for element type "jsp-file" must end with a '>' delimiter.
org.xml.sax.SAXParseException; systemId: jndi:/localhost/proj1/WEB-INF/web.xml; lineNumber: 10; columnNumber: 37; The end-tag for element type "jsp-file" must end with a '>' delimiter.
	at com.sun.org.apache.xerces.internal.util.ErrorHandlerWrapper.createSAXParseException(ErrorHandlerWrapper.java:198)
	at com.sun.org.apache.xerces.internal.util.ErrorHandlerWrapper.fatalError(ErrorHandlerWrapper.java:177)
	at com.sun.org.apache.xerces.internal.impl.XMLErrorReporter.reportError(XMLErrorReporter.java:391)
	at com.sun.org.apache.xerces.internal.impl.XMLScanner.reportFatalError(XMLScanner.java:1452)
	at com.sun.org.apache.xerces.internal.impl.XMLDocumentFragmentScannerImpl.scanEndElement(XMLDocumentFragmentScannerImpl.java:1735)
	at com.sun.org.apache.xerces.internal.impl.XMLDocumentFragmentScannerImpl$FragmentContentDriver.next(XMLDocumentFragmentScannerImpl.java:2937)
	at com.sun.org.apache.xerces.internal.impl.XMLDocumentScannerImpl.next(XMLDocumentScannerImpl.java:625)
	at com.sun.org.apache.xerces.internal.impl.XMLDocumentFragmentScannerImpl.scanDocument(XMLDocumentFragmentScannerImpl.java:489)
	at com.sun.org.apache.xerces.internal.parsers.XML11Configuration.parse(XML11Configuration.java:828)
	at com.sun.org.apache.xerces.internal.parsers.XML11Configuration.parse(XML11Configuration.java:757)
	at com.sun.org.apache.xerces.internal.parsers.XMLParser.parse(XMLParser.java:133)
	at com.sun.org.apache.xerces.internal.parsers.AbstractSAXParser.parse(AbstractSAXParser.java:1211)
	at com.sun.org.apache.xerces.internal.jaxp.SAXParserImpl$JAXPSAXParser.parse(SAXParserImpl.java:551)
	at org.apache.tomcat.util.digester.Digester.parse(Digester.java:1642)
	at org.apache.catalina.startup.ContextConfig.applicationWebConfig(ContextConfig.java:365)
	at org.apache.catalina.startup.ContextConfig.start(ContextConfig.java:1076)
	at org.apache.catalina.startup.ContextConfig.lifecycleEvent(ContextConfig.java:261)
	at org.apache.catalina.util.LifecycleSupport.fireLifecycleEvent(LifecycleSupport.java:142)
	at org.apache.catalina.core.StandardContext.start(StandardContext.java:4612)
	at org.apache.catalina.startup.HostConfig.checkResources(HostConfig.java:1284)
	at org.apache.catalina.startup.HostConfig.check(HostConfig.java:1382)
	at org.apache.catalina.startup.HostConfig.lifecycleEvent(HostConfig.java:306)
	at org.apache.catalina.util.LifecycleSupport.fireLifecycleEvent(LifecycleSupport.java:142)
	at org.apache.catalina.core.ContainerBase.backgroundProcess(ContainerBase.java:1389)
	at org.apache.catalina.core.ContainerBase$ContainerBackgroundProcessor.processChildren(ContainerBase.java:1653)
	at org.apache.catalina.core.ContainerBase$ContainerBackgroundProcessor.processChildren(ContainerBase.java:1662)
	at org.apache.catalina.core.ContainerBase$ContainerBackgroundProcessor.run(ContainerBase.java:1642)
	at java.lang.Thread.run(Thread.java:701)
Nov 24, 2014 12:14:09 PM org.apache.catalina.startup.ContextConfig applicationWebConfig
SEVERE: Parse error in application web.xml file at jndi:/localhost/proj1/WEB-INF/web.xml
org.xml.sax.SAXParseException; systemId: jndi:/localhost/proj1/WEB-INF/web.xml; lineNumber: 10; columnNumber: 37; The end-tag for element type "jsp-file" must end with a '>' delimiter.
	at com.sun.org.apache.xerces.internal.parsers.AbstractSAXParser.parse(AbstractSAXParser.java:1237)
	at com.sun.org.apache.xerces.internal.jaxp.SAXParserImpl$JAXPSAXParser.parse(SAXParserImpl.java:551)
	at org.apache.tomcat.util.digester.Digester.parse(Digester.java:1642)
	at org.apache.catalina.startup.ContextConfig.applicationWebConfig(ContextConfig.java:365)
	at org.apache.catalina.startup.ContextConfig.start(ContextConfig.java:1076)
	at org.apache.catalina.startup.ContextConfig.lifecycleEvent(ContextConfig.java:261)
	at org.apache.catalina.util.LifecycleSupport.fireLifecycleEvent(LifecycleSupport.java:142)
	at org.apache.catalina.core.StandardContext.start(StandardContext.java:4612)
	at org.apache.catalina.startup.HostConfig.checkResources(HostConfig.java:1284)
	at org.apache.catalina.startup.HostConfig.check(HostConfig.java:1382)
	at org.apache.catalina.startup.HostConfig.lifecycleEvent(HostConfig.java:306)
	at org.apache.catalina.util.LifecycleSupport.fireLifecycleEvent(LifecycleSupport.java:142)
	at org.apache.catalina.core.ContainerBase.backgroundProcess(ContainerBase.java:1389)
	at org.apache.catalina.core.ContainerBase$ContainerBackgroundProcessor.processChildren(ContainerBase.java:1653)
	at org.apache.catalina.core.ContainerBase$ContainerBackgroundProcessor.processChildren(ContainerBase.java:1662)
	at org.apache.catalina.core.ContainerBase$ContainerBackgroundProcessor.run(ContainerBase.java:1642)
	at java.lang.Thread.run(Thread.java:701)
Nov 24, 2014 12:14:09 PM org.apache.catalina.startup.ContextConfig applicationWebConfig
SEVERE: Occurred at line 10 column 37
Nov 24, 2014 12:14:09 PM org.apache.catalina.startup.ContextConfig start
SEVERE: Marking this application unavailable due to previous error(s)
Nov 24, 2014 12:14:09 PM org.apache.catalina.core.StandardContext start
SEVERE: Error getConfigured
Nov 24, 2014 12:14:09 PM org.apache.catalina.core.StandardContext start
SEVERE: Context [/proj1] startup failed due to previous errors
Nov 24, 2014 12:14:19 PM org.apache.catalina.startup.HostConfig checkResources
INFO: Reloading context [/proj1]
Nov 24, 2014 12:14:19 PM org.apache.catalina.core.StandardContext stop
INFO: Container org.apache.catalina.core.ContainerBase.[Catalina].[localhost].[/proj1] has not been started
Nov 24, 2014 12:14:19 PM org.apache.catalina.loader.WebappClassLoader validateJarFile
INFO: validateJarFile(/cshome/satodd/catalina/webapps/proj1/WEB-INF/lib/servlet-api.jar) - jar not loaded. See Servlet Spec 2.3, section 9.7.2. Offending class: javax/servlet/Servlet.class
Nov 24, 2014 12:14:19 PM org.apache.tomcat.util.digester.Digester fatalError
SEVERE: Parse Fatal Error at line 10 column 37: The end-tag for element type "jsp-file" must end with a '>' delimiter.
org.xml.sax.SAXParseException; systemId: jndi:/localhost/proj1/WEB-INF/web.xml; lineNumber: 10; columnNumber: 37; The end-tag for element type "jsp-file" must end with a '>' delimiter.
	at com.sun.org.apache.xerces.internal.util.ErrorHandlerWrapper.createSAXParseException(ErrorHandlerWrapper.java:198)
	at com.sun.org.apache.xerces.internal.util.ErrorHandlerWrapper.fatalError(ErrorHandlerWrapper.java:177)
	at com.sun.org.apache.xerces.internal.impl.XMLErrorReporter.reportError(XMLErrorReporter.java:391)
	at com.sun.org.apache.xerces.internal.impl.XMLScanner.reportFatalError(XMLScanner.java:1452)
	at com.sun.org.apache.xerces.internal.impl.XMLDocumentFragmentScannerImpl.scanEndElement(XMLDocumentFragmentScannerImpl.java:1735)
	at com.sun.org.apache.xerces.internal.impl.XMLDocumentFragmentScannerImpl$FragmentContentDriver.next(XMLDocumentFragmentScannerImpl.java:2937)
	at com.sun.org.apache.xerces.internal.impl.XMLDocumentScannerImpl.next(XMLDocumentScannerImpl.java:625)
	at com.sun.org.apache.xerces.internal.impl.XMLDocumentFragmentScannerImpl.scanDocument(XMLDocumentFragmentScannerImpl.java:489)
	at com.sun.org.apache.xerces.internal.parsers.XML11Configuration.parse(XML11Configuration.java:828)
	at com.sun.org.apache.xerces.internal.parsers.XML11Configuration.parse(XML11Configuration.java:757)
	at com.sun.org.apache.xerces.internal.parsers.XMLParser.parse(XMLParser.java:133)
	at com.sun.org.apache.xerces.internal.parsers.AbstractSAXParser.parse(AbstractSAXParser.java:1211)
	at com.sun.org.apache.xerces.internal.jaxp.SAXParserImpl$JAXPSAXParser.parse(SAXParserImpl.java:551)
	at org.apache.tomcat.util.digester.Digester.parse(Digester.java:1642)
	at org.apache.catalina.startup.ContextConfig.applicationWebConfig(ContextConfig.java:365)
	at org.apache.catalina.startup.ContextConfig.start(ContextConfig.java:1076)
	at org.apache.catalina.startup.ContextConfig.lifecycleEvent(ContextConfig.java:261)
	at org.apache.catalina.util.LifecycleSupport.fireLifecycleEvent(LifecycleSupport.java:142)
	at org.apache.catalina.core.StandardContext.start(StandardContext.java:4612)
	at org.apache.catalina.startup.HostConfig.checkResources(HostConfig.java:1284)
	at org.apache.catalina.startup.HostConfig.check(HostConfig.java:1382)
	at org.apache.catalina.startup.HostConfig.lifecycleEvent(HostConfig.java:306)
	at org.apache.catalina.util.LifecycleSupport.fireLifecycleEvent(LifecycleSupport.java:142)
	at org.apache.catalina.core.ContainerBase.backgroundProcess(ContainerBase.java:1389)
	at org.apache.catalina.core.ContainerBase$ContainerBackgroundProcessor.processChildren(ContainerBase.java:1653)
	at org.apache.catalina.core.ContainerBase$ContainerBackgroundProcessor.processChildren(ContainerBase.java:1662)
	at org.apache.catalina.core.ContainerBase$ContainerBackgroundProcessor.run(ContainerBase.java:1642)
	at java.lang.Thread.run(Thread.java:701)
Nov 24, 2014 12:14:19 PM org.apache.catalina.startup.ContextConfig applicationWebConfig
SEVERE: Parse error in application web.xml file at jndi:/localhost/proj1/WEB-INF/web.xml
org.xml.sax.SAXParseException; systemId: jndi:/localhost/proj1/WEB-INF/web.xml; lineNumber: 10; columnNumber: 37; The end-tag for element type "jsp-file" must end with a '>' delimiter.
	at com.sun.org.apache.xerces.internal.parsers.AbstractSAXParser.parse(AbstractSAXParser.java:1237)
	at com.sun.org.apache.xerces.internal.jaxp.SAXParserImpl$JAXPSAXParser.parse(SAXParserImpl.java:551)
	at org.apache.tomcat.util.digester.Digester.parse(Digester.java:1642)
	at org.apache.catalina.startup.ContextConfig.applicationWebConfig(ContextConfig.java:365)
	at org.apache.catalina.startup.ContextConfig.start(ContextConfig.java:1076)
	at org.apache.catalina.startup.ContextConfig.lifecycleEvent(ContextConfig.java:261)
	at org.apache.catalina.util.LifecycleSupport.fireLifecycleEvent(LifecycleSupport.java:142)
	at org.apache.catalina.core.StandardContext.start(StandardContext.java:4612)
	at org.apache.catalina.startup.HostConfig.checkResources(HostConfig.java:1284)
	at org.apache.catalina.startup.HostConfig.check(HostConfig.java:1382)
	at org.apache.catalina.startup.HostConfig.lifecycleEvent(HostConfig.java:306)
	at org.apache.catalina.util.LifecycleSupport.fireLifecycleEvent(LifecycleSupport.java:142)
	at org.apache.catalina.core.ContainerBase.backgroundProcess(ContainerBase.java:1389)
	at org.apache.catalina.core.ContainerBase$ContainerBackgroundProcessor.processChildren(ContainerBase.java:1653)
	at org.apache.catalina.core.ContainerBase$ContainerBackgroundProcessor.processChildren(ContainerBase.java:1662)
	at org.apache.catalina.core.ContainerBase$ContainerBackgroundProcessor.run(ContainerBase.java:1642)
	at java.lang.Thread.run(Thread.java:701)
Nov 24, 2014 12:14:19 PM org.apache.catalina.startup.ContextConfig applicationWebConfig
SEVERE: Occurred at line 10 column 37
Nov 24, 2014 12:14:19 PM org.apache.catalina.startup.ContextConfig start
SEVERE: Marking this application unavailable due to previous error(s)
Nov 24, 2014 12:14:19 PM org.apache.catalina.core.StandardContext start
SEVERE: Error getConfigured
Nov 24, 2014 12:14:19 PM org.apache.catalina.core.StandardContext start
SEVERE: Context [/proj1] startup failed due to previous errors
Nov 24, 2014 12:14:59 PM org.apache.catalina.startup.HostConfig checkResources
INFO: Reloading context [/proj1]
Nov 24, 2014 12:14:59 PM org.apache.catalina.core.StandardContext stop
INFO: Container org.apache.catalina.core.ContainerBase.[Catalina].[localhost].[/proj1] has not been started
Nov 24, 2014 12:14:59 PM org.apache.catalina.loader.WebappClassLoader validateJarFile
INFO: validateJarFile(/cshome/satodd/catalina/webapps/proj1/WEB-INF/lib/servlet-api.jar) - jar not loaded. See Servlet Spec 2.3, section 9.7.2. Offending class: javax/servlet/Servlet.class
Nov 24, 2014 12:25:59 PM org.apache.catalina.startup.HostConfig checkResources
INFO: Reloading context [/proj1]
Nov 24, 2014 12:25:59 PM org.apache.catalina.loader.WebappClassLoader validateJarFile
INFO: validateJarFile(/cshome/satodd/catalina/webapps/proj1/WEB-INF/lib/servlet-api.jar) - jar not loaded. See Servlet Spec 2.3, section 9.7.2. Offending class: javax/servlet/Servlet.class
Nov 24, 2014 12:32:27 PM org.apache.coyote.http11.Http11Protocol pause
INFO: Pausing Coyote HTTP/1.1 on http-16460
Nov 24, 2014 12:32:28 PM org.apache.catalina.core.StandardService stop
INFO: Stopping service Catalina
Nov 24, 2014 12:32:28 PM org.apache.catalina.loader.WebappClassLoader clearReferencesJdbc
SEVERE: The web application [/proj1] registered the JDBC driver [oracle.jdbc.OracleDriver] but failed to unregister it when the web application was stopped. To prevent a memory leak, the JDBC Driver has been forcibly unregistered.
Nov 24, 2014 12:32:28 PM org.apache.coyote.http11.Http11Protocol destroy
INFO: Stopping Coyote HTTP/1.1 on http-16460
Nov 24, 2014 12:32:29 PM org.apache.catalina.core.AprLifecycleListener init
INFO: The APR based Apache Tomcat Native library which allows optimal performance in production environments was not found on the java.library.path: /usr/lib/jvm/java-6-openjdk-amd64/jre/lib/amd64/server:/usr/lib/jvm/java-6-openjdk-amd64/jre/lib/amd64:/usr/lib/jvm/java-6-openjdk-amd64/jre/../lib/amd64:/oracle/lib:/usr/java/packages/lib/amd64:/usr/lib/x86_64-linux-gnu/jni:/lib/x86_64-linux-gnu:/usr/lib/x86_64-linux-gnu:/usr/lib/jni:/lib:/usr/lib
Nov 24, 2014 12:32:30 PM org.apache.coyote.http11.Http11Protocol init
INFO: Initializing Coyote HTTP/1.1 on http-16460
Nov 24, 2014 12:32:30 PM org.apache.catalina.startup.Catalina load
INFO: Initialization processed in 658 ms
Nov 24, 2014 12:32:30 PM org.apache.catalina.core.StandardService start
INFO: Starting service Catalina
Nov 24, 2014 12:32:30 PM org.apache.catalina.core.StandardEngine start
INFO: Starting Servlet Engine: Apache Tomcat/6.0.35
Nov 24, 2014 12:32:30 PM org.apache.catalina.startup.HostConfig deployDirectory
INFO: Deploying web application directory proj1
Nov 24, 2014 12:32:30 PM org.apache.catalina.loader.WebappClassLoader validateJarFile
INFO: validateJarFile(/cshome/satodd/catalina/webapps/proj1/WEB-INF/lib/servlet-api.jar) - jar not loaded. See Servlet Spec 2.3, section 9.7.2. Offending class: javax/servlet/Servlet.class
Nov 24, 2014 12:32:30 PM org.apache.catalina.startup.HostConfig deployDirectory
INFO: Deploying web application directory ROOT
Nov 24, 2014 12:32:30 PM org.apache.coyote.http11.Http11Protocol start
INFO: Starting Coyote HTTP/1.1 on http-16460
Nov 24, 2014 12:32:30 PM org.apache.jk.common.ChannelSocket init
INFO: JK: ajp13 listening on /0.0.0.0:8009
Nov 24, 2014 12:32:30 PM org.apache.jk.server.JkMain start
INFO: Jk running ID=0 time=0/22  config=null
Nov 24, 2014 12:32:30 PM org.apache.catalina.startup.Catalina start
INFO: Server startup in 403 ms
Nov 24, 2014 12:41:16 PM org.apache.coyote.http11.Http11Protocol pause
INFO: Pausing Coyote HTTP/1.1 on http-16460
Nov 24, 2014 12:41:17 PM org.apache.catalina.core.StandardService stop
INFO: Stopping service Catalina
Nov 24, 2014 12:41:17 PM org.apache.coyote.http11.Http11Protocol destroy
INFO: Stopping Coyote HTTP/1.1 on http-16460
Nov 24, 2014 12:41:19 PM org.apache.catalina.core.AprLifecycleListener init
INFO: The APR based Apache Tomcat Native library which allows optimal performance in production environments was not found on the java.library.path: /usr/lib/jvm/java-6-openjdk-amd64/jre/lib/amd64/server:/usr/lib/jvm/java-6-openjdk-amd64/jre/lib/amd64:/usr/lib/jvm/java-6-openjdk-amd64/jre/../lib/amd64:/oracle/lib:/usr/java/packages/lib/amd64:/usr/lib/x86_64-linux-gnu/jni:/lib/x86_64-linux-gnu:/usr/lib/x86_64-linux-gnu:/usr/lib/jni:/lib:/usr/lib
Nov 24, 2014 12:41:19 PM org.apache.coyote.http11.Http11Protocol init
INFO: Initializing Coyote HTTP/1.1 on http-16460
Nov 24, 2014 12:41:19 PM org.apache.catalina.startup.Catalina load
INFO: Initialization processed in 556 ms
Nov 24, 2014 12:41:19 PM org.apache.catalina.core.StandardService start
INFO: Starting service Catalina
Nov 24, 2014 12:41:19 PM org.apache.catalina.core.StandardEngine start
INFO: Starting Servlet Engine: Apache Tomcat/6.0.35
Nov 24, 2014 12:41:19 PM org.apache.catalina.startup.HostConfig deployDirectory
INFO: Deploying web application directory proj1
Nov 24, 2014 12:41:19 PM org.apache.catalina.loader.WebappClassLoader validateJarFile
INFO: validateJarFile(/cshome/satodd/catalina/webapps/proj1/WEB-INF/lib/servlet-api.jar) - jar not loaded. See Servlet Spec 2.3, section 9.7.2. Offending class: javax/servlet/Servlet.class
Nov 24, 2014 12:41:19 PM org.apache.catalina.startup.HostConfig deployDirectory
INFO: Deploying web application directory ROOT
Nov 24, 2014 12:41:19 PM org.apache.coyote.http11.Http11Protocol start
INFO: Starting Coyote HTTP/1.1 on http-16460
Nov 24, 2014 12:41:19 PM org.apache.jk.common.ChannelSocket init
INFO: JK: ajp13 listening on /0.0.0.0:8009
Nov 24, 2014 12:41:19 PM org.apache.jk.server.JkMain start
INFO: Jk running ID=0 time=0/13  config=null
Nov 24, 2014 12:41:19 PM org.apache.catalina.startup.Catalina start
INFO: Server startup in 291 ms
Nov 24, 2014 12:46:07 PM org.apache.coyote.http11.Http11Protocol pause
INFO: Pausing Coyote HTTP/1.1 on http-16460
Nov 24, 2014 12:46:08 PM org.apache.catalina.core.StandardService stop
INFO: Stopping service Catalina
Nov 24, 2014 12:46:08 PM org.apache.coyote.http11.Http11Protocol destroy
INFO: Stopping Coyote HTTP/1.1 on http-16460
Nov 24, 2014 12:46:10 PM org.apache.catalina.core.AprLifecycleListener init
INFO: The APR based Apache Tomcat Native library which allows optimal performance in production environments was not found on the java.library.path: /usr/lib/jvm/java-6-openjdk-amd64/jre/lib/amd64/server:/usr/lib/jvm/java-6-openjdk-amd64/jre/lib/amd64:/usr/lib/jvm/java-6-openjdk-amd64/jre/../lib/amd64:/oracle/lib:/usr/java/packages/lib/amd64:/usr/lib/x86_64-linux-gnu/jni:/lib/x86_64-linux-gnu:/usr/lib/x86_64-linux-gnu:/usr/lib/jni:/lib:/usr/lib
Nov 24, 2014 12:46:10 PM org.apache.coyote.http11.Http11Protocol init
INFO: Initializing Coyote HTTP/1.1 on http-16460
Nov 24, 2014 12:46:10 PM org.apache.catalina.startup.Catalina load
INFO: Initialization processed in 557 ms
Nov 24, 2014 12:46:10 PM org.apache.catalina.core.StandardService start
INFO: Starting service Catalina
Nov 24, 2014 12:46:10 PM org.apache.catalina.core.StandardEngine start
INFO: Starting Servlet Engine: Apache Tomcat/6.0.35
Nov 24, 2014 12:46:10 PM org.apache.catalina.startup.HostConfig deployDirectory
INFO: Deploying web application directory proj1
Nov 24, 2014 12:46:10 PM org.apache.catalina.loader.WebappClassLoader validateJarFile
INFO: validateJarFile(/cshome/satodd/catalina/webapps/proj1/WEB-INF/lib/servlet-api.jar) - jar not loaded. See Servlet Spec 2.3, section 9.7.2. Offending class: javax/servlet/Servlet.class
Nov 24, 2014 12:46:10 PM org.apache.catalina.startup.HostConfig deployDirectory
INFO: Deploying web application directory ROOT
Nov 24, 2014 12:46:10 PM org.apache.coyote.http11.Http11Protocol start
INFO: Starting Coyote HTTP/1.1 on http-16460
Nov 24, 2014 12:46:10 PM org.apache.jk.common.ChannelSocket init
INFO: JK: ajp13 listening on /0.0.0.0:8009
Nov 24, 2014 12:46:10 PM org.apache.jk.server.JkMain start
INFO: Jk running ID=0 time=0/14  config=null
Nov 24, 2014 12:46:10 PM org.apache.catalina.startup.Catalina start
INFO: Server startup in 289 ms
Nov 24, 2014 2:04:06 PM org.apache.coyote.http11.Http11Protocol pause
INFO: Pausing Coyote HTTP/1.1 on http-16460
Nov 24, 2014 2:04:07 PM org.apache.catalina.core.StandardService stop
INFO: Stopping service Catalina
Nov 24, 2014 2:04:07 PM org.apache.catalina.loader.WebappClassLoader clearReferencesJdbc
SEVERE: The web application [/proj1] registered the JDBC driver [oracle.jdbc.OracleDriver] but failed to unregister it when the web application was stopped. To prevent a memory leak, the JDBC Driver has been forcibly unregistered.
Nov 24, 2014 2:04:07 PM org.apache.coyote.http11.Http11Protocol destroy
INFO: Stopping Coyote HTTP/1.1 on http-16460
Nov 24, 2014 2:04:08 PM org.apache.catalina.core.AprLifecycleListener init
INFO: The APR based Apache Tomcat Native library which allows optimal performance in production environments was not found on the java.library.path: /usr/lib/jvm/java-6-openjdk-amd64/jre/lib/amd64/server:/usr/lib/jvm/java-6-openjdk-amd64/jre/lib/amd64:/usr/lib/jvm/java-6-openjdk-amd64/jre/../lib/amd64:/oracle/lib:/usr/java/packages/lib/amd64:/usr/lib/x86_64-linux-gnu/jni:/lib/x86_64-linux-gnu:/usr/lib/x86_64-linux-gnu:/usr/lib/jni:/lib:/usr/lib
Nov 24, 2014 2:04:09 PM org.apache.coyote.http11.Http11Protocol init
INFO: Initializing Coyote HTTP/1.1 on http-16460
Nov 24, 2014 2:04:09 PM org.apache.catalina.startup.Catalina load
INFO: Initialization processed in 555 ms
Nov 24, 2014 2:04:09 PM org.apache.catalina.core.StandardService start
INFO: Starting service Catalina
Nov 24, 2014 2:04:09 PM org.apache.catalina.core.StandardEngine start
INFO: Starting Servlet Engine: Apache Tomcat/6.0.35
Nov 24, 2014 2:04:09 PM org.apache.catalina.startup.HostConfig deployDirectory
INFO: Deploying web application directory proj1
Nov 24, 2014 2:04:09 PM org.apache.catalina.loader.WebappClassLoader validateJarFile
INFO: validateJarFile(/cshome/satodd/catalina/webapps/proj1/WEB-INF/lib/servlet-api.jar) - jar not loaded. See Servlet Spec 2.3, section 9.7.2. Offending class: javax/servlet/Servlet.class
Nov 24, 2014 2:04:09 PM org.apache.catalina.startup.HostConfig deployDirectory
INFO: Deploying web application directory ROOT
Nov 24, 2014 2:04:09 PM org.apache.coyote.http11.Http11Protocol start
INFO: Starting Coyote HTTP/1.1 on http-16460
Nov 24, 2014 2:04:09 PM org.apache.jk.common.ChannelSocket init
INFO: JK: ajp13 listening on /0.0.0.0:8009
Nov 24, 2014 2:04:09 PM org.apache.jk.server.JkMain start
INFO: Jk running ID=0 time=0/14  config=null
Nov 24, 2014 2:04:09 PM org.apache.catalina.startup.Catalina start
INFO: Server startup in 326 ms
Nov 24, 2014 2:19:15 PM org.apache.coyote.http11.Http11Protocol pause
INFO: Pausing Coyote HTTP/1.1 on http-16460
Nov 24, 2014 2:19:16 PM org.apache.catalina.core.StandardService stop
INFO: Stopping service Catalina
Nov 24, 2014 2:19:16 PM org.apache.catalina.loader.WebappClassLoader clearReferencesJdbc
SEVERE: The web application [/proj1] registered the JDBC driver [oracle.jdbc.OracleDriver] but failed to unregister it when the web application was stopped. To prevent a memory leak, the JDBC Driver has been forcibly unregistered.
Nov 24, 2014 2:19:16 PM org.apache.coyote.http11.Http11Protocol destroy
INFO: Stopping Coyote HTTP/1.1 on http-16460
Nov 24, 2014 2:19:18 PM org.apache.catalina.core.AprLifecycleListener init
INFO: The APR based Apache Tomcat Native library which allows optimal performance in production environments was not found on the java.library.path: /usr/lib/jvm/java-6-openjdk-amd64/jre/lib/amd64/server:/usr/lib/jvm/java-6-openjdk-amd64/jre/lib/amd64:/usr/lib/jvm/java-6-openjdk-amd64/jre/../lib/amd64:/oracle/lib:/usr/java/packages/lib/amd64:/usr/lib/x86_64-linux-gnu/jni:/lib/x86_64-linux-gnu:/usr/lib/x86_64-linux-gnu:/usr/lib/jni:/lib:/usr/lib
Nov 24, 2014 2:19:19 PM org.apache.coyote.http11.Http11Protocol init
INFO: Initializing Coyote HTTP/1.1 on http-16460
Nov 24, 2014 2:19:19 PM org.apache.catalina.startup.Catalina load
INFO: Initialization processed in 529 ms
Nov 24, 2014 2:19:19 PM org.apache.catalina.core.StandardService start
INFO: Starting service Catalina
Nov 24, 2014 2:19:19 PM org.apache.catalina.core.StandardEngine start
INFO: Starting Servlet Engine: Apache Tomcat/6.0.35
Nov 24, 2014 2:19:19 PM org.apache.catalina.startup.HostConfig deployDirectory
INFO: Deploying web application directory proj1
Nov 24, 2014 2:19:19 PM org.apache.catalina.loader.WebappClassLoader validateJarFile
INFO: validateJarFile(/cshome/satodd/catalina/webapps/proj1/WEB-INF/lib/servlet-api.jar) - jar not loaded. See Servlet Spec 2.3, section 9.7.2. Offending class: javax/servlet/Servlet.class
Nov 24, 2014 2:19:19 PM org.apache.catalina.startup.HostConfig deployDirectory
INFO: Deploying web application directory ROOT
Nov 24, 2014 2:19:19 PM org.apache.coyote.http11.Http11Protocol start
INFO: Starting Coyote HTTP/1.1 on http-16460
Nov 24, 2014 2:19:19 PM org.apache.jk.common.ChannelSocket init
INFO: JK: ajp13 listening on /0.0.0.0:8009
Nov 24, 2014 2:19:19 PM org.apache.jk.server.JkMain start
INFO: Jk running ID=0 time=0/14  config=null
Nov 24, 2014 2:19:19 PM org.apache.catalina.startup.Catalina start
INFO: Server startup in 311 ms
Nov 24, 2014 3:32:14 PM org.apache.coyote.http11.Http11Protocol pause
INFO: Pausing Coyote HTTP/1.1 on http-16460
Nov 24, 2014 3:32:15 PM org.apache.catalina.core.StandardService stop
INFO: Stopping service Catalina
Nov 24, 2014 3:32:15 PM org.apache.catalina.loader.WebappClassLoader clearReferencesJdbc
SEVERE: The web application [/proj1] registered the JDBC driver [oracle.jdbc.OracleDriver] but failed to unregister it when the web application was stopped. To prevent a memory leak, the JDBC Driver has been forcibly unregistered.
Nov 24, 2014 3:32:15 PM org.apache.coyote.http11.Http11Protocol destroy
INFO: Stopping Coyote HTTP/1.1 on http-16460
Nov 24, 2014 3:32:16 PM org.apache.catalina.core.AprLifecycleListener init
INFO: The APR based Apache Tomcat Native library which allows optimal performance in production environments was not found on the java.library.path: /usr/lib/jvm/java-6-openjdk-amd64/jre/lib/amd64/server:/usr/lib/jvm/java-6-openjdk-amd64/jre/lib/amd64:/usr/lib/jvm/java-6-openjdk-amd64/jre/../lib/amd64:/oracle/lib:/usr/java/packages/lib/amd64:/usr/lib/x86_64-linux-gnu/jni:/lib/x86_64-linux-gnu:/usr/lib/x86_64-linux-gnu:/usr/lib/jni:/lib:/usr/lib
Nov 24, 2014 3:32:16 PM org.apache.coyote.http11.Http11Protocol init
INFO: Initializing Coyote HTTP/1.1 on http-16460
Nov 24, 2014 3:32:16 PM org.apache.catalina.startup.Catalina load
INFO: Initialization processed in 515 ms
Nov 24, 2014 3:32:16 PM org.apache.catalina.core.StandardService start
INFO: Starting service Catalina
Nov 24, 2014 3:32:16 PM org.apache.catalina.core.StandardEngine start
INFO: Starting Servlet Engine: Apache Tomcat/6.0.35
Nov 24, 2014 3:32:16 PM org.apache.catalina.startup.HostConfig deployDirectory
INFO: Deploying web application directory proj1
Nov 24, 2014 3:32:16 PM org.apache.catalina.loader.WebappClassLoader validateJarFile
INFO: validateJarFile(/cshome/satodd/catalina/webapps/proj1/WEB-INF/lib/servlet-api.jar) - jar not loaded. See Servlet Spec 2.3, section 9.7.2. Offending class: javax/servlet/Servlet.class
Nov 24, 2014 3:32:16 PM org.apache.catalina.startup.HostConfig deployDirectory
INFO: Deploying web application directory ROOT
Nov 24, 2014 3:32:16 PM org.apache.coyote.http11.Http11Protocol start
INFO: Starting Coyote HTTP/1.1 on http-16460
Nov 24, 2014 3:32:16 PM org.apache.jk.common.ChannelSocket init
INFO: JK: ajp13 listening on /0.0.0.0:8009
Nov 24, 2014 3:32:16 PM org.apache.jk.server.JkMain start
INFO: Jk running ID=0 time=0/14  config=null
Nov 24, 2014 3:32:16 PM org.apache.catalina.startup.Catalina start
INFO: Server startup in 306 ms
Nov 24, 2014 5:11:12 PM org.apache.coyote.http11.Http11Protocol pause
INFO: Pausing Coyote HTTP/1.1 on http-16460
Nov 24, 2014 5:11:13 PM org.apache.catalina.core.StandardService stop
INFO: Stopping service Catalina
Nov 24, 2014 5:11:13 PM org.apache.catalina.loader.WebappClassLoader clearReferencesJdbc
SEVERE: The web application [/proj1] registered the JDBC driver [oracle.jdbc.OracleDriver] but failed to unregister it when the web application was stopped. To prevent a memory leak, the JDBC Driver has been forcibly unregistered.
Nov 24, 2014 5:11:13 PM org.apache.coyote.http11.Http11Protocol destroy
INFO: Stopping Coyote HTTP/1.1 on http-16460
Nov 24, 2014 5:11:15 PM org.apache.catalina.core.AprLifecycleListener init
INFO: The APR based Apache Tomcat Native library which allows optimal performance in production environments was not found on the java.library.path: /usr/lib/jvm/java-6-openjdk-amd64/jre/lib/amd64/server:/usr/lib/jvm/java-6-openjdk-amd64/jre/lib/amd64:/usr/lib/jvm/java-6-openjdk-amd64/jre/../lib/amd64:/oracle/lib:/usr/java/packages/lib/amd64:/usr/lib/x86_64-linux-gnu/jni:/lib/x86_64-linux-gnu:/usr/lib/x86_64-linux-gnu:/usr/lib/jni:/lib:/usr/lib
Nov 24, 2014 5:11:15 PM org.apache.coyote.http11.Http11Protocol init
INFO: Initializing Coyote HTTP/1.1 on http-16460
Nov 24, 2014 5:11:15 PM org.apache.catalina.startup.Catalina load
INFO: Initialization processed in 562 ms
Nov 24, 2014 5:11:15 PM org.apache.catalina.core.StandardService start
INFO: Starting service Catalina
Nov 24, 2014 5:11:15 PM org.apache.catalina.core.StandardEngine start
INFO: Starting Servlet Engine: Apache Tomcat/6.0.35
Nov 24, 2014 5:11:15 PM org.apache.catalina.startup.HostConfig deployDirectory
INFO: Deploying web application directory proj1
Nov 24, 2014 5:11:15 PM org.apache.catalina.loader.WebappClassLoader validateJarFile
INFO: validateJarFile(/cshome/satodd/catalina/webapps/proj1/WEB-INF/lib/servlet-api.jar) - jar not loaded. See Servlet Spec 2.3, section 9.7.2. Offending class: javax/servlet/Servlet.class
Nov 24, 2014 5:11:15 PM org.apache.catalina.startup.HostConfig deployDirectory
INFO: Deploying web application directory ROOT
Nov 24, 2014 5:11:15 PM org.apache.coyote.http11.Http11Protocol start
INFO: Starting Coyote HTTP/1.1 on http-16460
Nov 24, 2014 5:11:15 PM org.apache.jk.common.ChannelSocket init
INFO: JK: ajp13 listening on /0.0.0.0:8009
Nov 24, 2014 5:11:15 PM org.apache.jk.server.JkMain start
INFO: Jk running ID=0 time=0/13  config=null
Nov 24, 2014 5:11:15 PM org.apache.catalina.startup.Catalina start
INFO: Server startup in 331 ms
Nov 24, 2014 5:14:35 PM org.apache.coyote.http11.Http11Protocol pause
INFO: Pausing Coyote HTTP/1.1 on http-16460
Nov 24, 2014 5:14:36 PM org.apache.catalina.core.StandardService stop
INFO: Stopping service Catalina
Nov 24, 2014 5:14:36 PM org.apache.catalina.loader.WebappClassLoader clearReferencesJdbc
SEVERE: The web application [/proj1] registered the JDBC driver [oracle.jdbc.OracleDriver] but failed to unregister it when the web application was stopped. To prevent a memory leak, the JDBC Driver has been forcibly unregistered.
Nov 24, 2014 5:14:36 PM org.apache.coyote.http11.Http11Protocol destroy
INFO: Stopping Coyote HTTP/1.1 on http-16460
Nov 24, 2014 5:14:38 PM org.apache.catalina.core.AprLifecycleListener init
INFO: The APR based Apache Tomcat Native library which allows optimal performance in production environments was not found on the java.library.path: /usr/lib/jvm/java-6-openjdk-amd64/jre/lib/amd64/server:/usr/lib/jvm/java-6-openjdk-amd64/jre/lib/amd64:/usr/lib/jvm/java-6-openjdk-amd64/jre/../lib/amd64:/oracle/lib:/usr/java/packages/lib/amd64:/usr/lib/x86_64-linux-gnu/jni:/lib/x86_64-linux-gnu:/usr/lib/x86_64-linux-gnu:/usr/lib/jni:/lib:/usr/lib
Nov 24, 2014 5:14:38 PM org.apache.coyote.http11.Http11Protocol init
INFO: Initializing Coyote HTTP/1.1 on http-16460
Nov 24, 2014 5:14:38 PM org.apache.catalina.startup.Catalina load
INFO: Initialization processed in 541 ms
Nov 24, 2014 5:14:38 PM org.apache.catalina.core.StandardService start
INFO: Starting service Catalina
Nov 24, 2014 5:14:38 PM org.apache.catalina.core.StandardEngine start
INFO: Starting Servlet Engine: Apache Tomcat/6.0.35
Nov 24, 2014 5:14:38 PM org.apache.catalina.startup.HostConfig deployDirectory
INFO: Deploying web application directory proj1
Nov 24, 2014 5:14:38 PM org.apache.catalina.loader.WebappClassLoader validateJarFile
INFO: validateJarFile(/cshome/satodd/catalina/webapps/proj1/WEB-INF/lib/servlet-api.jar) - jar not loaded. See Servlet Spec 2.3, section 9.7.2. Offending class: javax/servlet/Servlet.class
Nov 24, 2014 5:14:38 PM org.apache.catalina.startup.HostConfig deployDirectory
INFO: Deploying web application directory ROOT
Nov 24, 2014 5:14:38 PM org.apache.coyote.http11.Http11Protocol start
INFO: Starting Coyote HTTP/1.1 on http-16460
Nov 24, 2014 5:14:38 PM org.apache.jk.common.ChannelSocket init
INFO: JK: ajp13 listening on /0.0.0.0:8009
Nov 24, 2014 5:14:38 PM org.apache.jk.server.JkMain start
INFO: Jk running ID=0 time=0/14  config=null
Nov 24, 2014 5:14:38 PM org.apache.catalina.startup.Catalina start
INFO: Server startup in 306 ms
Nov 24, 2014 5:39:50 PM org.apache.coyote.http11.Http11Protocol pause
INFO: Pausing Coyote HTTP/1.1 on http-16460
Nov 24, 2014 5:39:51 PM org.apache.catalina.core.StandardService stop
INFO: Stopping service Catalina
Nov 24, 2014 5:39:51 PM org.apache.catalina.loader.WebappClassLoader clearReferencesJdbc
SEVERE: The web application [/proj1] registered the JDBC driver [oracle.jdbc.OracleDriver] but failed to unregister it when the web application was stopped. To prevent a memory leak, the JDBC Driver has been forcibly unregistered.
Nov 24, 2014 5:39:51 PM org.apache.coyote.http11.Http11Protocol destroy
INFO: Stopping Coyote HTTP/1.1 on http-16460
Nov 24, 2014 5:39:54 PM org.apache.catalina.core.AprLifecycleListener init
INFO: The APR based Apache Tomcat Native library which allows optimal performance in production environments was not found on the java.library.path: /usr/lib/jvm/java-6-openjdk-amd64/jre/lib/amd64/server:/usr/lib/jvm/java-6-openjdk-amd64/jre/lib/amd64:/usr/lib/jvm/java-6-openjdk-amd64/jre/../lib/amd64:/oracle/lib:/usr/java/packages/lib/amd64:/usr/lib/x86_64-linux-gnu/jni:/lib/x86_64-linux-gnu:/usr/lib/x86_64-linux-gnu:/usr/lib/jni:/lib:/usr/lib
Nov 24, 2014 5:39:54 PM org.apache.coyote.http11.Http11Protocol init
INFO: Initializing Coyote HTTP/1.1 on http-16460
Nov 24, 2014 5:39:54 PM org.apache.catalina.startup.Catalina load
INFO: Initialization processed in 551 ms
Nov 24, 2014 5:39:54 PM org.apache.catalina.core.StandardService start
INFO: Starting service Catalina
Nov 24, 2014 5:39:54 PM org.apache.catalina.core.StandardEngine start
INFO: Starting Servlet Engine: Apache Tomcat/6.0.35
Nov 24, 2014 5:39:54 PM org.apache.catalina.startup.HostConfig deployDirectory
INFO: Deploying web application directory proj1
Nov 24, 2014 5:39:54 PM org.apache.catalina.loader.WebappClassLoader validateJarFile
INFO: validateJarFile(/cshome/satodd/catalina/webapps/proj1/WEB-INF/lib/servlet-api.jar) - jar not loaded. See Servlet Spec 2.3, section 9.7.2. Offending class: javax/servlet/Servlet.class
Nov 24, 2014 5:39:54 PM org.apache.catalina.startup.HostConfig deployDirectory
INFO: Deploying web application directory ROOT
Nov 24, 2014 5:39:54 PM org.apache.coyote.http11.Http11Protocol start
INFO: Starting Coyote HTTP/1.1 on http-16460
Nov 24, 2014 5:39:54 PM org.apache.jk.common.ChannelSocket init
INFO: JK: ajp13 listening on /0.0.0.0:8009
Nov 24, 2014 5:39:54 PM org.apache.jk.server.JkMain start
INFO: Jk running ID=0 time=0/13  config=null
Nov 24, 2014 5:39:54 PM org.apache.catalina.startup.Catalina start
INFO: Server startup in 319 ms
Nov 24, 2014 5:42:50 PM org.apache.coyote.http11.Http11Protocol pause
INFO: Pausing Coyote HTTP/1.1 on http-16460
Nov 24, 2014 5:42:51 PM org.apache.catalina.core.StandardService stop
INFO: Stopping service Catalina
Nov 24, 2014 5:42:51 PM org.apache.coyote.http11.Http11Protocol destroy
INFO: Stopping Coyote HTTP/1.1 on http-16460
Nov 24, 2014 5:42:53 PM org.apache.catalina.core.AprLifecycleListener init
INFO: The APR based Apache Tomcat Native library which allows optimal performance in production environments was not found on the java.library.path: /usr/lib/jvm/java-6-openjdk-amd64/jre/lib/amd64/server:/usr/lib/jvm/java-6-openjdk-amd64/jre/lib/amd64:/usr/lib/jvm/java-6-openjdk-amd64/jre/../lib/amd64:/oracle/lib:/usr/java/packages/lib/amd64:/usr/lib/x86_64-linux-gnu/jni:/lib/x86_64-linux-gnu:/usr/lib/x86_64-linux-gnu:/usr/lib/jni:/lib:/usr/lib
Nov 24, 2014 5:42:53 PM org.apache.coyote.http11.Http11Protocol init
INFO: Initializing Coyote HTTP/1.1 on http-16460
Nov 24, 2014 5:42:53 PM org.apache.catalina.startup.Catalina load
INFO: Initialization processed in 530 ms
Nov 24, 2014 5:42:53 PM org.apache.catalina.core.StandardService start
INFO: Starting service Catalina
Nov 24, 2014 5:42:53 PM org.apache.catalina.core.StandardEngine start
INFO: Starting Servlet Engine: Apache Tomcat/6.0.35
Nov 24, 2014 5:42:53 PM org.apache.catalina.startup.HostConfig deployDirectory
INFO: Deploying web application directory proj1
Nov 24, 2014 5:42:53 PM org.apache.catalina.loader.WebappClassLoader validateJarFile
INFO: validateJarFile(/cshome/satodd/catalina/webapps/proj1/WEB-INF/lib/servlet-api.jar) - jar not loaded. See Servlet Spec 2.3, section 9.7.2. Offending class: javax/servlet/Servlet.class
Nov 24, 2014 5:42:53 PM org.apache.catalina.startup.HostConfig deployDirectory
INFO: Deploying web application directory ROOT
Nov 24, 2014 5:42:53 PM org.apache.coyote.http11.Http11Protocol start
INFO: Starting Coyote HTTP/1.1 on http-16460
Nov 24, 2014 5:42:53 PM org.apache.jk.common.ChannelSocket init
INFO: JK: ajp13 listening on /0.0.0.0:8009
Nov 24, 2014 5:42:53 PM org.apache.jk.server.JkMain start
INFO: Jk running ID=0 time=0/14  config=null
Nov 24, 2014 5:42:53 PM org.apache.catalina.startup.Catalina start
INFO: Server startup in 314 ms
Nov 24, 2014 5:44:02 PM org.apache.coyote.http11.Http11Protocol pause
INFO: Pausing Coyote HTTP/1.1 on http-16460
Nov 24, 2014 5:44:03 PM org.apache.catalina.core.StandardService stop
INFO: Stopping service Catalina
Nov 24, 2014 5:44:03 PM org.apache.coyote.http11.Http11Protocol destroy
INFO: Stopping Coyote HTTP/1.1 on http-16460
Nov 24, 2014 5:44:05 PM org.apache.catalina.core.AprLifecycleListener init
INFO: The APR based Apache Tomcat Native library which allows optimal performance in production environments was not found on the java.library.path: /usr/lib/jvm/java-6-openjdk-amd64/jre/lib/amd64/server:/usr/lib/jvm/java-6-openjdk-amd64/jre/lib/amd64:/usr/lib/jvm/java-6-openjdk-amd64/jre/../lib/amd64:/oracle/lib:/usr/java/packages/lib/amd64:/usr/lib/x86_64-linux-gnu/jni:/lib/x86_64-linux-gnu:/usr/lib/x86_64-linux-gnu:/usr/lib/jni:/lib:/usr/lib
Nov 24, 2014 5:44:05 PM org.apache.coyote.http11.Http11Protocol init
INFO: Initializing Coyote HTTP/1.1 on http-16460
Nov 24, 2014 5:44:05 PM org.apache.catalina.startup.Catalina load
INFO: Initialization processed in 515 ms
Nov 24, 2014 5:44:05 PM org.apache.catalina.core.StandardService start
INFO: Starting service Catalina
Nov 24, 2014 5:44:05 PM org.apache.catalina.core.StandardEngine start
INFO: Starting Servlet Engine: Apache Tomcat/6.0.35
Nov 24, 2014 5:44:05 PM org.apache.catalina.startup.HostConfig deployDirectory
INFO: Deploying web application directory proj1
Nov 24, 2014 5:44:05 PM org.apache.catalina.loader.WebappClassLoader validateJarFile
INFO: validateJarFile(/cshome/satodd/catalina/webapps/proj1/WEB-INF/lib/servlet-api.jar) - jar not loaded. See Servlet Spec 2.3, section 9.7.2. Offending class: javax/servlet/Servlet.class
Nov 24, 2014 5:44:05 PM org.apache.catalina.startup.HostConfig deployDirectory
INFO: Deploying web application directory ROOT
Nov 24, 2014 5:44:05 PM org.apache.coyote.http11.Http11Protocol start
INFO: Starting Coyote HTTP/1.1 on http-16460
Nov 24, 2014 5:44:05 PM org.apache.jk.common.ChannelSocket init
INFO: JK: ajp13 listening on /0.0.0.0:8009
Nov 24, 2014 5:44:05 PM org.apache.jk.server.JkMain start
INFO: Jk running ID=0 time=0/13  config=null
Nov 24, 2014 5:44:05 PM org.apache.catalina.startup.Catalina start
INFO: Server startup in 302 ms
Nov 24, 2014 5:45:52 PM org.apache.coyote.http11.Http11Protocol pause
INFO: Pausing Coyote HTTP/1.1 on http-16460
Nov 24, 2014 5:45:53 PM org.apache.catalina.core.StandardService stop
INFO: Stopping service Catalina
Nov 24, 2014 5:45:54 PM org.apache.coyote.http11.Http11Protocol destroy
INFO: Stopping Coyote HTTP/1.1 on http-16460
Nov 24, 2014 5:45:55 PM org.apache.catalina.core.AprLifecycleListener init
INFO: The APR based Apache Tomcat Native library which allows optimal performance in production environments was not found on the java.library.path: /usr/lib/jvm/java-6-openjdk-amd64/jre/lib/amd64/server:/usr/lib/jvm/java-6-openjdk-amd64/jre/lib/amd64:/usr/lib/jvm/java-6-openjdk-amd64/jre/../lib/amd64:/oracle/lib:/usr/java/packages/lib/amd64:/usr/lib/x86_64-linux-gnu/jni:/lib/x86_64-linux-gnu:/usr/lib/x86_64-linux-gnu:/usr/lib/jni:/lib:/usr/lib
Nov 24, 2014 5:45:56 PM org.apache.coyote.http11.Http11Protocol init
INFO: Initializing Coyote HTTP/1.1 on http-16460
Nov 24, 2014 5:45:56 PM org.apache.catalina.startup.Catalina load
INFO: Initialization processed in 538 ms
Nov 24, 2014 5:45:56 PM org.apache.catalina.core.StandardService start
INFO: Starting service Catalina
Nov 24, 2014 5:45:56 PM org.apache.catalina.core.StandardEngine start
INFO: Starting Servlet Engine: Apache Tomcat/6.0.35
Nov 24, 2014 5:45:56 PM org.apache.catalina.startup.HostConfig deployDirectory
INFO: Deploying web application directory proj1
Nov 24, 2014 5:45:56 PM org.apache.catalina.loader.WebappClassLoader validateJarFile
INFO: validateJarFile(/cshome/satodd/catalina/webapps/proj1/WEB-INF/lib/servlet-api.jar) - jar not loaded. See Servlet Spec 2.3, section 9.7.2. Offending class: javax/servlet/Servlet.class
Nov 24, 2014 5:45:56 PM org.apache.catalina.startup.HostConfig deployDirectory
INFO: Deploying web application directory ROOT
Nov 24, 2014 5:45:56 PM org.apache.coyote.http11.Http11Protocol start
INFO: Starting Coyote HTTP/1.1 on http-16460
Nov 24, 2014 5:45:56 PM org.apache.jk.common.ChannelSocket init
INFO: JK: ajp13 listening on /0.0.0.0:8009
Nov 24, 2014 5:45:56 PM org.apache.jk.server.JkMain start
INFO: Jk running ID=0 time=1/14  config=null
Nov 24, 2014 5:45:56 PM org.apache.catalina.startup.Catalina start
INFO: Server startup in 311 ms
Nov 24, 2014 5:51:32 PM org.apache.coyote.http11.Http11Protocol pause
INFO: Pausing Coyote HTTP/1.1 on http-16460
Nov 24, 2014 5:51:33 PM org.apache.catalina.core.StandardService stop
INFO: Stopping service Catalina
Nov 24, 2014 5:51:34 PM org.apache.coyote.http11.Http11Protocol destroy
INFO: Stopping Coyote HTTP/1.1 on http-16460
Nov 24, 2014 5:51:35 PM org.apache.catalina.core.AprLifecycleListener init
INFO: The APR based Apache Tomcat Native library which allows optimal performance in production environments was not found on the java.library.path: /usr/lib/jvm/java-6-openjdk-amd64/jre/lib/amd64/server:/usr/lib/jvm/java-6-openjdk-amd64/jre/lib/amd64:/usr/lib/jvm/java-6-openjdk-amd64/jre/../lib/amd64:/oracle/lib:/usr/java/packages/lib/amd64:/usr/lib/x86_64-linux-gnu/jni:/lib/x86_64-linux-gnu:/usr/lib/x86_64-linux-gnu:/usr/lib/jni:/lib:/usr/lib
Nov 24, 2014 5:51:36 PM org.apache.coyote.http11.Http11Protocol init
INFO: Initializing Coyote HTTP/1.1 on http-16460
Nov 24, 2014 5:51:36 PM org.apache.catalina.startup.Catalina load
INFO: Initialization processed in 553 ms
Nov 24, 2014 5:51:36 PM org.apache.catalina.core.StandardService start
INFO: Starting service Catalina
Nov 24, 2014 5:51:36 PM org.apache.catalina.core.StandardEngine start
INFO: Starting Servlet Engine: Apache Tomcat/6.0.35
Nov 24, 2014 5:51:36 PM org.apache.catalina.startup.HostConfig deployDirectory
INFO: Deploying web application directory proj1
Nov 24, 2014 5:51:36 PM org.apache.catalina.loader.WebappClassLoader validateJarFile
INFO: validateJarFile(/cshome/satodd/catalina/webapps/proj1/WEB-INF/lib/servlet-api.jar) - jar not loaded. See Servlet Spec 2.3, section 9.7.2. Offending class: javax/servlet/Servlet.class
Nov 24, 2014 5:51:36 PM org.apache.catalina.startup.HostConfig deployDirectory
INFO: Deploying web application directory ROOT
Nov 24, 2014 5:51:36 PM org.apache.coyote.http11.Http11Protocol start
INFO: Starting Coyote HTTP/1.1 on http-16460
Nov 24, 2014 5:51:36 PM org.apache.jk.common.ChannelSocket init
INFO: JK: ajp13 listening on /0.0.0.0:8009
Nov 24, 2014 5:51:36 PM org.apache.jk.server.JkMain start
INFO: Jk running ID=0 time=0/13  config=null
Nov 24, 2014 5:51:36 PM org.apache.catalina.startup.Catalina start
INFO: Server startup in 316 ms
Nov 24, 2014 6:10:37 PM org.apache.coyote.http11.Http11Protocol pause
INFO: Pausing Coyote HTTP/1.1 on http-16460
Nov 24, 2014 6:10:38 PM org.apache.catalina.core.StandardService stop
INFO: Stopping service Catalina
Nov 24, 2014 6:10:38 PM org.apache.catalina.loader.WebappClassLoader clearReferencesJdbc
SEVERE: The web application [/proj1] registered the JDBC driver [oracle.jdbc.OracleDriver] but failed to unregister it when the web application was stopped. To prevent a memory leak, the JDBC Driver has been forcibly unregistered.
Nov 24, 2014 6:10:38 PM org.apache.coyote.http11.Http11Protocol destroy
INFO: Stopping Coyote HTTP/1.1 on http-16460
Nov 24, 2014 6:10:39 PM org.apache.catalina.core.AprLifecycleListener init
INFO: The APR based Apache Tomcat Native library which allows optimal performance in production environments was not found on the java.library.path: /usr/lib/jvm/java-6-openjdk-amd64/jre/lib/amd64/server:/usr/lib/jvm/java-6-openjdk-amd64/jre/lib/amd64:/usr/lib/jvm/java-6-openjdk-amd64/jre/../lib/amd64:/oracle/lib:/usr/java/packages/lib/amd64:/usr/lib/x86_64-linux-gnu/jni:/lib/x86_64-linux-gnu:/usr/lib/x86_64-linux-gnu:/usr/lib/jni:/lib:/usr/lib
Nov 24, 2014 6:10:39 PM org.apache.coyote.http11.Http11Protocol init
INFO: Initializing Coyote HTTP/1.1 on http-16460
Nov 24, 2014 6:10:39 PM org.apache.catalina.startup.Catalina load
INFO: Initialization processed in 501 ms
Nov 24, 2014 6:10:39 PM org.apache.catalina.core.StandardService start
INFO: Starting service Catalina
Nov 24, 2014 6:10:39 PM org.apache.catalina.core.StandardEngine start
INFO: Starting Servlet Engine: Apache Tomcat/6.0.35
Nov 24, 2014 6:10:39 PM org.apache.catalina.startup.HostConfig deployDirectory
INFO: Deploying web application directory proj1
Nov 24, 2014 6:10:39 PM org.apache.catalina.loader.WebappClassLoader validateJarFile
INFO: validateJarFile(/cshome/satodd/catalina/webapps/proj1/WEB-INF/lib/servlet-api.jar) - jar not loaded. See Servlet Spec 2.3, section 9.7.2. Offending class: javax/servlet/Servlet.class
Nov 24, 2014 6:10:40 PM org.apache.catalina.startup.HostConfig deployDirectory
INFO: Deploying web application directory ROOT
Nov 24, 2014 6:10:40 PM org.apache.coyote.http11.Http11Protocol start
INFO: Starting Coyote HTTP/1.1 on http-16460
Nov 24, 2014 6:10:40 PM org.apache.jk.common.ChannelSocket init
INFO: JK: ajp13 listening on /0.0.0.0:8009
Nov 24, 2014 6:10:40 PM org.apache.jk.server.JkMain start
INFO: Jk running ID=0 time=0/13  config=null
Nov 24, 2014 6:10:40 PM org.apache.catalina.startup.Catalina start
INFO: Server startup in 314 ms
Nov 24, 2014 6:11:49 PM org.apache.coyote.http11.Http11Protocol pause
INFO: Pausing Coyote HTTP/1.1 on http-16460
Nov 24, 2014 6:11:50 PM org.apache.catalina.core.StandardService stop
INFO: Stopping service Catalina
Nov 24, 2014 6:11:50 PM org.apache.catalina.loader.WebappClassLoader clearReferencesJdbc
SEVERE: The web application [/proj1] registered the JDBC driver [oracle.jdbc.OracleDriver] but failed to unregister it when the web application was stopped. To prevent a memory leak, the JDBC Driver has been forcibly unregistered.
Nov 24, 2014 6:11:50 PM org.apache.coyote.http11.Http11Protocol destroy
INFO: Stopping Coyote HTTP/1.1 on http-16460
Nov 24, 2014 6:11:51 PM org.apache.catalina.core.AprLifecycleListener init
INFO: The APR based Apache Tomcat Native library which allows optimal performance in production environments was not found on the java.library.path: /usr/lib/jvm/java-6-openjdk-amd64/jre/lib/amd64/server:/usr/lib/jvm/java-6-openjdk-amd64/jre/lib/amd64:/usr/lib/jvm/java-6-openjdk-amd64/jre/../lib/amd64:/oracle/lib:/usr/java/packages/lib/amd64:/usr/lib/x86_64-linux-gnu/jni:/lib/x86_64-linux-gnu:/usr/lib/x86_64-linux-gnu:/usr/lib/jni:/lib:/usr/lib
Nov 24, 2014 6:11:51 PM org.apache.coyote.http11.Http11Protocol init
INFO: Initializing Coyote HTTP/1.1 on http-16460
Nov 24, 2014 6:11:51 PM org.apache.catalina.startup.Catalina load
INFO: Initialization processed in 535 ms
Nov 24, 2014 6:11:51 PM org.apache.catalina.core.StandardService start
INFO: Starting service Catalina
Nov 24, 2014 6:11:51 PM org.apache.catalina.core.StandardEngine start
INFO: Starting Servlet Engine: Apache Tomcat/6.0.35
Nov 24, 2014 6:11:51 PM org.apache.catalina.startup.HostConfig deployDirectory
INFO: Deploying web application directory proj1
Nov 24, 2014 6:11:52 PM org.apache.catalina.loader.WebappClassLoader validateJarFile
INFO: validateJarFile(/cshome/satodd/catalina/webapps/proj1/WEB-INF/lib/servlet-api.jar) - jar not loaded. See Servlet Spec 2.3, section 9.7.2. Offending class: javax/servlet/Servlet.class
Nov 24, 2014 6:11:52 PM org.apache.catalina.startup.HostConfig deployDirectory
INFO: Deploying web application directory ROOT
Nov 24, 2014 6:11:52 PM org.apache.coyote.http11.Http11Protocol start
INFO: Starting Coyote HTTP/1.1 on http-16460
Nov 24, 2014 6:11:52 PM org.apache.jk.common.ChannelSocket init
INFO: JK: ajp13 listening on /0.0.0.0:8009
Nov 24, 2014 6:11:52 PM org.apache.jk.server.JkMain start
INFO: Jk running ID=0 time=0/14  config=null
Nov 24, 2014 6:11:52 PM org.apache.catalina.startup.Catalina start
INFO: Server startup in 306 ms
Nov 24, 2014 6:12:39 PM org.apache.coyote.http11.Http11Protocol pause
INFO: Pausing Coyote HTTP/1.1 on http-16460
Nov 24, 2014 6:12:40 PM org.apache.catalina.core.StandardService stop
INFO: Stopping service Catalina
Nov 24, 2014 6:12:40 PM org.apache.catalina.loader.WebappClassLoader clearReferencesJdbc
SEVERE: The web application [/proj1] registered the JDBC driver [oracle.jdbc.OracleDriver] but failed to unregister it when the web application was stopped. To prevent a memory leak, the JDBC Driver has been forcibly unregistered.
Nov 24, 2014 6:12:40 PM org.apache.coyote.http11.Http11Protocol destroy
INFO: Stopping Coyote HTTP/1.1 on http-16460
Nov 24, 2014 6:12:41 PM org.apache.catalina.core.AprLifecycleListener init
INFO: The APR based Apache Tomcat Native library which allows optimal performance in production environments was not found on the java.library.path: /usr/lib/jvm/java-6-openjdk-amd64/jre/lib/amd64/server:/usr/lib/jvm/java-6-openjdk-amd64/jre/lib/amd64:/usr/lib/jvm/java-6-openjdk-amd64/jre/../lib/amd64:/oracle/lib:/usr/java/packages/lib/amd64:/usr/lib/x86_64-linux-gnu/jni:/lib/x86_64-linux-gnu:/usr/lib/x86_64-linux-gnu:/usr/lib/jni:/lib:/usr/lib
Nov 24, 2014 6:12:42 PM org.apache.coyote.http11.Http11Protocol init
INFO: Initializing Coyote HTTP/1.1 on http-16460
Nov 24, 2014 6:12:42 PM org.apache.catalina.startup.Catalina load
INFO: Initialization processed in 532 ms
Nov 24, 2014 6:12:42 PM org.apache.catalina.core.StandardService start
INFO: Starting service Catalina
Nov 24, 2014 6:12:42 PM org.apache.catalina.core.StandardEngine start
INFO: Starting Servlet Engine: Apache Tomcat/6.0.35
Nov 24, 2014 6:12:42 PM org.apache.catalina.startup.HostConfig deployDirectory
INFO: Deploying web application directory proj1
Nov 24, 2014 6:12:42 PM org.apache.catalina.loader.WebappClassLoader validateJarFile
INFO: validateJarFile(/cshome/satodd/catalina/webapps/proj1/WEB-INF/lib/servlet-api.jar) - jar not loaded. See Servlet Spec 2.3, section 9.7.2. Offending class: javax/servlet/Servlet.class
Nov 24, 2014 6:12:42 PM org.apache.catalina.startup.HostConfig deployDirectory
INFO: Deploying web application directory ROOT
Nov 24, 2014 6:12:42 PM org.apache.coyote.http11.Http11Protocol start
INFO: Starting Coyote HTTP/1.1 on http-16460
Nov 24, 2014 6:12:42 PM org.apache.jk.common.ChannelSocket init
INFO: JK: ajp13 listening on /0.0.0.0:8009
Nov 24, 2014 6:12:42 PM org.apache.jk.server.JkMain start
INFO: Jk running ID=0 time=0/13  config=null
Nov 24, 2014 6:12:42 PM org.apache.catalina.startup.Catalina start
INFO: Server startup in 299 ms
Nov 24, 2014 6:17:40 PM org.apache.coyote.http11.Http11Protocol pause
INFO: Pausing Coyote HTTP/1.1 on http-16460
Nov 24, 2014 6:17:41 PM org.apache.catalina.core.StandardService stop
INFO: Stopping service Catalina
Nov 24, 2014 6:17:41 PM org.apache.catalina.loader.WebappClassLoader clearReferencesJdbc
SEVERE: The web application [/proj1] registered the JDBC driver [oracle.jdbc.OracleDriver] but failed to unregister it when the web application was stopped. To prevent a memory leak, the JDBC Driver has been forcibly unregistered.
Nov 24, 2014 6:17:41 PM org.apache.coyote.http11.Http11Protocol destroy
INFO: Stopping Coyote HTTP/1.1 on http-16460
Nov 24, 2014 6:17:42 PM org.apache.catalina.core.AprLifecycleListener init
INFO: The APR based Apache Tomcat Native library which allows optimal performance in production environments was not found on the java.library.path: /usr/lib/jvm/java-6-openjdk-amd64/jre/lib/amd64/server:/usr/lib/jvm/java-6-openjdk-amd64/jre/lib/amd64:/usr/lib/jvm/java-6-openjdk-amd64/jre/../lib/amd64:/oracle/lib:/usr/java/packages/lib/amd64:/usr/lib/x86_64-linux-gnu/jni:/lib/x86_64-linux-gnu:/usr/lib/x86_64-linux-gnu:/usr/lib/jni:/lib:/usr/lib
Nov 24, 2014 6:17:42 PM org.apache.coyote.http11.Http11Protocol init
INFO: Initializing Coyote HTTP/1.1 on http-16460
Nov 24, 2014 6:17:42 PM org.apache.catalina.startup.Catalina load
INFO: Initialization processed in 535 ms
Nov 24, 2014 6:17:42 PM org.apache.catalina.core.StandardService start
INFO: Starting service Catalina
Nov 24, 2014 6:17:42 PM org.apache.catalina.core.StandardEngine start
INFO: Starting Servlet Engine: Apache Tomcat/6.0.35
Nov 24, 2014 6:17:42 PM org.apache.catalina.startup.HostConfig deployDirectory
INFO: Deploying web application directory proj1
Nov 24, 2014 6:17:42 PM org.apache.catalina.loader.WebappClassLoader validateJarFile
INFO: validateJarFile(/cshome/satodd/catalina/webapps/proj1/WEB-INF/lib/servlet-api.jar) - jar not loaded. See Servlet Spec 2.3, section 9.7.2. Offending class: javax/servlet/Servlet.class
Nov 24, 2014 6:17:42 PM org.apache.catalina.startup.HostConfig deployDirectory
INFO: Deploying web application directory ROOT
Nov 24, 2014 6:17:42 PM org.apache.coyote.http11.Http11Protocol start
INFO: Starting Coyote HTTP/1.1 on http-16460
Nov 24, 2014 6:17:42 PM org.apache.jk.common.ChannelSocket init
INFO: JK: ajp13 listening on /0.0.0.0:8009
Nov 24, 2014 6:17:42 PM org.apache.jk.server.JkMain start
INFO: Jk running ID=0 time=0/14  config=null
Nov 24, 2014 6:17:42 PM org.apache.catalina.startup.Catalina start
INFO: Server startup in 306 ms
Nov 24, 2014 6:48:27 PM org.apache.coyote.http11.Http11Protocol pause
INFO: Pausing Coyote HTTP/1.1 on http-16460
Nov 24, 2014 6:48:28 PM org.apache.catalina.core.StandardService stop
INFO: Stopping service Catalina
Nov 24, 2014 6:48:28 PM org.apache.catalina.loader.WebappClassLoader clearReferencesJdbc
SEVERE: The web application [/proj1] registered the JDBC driver [oracle.jdbc.OracleDriver] but failed to unregister it when the web application was stopped. To prevent a memory leak, the JDBC Driver has been forcibly unregistered.
Nov 24, 2014 6:48:29 PM org.apache.coyote.http11.Http11Protocol destroy
INFO: Stopping Coyote HTTP/1.1 on http-16460
Nov 24, 2014 6:48:30 PM org.apache.catalina.core.AprLifecycleListener init
INFO: The APR based Apache Tomcat Native library which allows optimal performance in production environments was not found on the java.library.path: /usr/lib/jvm/java-6-openjdk-amd64/jre/lib/amd64/server:/usr/lib/jvm/java-6-openjdk-amd64/jre/lib/amd64:/usr/lib/jvm/java-6-openjdk-amd64/jre/../lib/amd64:/oracle/lib:/usr/java/packages/lib/amd64:/usr/lib/x86_64-linux-gnu/jni:/lib/x86_64-linux-gnu:/usr/lib/x86_64-linux-gnu:/usr/lib/jni:/lib:/usr/lib
Nov 24, 2014 6:48:30 PM org.apache.coyote.http11.Http11Protocol init
INFO: Initializing Coyote HTTP/1.1 on http-16460
Nov 24, 2014 6:48:30 PM org.apache.catalina.startup.Catalina load
INFO: Initialization processed in 528 ms
Nov 24, 2014 6:48:30 PM org.apache.catalina.core.StandardService start
INFO: Starting service Catalina
Nov 24, 2014 6:48:30 PM org.apache.catalina.core.StandardEngine start
INFO: Starting Servlet Engine: Apache Tomcat/6.0.35
Nov 24, 2014 6:48:30 PM org.apache.catalina.startup.HostConfig deployDirectory
INFO: Deploying web application directory proj1
Nov 24, 2014 6:48:31 PM org.apache.catalina.loader.WebappClassLoader validateJarFile
INFO: validateJarFile(/cshome/satodd/catalina/webapps/proj1/WEB-INF/lib/servlet-api.jar) - jar not loaded. See Servlet Spec 2.3, section 9.7.2. Offending class: javax/servlet/Servlet.class
Nov 24, 2014 6:48:31 PM org.apache.catalina.startup.HostConfig deployDirectory
INFO: Deploying web application directory ROOT
Nov 24, 2014 6:48:31 PM org.apache.coyote.http11.Http11Protocol start
INFO: Starting Coyote HTTP/1.1 on http-16460
Nov 24, 2014 6:48:31 PM org.apache.jk.common.ChannelSocket init
INFO: JK: ajp13 listening on /0.0.0.0:8009
Nov 24, 2014 6:48:31 PM org.apache.jk.server.JkMain start
INFO: Jk running ID=0 time=0/14  config=null
Nov 24, 2014 6:48:31 PM org.apache.catalina.startup.Catalina start
INFO: Server startup in 309 ms
Nov 24, 2014 6:58:17 PM org.apache.coyote.http11.Http11Protocol pause
INFO: Pausing Coyote HTTP/1.1 on http-16460
Nov 24, 2014 6:58:18 PM org.apache.catalina.core.StandardService stop
INFO: Stopping service Catalina
Nov 24, 2014 6:58:18 PM org.apache.catalina.loader.WebappClassLoader clearReferencesJdbc
SEVERE: The web application [/proj1] registered the JDBC driver [oracle.jdbc.OracleDriver] but failed to unregister it when the web application was stopped. To prevent a memory leak, the JDBC Driver has been forcibly unregistered.
Nov 24, 2014 6:58:19 PM org.apache.coyote.http11.Http11Protocol destroy
INFO: Stopping Coyote HTTP/1.1 on http-16460
Nov 24, 2014 6:58:20 PM org.apache.catalina.core.AprLifecycleListener init
INFO: The APR based Apache Tomcat Native library which allows optimal performance in production environments was not found on the java.library.path: /usr/lib/jvm/java-6-openjdk-amd64/jre/lib/amd64/server:/usr/lib/jvm/java-6-openjdk-amd64/jre/lib/amd64:/usr/lib/jvm/java-6-openjdk-amd64/jre/../lib/amd64:/oracle/lib:/usr/java/packages/lib/amd64:/usr/lib/x86_64-linux-gnu/jni:/lib/x86_64-linux-gnu:/usr/lib/x86_64-linux-gnu:/usr/lib/jni:/lib:/usr/lib
Nov 24, 2014 6:58:20 PM org.apache.coyote.http11.Http11Protocol init
INFO: Initializing Coyote HTTP/1.1 on http-16460
Nov 24, 2014 6:58:20 PM org.apache.catalina.startup.Catalina load
INFO: Initialization processed in 537 ms
Nov 24, 2014 6:58:20 PM org.apache.catalina.core.StandardService start
INFO: Starting service Catalina
Nov 24, 2014 6:58:20 PM org.apache.catalina.core.StandardEngine start
INFO: Starting Servlet Engine: Apache Tomcat/6.0.35
Nov 24, 2014 6:58:20 PM org.apache.catalina.startup.HostConfig deployDirectory
INFO: Deploying web application directory proj1
Nov 24, 2014 6:58:20 PM org.apache.catalina.loader.WebappClassLoader validateJarFile
INFO: validateJarFile(/cshome/satodd/catalina/webapps/proj1/WEB-INF/lib/servlet-api.jar) - jar not loaded. See Servlet Spec 2.3, section 9.7.2. Offending class: javax/servlet/Servlet.class
Nov 24, 2014 6:58:20 PM org.apache.catalina.startup.HostConfig deployDirectory
INFO: Deploying web application directory ROOT
Nov 24, 2014 6:58:21 PM org.apache.coyote.http11.Http11Protocol start
INFO: Starting Coyote HTTP/1.1 on http-16460
Nov 24, 2014 6:58:21 PM org.apache.jk.common.ChannelSocket init
INFO: JK: ajp13 listening on /0.0.0.0:8009
Nov 24, 2014 6:58:21 PM org.apache.jk.server.JkMain start
INFO: Jk running ID=0 time=0/14  config=null
Nov 24, 2014 6:58:21 PM org.apache.catalina.startup.Catalina start
INFO: Server startup in 314 ms
Nov 24, 2014 7:04:11 PM org.apache.catalina.startup.HostConfig checkResources
INFO: Reloading context [/proj1]
Nov 24, 2014 7:04:11 PM org.apache.catalina.loader.WebappClassLoader clearReferencesJdbc
SEVERE: The web application [/proj1] registered the JDBC driver [oracle.jdbc.OracleDriver] but failed to unregister it when the web application was stopped. To prevent a memory leak, the JDBC Driver has been forcibly unregistered.
Nov 24, 2014 7:04:11 PM org.apache.catalina.loader.WebappClassLoader validateJarFile
INFO: validateJarFile(/cshome/satodd/catalina/webapps/proj1/WEB-INF/lib/servlet-api.jar) - jar not loaded. See Servlet Spec 2.3, section 9.7.2. Offending class: javax/servlet/Servlet.class
Nov 24, 2014 7:09:01 PM org.apache.catalina.startup.HostConfig checkResources
INFO: Reloading context [/proj1]
Nov 24, 2014 7:09:01 PM org.apache.catalina.loader.WebappClassLoader clearReferencesJdbc
SEVERE: The web application [/proj1] registered the JDBC driver [oracle.jdbc.OracleDriver] but failed to unregister it when the web application was stopped. To prevent a memory leak, the JDBC Driver has been forcibly unregistered.
Nov 24, 2014 7:09:01 PM org.apache.catalina.loader.WebappClassLoader validateJarFile
INFO: validateJarFile(/cshome/satodd/catalina/webapps/proj1/WEB-INF/lib/servlet-api.jar) - jar not loaded. See Servlet Spec 2.3, section 9.7.2. Offending class: javax/servlet/Servlet.class
Nov 24, 2014 7:19:41 PM org.apache.catalina.startup.HostConfig checkResources
INFO: Reloading context [/proj1]
Nov 24, 2014 7:19:41 PM org.apache.catalina.loader.WebappClassLoader clearReferencesJdbc
SEVERE: The web application [/proj1] registered the JDBC driver [oracle.jdbc.OracleDriver] but failed to unregister it when the web application was stopped. To prevent a memory leak, the JDBC Driver has been forcibly unregistered.
Nov 24, 2014 7:19:41 PM org.apache.catalina.loader.WebappClassLoader validateJarFile
INFO: validateJarFile(/cshome/satodd/catalina/webapps/proj1/WEB-INF/lib/servlet-api.jar) - jar not loaded. See Servlet Spec 2.3, section 9.7.2. Offending class: javax/servlet/Servlet.class
Nov 24, 2014 7:31:50 PM org.apache.coyote.http11.Http11Protocol pause
INFO: Pausing Coyote HTTP/1.1 on http-16460
Nov 24, 2014 7:31:51 PM org.apache.catalina.core.StandardService stop
INFO: Stopping service Catalina
Nov 24, 2014 7:31:51 PM org.apache.catalina.loader.WebappClassLoader clearReferencesJdbc
SEVERE: The web application [/proj1] registered the JDBC driver [oracle.jdbc.OracleDriver] but failed to unregister it when the web application was stopped. To prevent a memory leak, the JDBC Driver has been forcibly unregistered.
Nov 24, 2014 7:31:51 PM org.apache.coyote.http11.Http11Protocol destroy
INFO: Stopping Coyote HTTP/1.1 on http-16460
Nov 24, 2014 7:31:53 PM org.apache.catalina.core.AprLifecycleListener init
INFO: The APR based Apache Tomcat Native library which allows optimal performance in production environments was not found on the java.library.path: /usr/lib/jvm/java-6-openjdk-amd64/jre/lib/amd64/server:/usr/lib/jvm/java-6-openjdk-amd64/jre/lib/amd64:/usr/lib/jvm/java-6-openjdk-amd64/jre/../lib/amd64:/oracle/lib:/usr/java/packages/lib/amd64:/usr/lib/x86_64-linux-gnu/jni:/lib/x86_64-linux-gnu:/usr/lib/x86_64-linux-gnu:/usr/lib/jni:/lib:/usr/lib
Nov 24, 2014 7:31:53 PM org.apache.coyote.http11.Http11Protocol init
INFO: Initializing Coyote HTTP/1.1 on http-16460
Nov 24, 2014 7:31:53 PM org.apache.catalina.startup.Catalina load
INFO: Initialization processed in 539 ms
Nov 24, 2014 7:31:53 PM org.apache.catalina.core.StandardService start
INFO: Starting service Catalina
Nov 24, 2014 7:31:53 PM org.apache.catalina.core.StandardEngine start
INFO: Starting Servlet Engine: Apache Tomcat/6.0.35
Nov 24, 2014 7:31:53 PM org.apache.catalina.startup.HostConfig deployDirectory
INFO: Deploying web application directory proj1
Nov 24, 2014 7:31:53 PM org.apache.catalina.loader.WebappClassLoader validateJarFile
INFO: validateJarFile(/cshome/satodd/catalina/webapps/proj1/WEB-INF/lib/servlet-api.jar) - jar not loaded. See Servlet Spec 2.3, section 9.7.2. Offending class: javax/servlet/Servlet.class
Nov 24, 2014 7:31:53 PM org.apache.catalina.startup.HostConfig deployDirectory
INFO: Deploying web application directory ROOT
Nov 24, 2014 7:31:53 PM org.apache.coyote.http11.Http11Protocol start
INFO: Starting Coyote HTTP/1.1 on http-16460
Nov 24, 2014 7:31:53 PM org.apache.jk.common.ChannelSocket init
INFO: JK: ajp13 listening on /0.0.0.0:8009
Nov 24, 2014 7:31:53 PM org.apache.jk.server.JkMain start
INFO: Jk running ID=0 time=0/13  config=null
Nov 24, 2014 7:31:53 PM org.apache.catalina.startup.Catalina start
INFO: Server startup in 299 ms
Nov 24, 2014 7:35:16 PM org.apache.coyote.http11.Http11Protocol pause
INFO: Pausing Coyote HTTP/1.1 on http-16460
Nov 24, 2014 7:35:17 PM org.apache.catalina.core.StandardService stop
INFO: Stopping service Catalina
Nov 24, 2014 7:35:17 PM org.apache.catalina.loader.WebappClassLoader clearReferencesJdbc
SEVERE: The web application [/proj1] registered the JDBC driver [oracle.jdbc.OracleDriver] but failed to unregister it when the web application was stopped. To prevent a memory leak, the JDBC Driver has been forcibly unregistered.
Nov 24, 2014 7:35:18 PM org.apache.coyote.http11.Http11Protocol destroy
INFO: Stopping Coyote HTTP/1.1 on http-16460
Nov 24, 2014 7:35:19 PM org.apache.catalina.core.AprLifecycleListener init
INFO: The APR based Apache Tomcat Native library which allows optimal performance in production environments was not found on the java.library.path: /usr/lib/jvm/java-6-openjdk-amd64/jre/lib/amd64/server:/usr/lib/jvm/java-6-openjdk-amd64/jre/lib/amd64:/usr/lib/jvm/java-6-openjdk-amd64/jre/../lib/amd64:/oracle/lib:/usr/java/packages/lib/amd64:/usr/lib/x86_64-linux-gnu/jni:/lib/x86_64-linux-gnu:/usr/lib/x86_64-linux-gnu:/usr/lib/jni:/lib:/usr/lib
Nov 24, 2014 7:35:19 PM org.apache.coyote.http11.Http11Protocol init
INFO: Initializing Coyote HTTP/1.1 on http-16460
Nov 24, 2014 7:35:19 PM org.apache.catalina.startup.Catalina load
INFO: Initialization processed in 535 ms
Nov 24, 2014 7:35:19 PM org.apache.catalina.core.StandardService start
INFO: Starting service Catalina
Nov 24, 2014 7:35:19 PM org.apache.catalina.core.StandardEngine start
INFO: Starting Servlet Engine: Apache Tomcat/6.0.35
Nov 24, 2014 7:35:19 PM org.apache.catalina.startup.HostConfig deployDirectory
INFO: Deploying web application directory proj1
Nov 24, 2014 7:35:19 PM org.apache.catalina.loader.WebappClassLoader validateJarFile
INFO: validateJarFile(/cshome/satodd/catalina/webapps/proj1/WEB-INF/lib/servlet-api.jar) - jar not loaded. See Servlet Spec 2.3, section 9.7.2. Offending class: javax/servlet/Servlet.class
Nov 24, 2014 7:35:19 PM org.apache.catalina.startup.HostConfig deployDirectory
INFO: Deploying web application directory ROOT
Nov 24, 2014 7:35:19 PM org.apache.coyote.http11.Http11Protocol start
INFO: Starting Coyote HTTP/1.1 on http-16460
Nov 24, 2014 7:35:19 PM org.apache.jk.common.ChannelSocket init
INFO: JK: ajp13 listening on /0.0.0.0:8009
Nov 24, 2014 7:35:19 PM org.apache.jk.server.JkMain start
INFO: Jk running ID=0 time=1/13  config=null
Nov 24, 2014 7:35:19 PM org.apache.catalina.startup.Catalina start
INFO: Server startup in 303 ms
Nov 24, 2014 7:36:32 PM org.apache.coyote.http11.Http11Protocol pause
INFO: Pausing Coyote HTTP/1.1 on http-16460
Nov 24, 2014 7:36:33 PM org.apache.catalina.core.StandardService stop
INFO: Stopping service Catalina
Nov 24, 2014 7:36:33 PM org.apache.catalina.loader.WebappClassLoader clearReferencesJdbc
SEVERE: The web application [/proj1] registered the JDBC driver [oracle.jdbc.OracleDriver] but failed to unregister it when the web application was stopped. To prevent a memory leak, the JDBC Driver has been forcibly unregistered.
Nov 24, 2014 7:36:33 PM org.apache.coyote.http11.Http11Protocol destroy
INFO: Stopping Coyote HTTP/1.1 on http-16460
